[1.008s] Invoking command in '/home/ys/ys_ws/build/robot_service': PYTHONPATH=/home/ys/ys_ws/install/robot_service/lib/python3.8/site-packages:${PYTHONPATH} /usr/bin/python3 setup.py develop --prefix /home/ys/ys_ws/install/robot_service --editable --build-directory /home/ys/ys_ws/build/robot_service/build --no-deps install_data --install-dir /home/ys/ys_ws/install/robot_service
[1.520s] running develop
[1.745s] running egg_info
[1.745s] writing robot_service.egg-info/PKG-INFO
[1.750s] writing dependency_links to robot_service.egg-info/dependency_links.txt
[1.750s] writing entry points to robot_service.egg-info/entry_points.txt
[1.751s] writing requirements to robot_service.egg-info/requires.txt
[1.751s] writing top-level names to robot_service.egg-info/top_level.txt
[1.803s] reading manifest file 'robot_service.egg-info/SOURCES.txt'
[1.810s] writing manifest file 'robot_service.egg-info/SOURCES.txt'
[1.859s] running build_ext
[1.860s] Creating /home/ys/ys_ws/install/robot_service/lib/python3.8/site-packages/robot-service.egg-link (link to .)
[1.862s] Installing pub script to /home/ys/ys_ws/install/robot_service/lib/robot_service
[1.863s] Installing sub script to /home/ys/ys_ws/install/robot_service/lib/robot_service
[1.865s] 
[1.866s] Installed /home/ys/ys_ws/build/robot_service
[1.866s] running install_data
[1.866s] copying resource/robot_service -> /home/ys/ys_ws/install/robot_service/share/ament_index/resource_index/packages
[1.867s] copying package.xml -> /home/ys/ys_ws/install/robot_service/share/robot_service
[1.889s] Invoked command in '/home/ys/ys_ws/build/robot_service' returned '0': PYTHONPATH=/home/ys/ys_ws/install/robot_service/lib/python3.8/site-packages:${PYTHONPATH} /usr/bin/python3 setup.py develop --prefix /home/ys/ys_ws/install/robot_service --editable --build-directory /home/ys/ys_ws/build/robot_service/build --no-deps install_data --install-dir /home/ys/ys_ws/install/robot_service
