[0.051s] Invoking command in '/home/ys/ys_ws/build/tutorial_interfaces': CMAKE_PREFIX_PATH=${CMAKE_PREFIX_PATH}:/home/ys/ys_ws/install/robot_service:/home/ys/ys_ws/install/robot_info:/home/ys/turtlebot3_ws/install/turtlebot3_teleop:/home/ys/turtlebot3_ws/install/turtlebot3_example:/home/ys/study_ws/install/topic_service_action_rclpy_example:/home/ys/study_ws/install/time_rclpy_example:/home/ys/study_ws/install/tf2_rclpy_example:/home/ys/study_ws/install/ros2env:/home/ys/study_ws/install/my_first_ros_rclpy_pkg:/home/ys/study_ws/install/logging_rclpy_example:/home/ys/db_ws/install/examples_rclpy_minimal_subscriber:/home/ys/db_ws/install/db_subscriber:/home/ys/ros2swarm/install/ros2swarm:/home/ys/ros2swarm/install/multi:/home/ys/ros2swarm/install/launch_turtlebot_gazebo:/opt/ros/foxy /usr/bin/cmake --build /home/ys/ys_ws/build/tutorial_interfaces -- -j2 -l2
[0.104s] -- Found ament_cmake: 0.9.9 (/opt/ros/foxy/share/ament_cmake/cmake)
[0.199s] -- Found PythonInterp: /usr/bin/python3 (found suitable version "3.8.10", minimum required is "3") 
[0.199s] -- Using PYTHON_EXECUTABLE: /usr/bin/python3
[0.430s] -- Override CMake install command with custom implementation using symlinks instead of copying resources
[0.439s] -- Found ament_lint_auto: 0.9.6 (/opt/ros/foxy/share/ament_lint_auto/cmake)
[0.634s] -- Found rosidl_default_generators: 1.0.1 (/opt/ros/foxy/share/rosidl_default_generators/cmake)
[0.666s] -- Using all available rosidl_typesupport_c: rosidl_typesupport_fastrtps_c;rosidl_typesupport_introspection_c
[0.684s] -- Found rosidl_adapter: 1.2.1 (/opt/ros/foxy/share/rosidl_adapter/cmake)
[0.884s] -- Using all available rosidl_typesupport_cpp: rosidl_typesupport_fastrtps_cpp;rosidl_typesupport_introspection_cpp
[0.961s] -- Found PythonInterp: /usr/bin/python3 (found version "3.8.10") 
[1.077s] CMake Error at /opt/ros/foxy/share/rosidl_cmake/cmake/rosidl_generate_interfaces.cmake:162 (message):
[1.077s]   rosidl_generate_interfaces() the passed dependency 'builtin_interfaces' has
[1.078s]   not been found before using find_package()
[1.078s] Call Stack (most recent call first):
[1.078s]   CMakeLists.txt:37 (rosidl_generate_interfaces)
[1.078s] 
[1.078s] 
[1.078s] -- Configuring incomplete, errors occurred!
[1.078s] See also "/home/ys/ys_ws/build/tutorial_interfaces/CMakeFiles/CMakeOutput.log".
[1.084s] make: *** [Makefile:988: cmake_check_build_system] Error 1
[1.091s] Invoked command in '/home/ys/ys_ws/build/tutorial_interfaces' returned '2': CMAKE_PREFIX_PATH=${CMAKE_PREFIX_PATH}:/home/ys/ys_ws/install/robot_service:/home/ys/ys_ws/install/robot_info:/home/ys/turtlebot3_ws/install/turtlebot3_teleop:/home/ys/turtlebot3_ws/install/turtlebot3_example:/home/ys/study_ws/install/topic_service_action_rclpy_example:/home/ys/study_ws/install/time_rclpy_example:/home/ys/study_ws/install/tf2_rclpy_example:/home/ys/study_ws/install/ros2env:/home/ys/study_ws/install/my_first_ros_rclpy_pkg:/home/ys/study_ws/install/logging_rclpy_example:/home/ys/db_ws/install/examples_rclpy_minimal_subscriber:/home/ys/db_ws/install/db_subscriber:/home/ys/ros2swarm/install/ros2swarm:/home/ys/ros2swarm/install/multi:/home/ys/ros2swarm/install/launch_turtlebot_gazebo:/opt/ros/foxy /usr/bin/cmake --build /home/ys/ys_ws/build/tutorial_interfaces -- -j2 -l2
