[0.132s] DEBUG:colcon:Command line arguments: ['/usr/bin/colcon', 'build', '--symlink-install']
[0.132s] DEBUG:colcon:Parsed command line arguments: Namespace(allow_overriding=[], ament_cmake_args=None, base_paths=['.'], build_base='build', catkin_cmake_args=None, catkin_skip_building_tests=False, cmake_args=None, cmake_clean_cache=False, cmake_clean_first=False, cmake_force_configure=False, cmake_target=None, cmake_target_skip_unavailable=False, continue_on_error=False, event_handlers=None, executor='parallel', ignore_user_meta=False, install_base='install', log_base=None, log_level=None, main=<bound method BuildVerb.main of <colcon_core.verb.build.BuildVerb object at 0x7fa95d98ce20>>, merge_install=False, metas=['./colcon.meta'], packages_above=None, packages_above_and_dependencies=None, packages_above_depth=None, packages_end=None, packages_ignore=None, packages_ignore_regex=None, packages_select=None, packages_select_build_failed=False, packages_select_by_dep=None, packages_select_regex=None, packages_select_test_failures=False, packages_skip=None, packages_skip_build_finished=False, packages_skip_by_dep=None, packages_skip_regex=None, packages_skip_test_passed=False, packages_skip_up_to=None, packages_start=None, packages_up_to=None, packages_up_to_regex=None, parallel_workers=2, paths=None, symlink_install=True, test_result_base=None, verb_extension=<colcon_core.verb.build.BuildVerb object at 0x7fa95d98ce20>, verb_name='build', verb_parser=<colcon_defaults.argument_parser.defaults.DefaultArgumentsDecorator object at 0x7fa95d9983d0>)
[0.158s] Level 1:colcon.colcon_core.package_discovery:discover_packages(colcon_meta) check parameters
[0.158s] Level 1:colcon.colcon_core.package_discovery:discover_packages(recursive) check parameters
[0.158s] Level 1:colcon.colcon_core.package_discovery:discover_packages(ignore) check parameters
[0.158s] Level 1:colcon.colcon_core.package_discovery:discover_packages(path) check parameters
[0.158s] Level 1:colcon.colcon_core.package_discovery:discover_packages(colcon_meta) discover
[0.158s] Level 1:colcon.colcon_core.package_discovery:discover_packages(recursive) discover
[0.158s] INFO:colcon.colcon_core.package_discovery:Crawling recursively for packages in '/home/ys/ys_ws'
[0.158s] Level 1:colcon.colcon_core.package_identification:_identify(.) by extensions ['ignore', 'ignore_ament_install']
[0.159s] Level 1:colcon.colcon_core.package_identification:_identify(.) by extension 'ignore'
[0.159s] Level 1:colcon.colcon_core.package_identification:_identify(.) by extension 'ignore_ament_install'
[0.159s] Level 1:colcon.colcon_core.package_identification:_identify(.) by extensions ['colcon_pkg']
[0.159s] Level 1:colcon.colcon_core.package_identification:_identify(.) by extension 'colcon_pkg'
[0.159s] Level 1:colcon.colcon_core.package_identification:_identify(.) by extensions ['colcon_meta']
[0.159s] Level 1:colcon.colcon_core.package_identification:_identify(.) by extension 'colcon_meta'
[0.159s] Level 1:colcon.colcon_core.package_identification:_identify(.) by extensions ['ros']
[0.159s] Level 1:colcon.colcon_core.package_identification:_identify(.) by extension 'ros'
[0.173s] Level 1:colcon.colcon_core.package_identification:_identify(.) by extensions ['cmake', 'python']
[0.173s] Level 1:colcon.colcon_core.package_identification:_identify(.) by extension 'cmake'
[0.174s] Level 1:colcon.colcon_core.package_identification:_identify(.) by extension 'python'
[0.174s] Level 1:colcon.colcon_core.package_identification:_identify(.) by extensions ['python_setup_py']
[0.174s] Level 1:colcon.colcon_core.package_identification:_identify(.) by extension 'python_setup_py'
[0.174s] Level 1:colcon.colcon_core.package_identification:_identify(build) by extensions ['ignore', 'ignore_ament_install']
[0.174s] Level 1:colcon.colcon_core.package_identification:_identify(build) by extension 'ignore'
[0.174s] Level 1:colcon.colcon_core.package_identification:_identify(build) ignored
[0.174s] Level 1:colcon.colcon_core.package_identification:_identify(install) by extensions ['ignore', 'ignore_ament_install']
[0.174s] Level 1:colcon.colcon_core.package_identification:_identify(install) by extension 'ignore'
[0.174s] Level 1:colcon.colcon_core.package_identification:_identify(install) ignored
[0.174s] Level 1:colcon.colcon_core.package_identification:_identify(log) by extensions ['ignore', 'ignore_ament_install']
[0.174s] Level 1:colcon.colcon_core.package_identification:_identify(log) by extension 'ignore'
[0.174s] Level 1:colcon.colcon_core.package_identification:_identify(log) ignored
[0.174s] Level 1:colcon.colcon_core.package_identification:_identify(src) by extensions ['ignore', 'ignore_ament_install']
[0.175s] Level 1:colcon.colcon_core.package_identification:_identify(src) by extension 'ignore'
[0.175s] Level 1:colcon.colcon_core.package_identification:_identify(src) by extension 'ignore_ament_install'
[0.175s] Level 1:colcon.colcon_core.package_identification:_identify(src) by extensions ['colcon_pkg']
[0.175s] Level 1:colcon.colcon_core.package_identification:_identify(src) by extension 'colcon_pkg'
[0.175s] Level 1:colcon.colcon_core.package_identification:_identify(src) by extensions ['colcon_meta']
[0.175s] Level 1:colcon.colcon_core.package_identification:_identify(src) by extension 'colcon_meta'
[0.175s] Level 1:colcon.colcon_core.package_identification:_identify(src) by extensions ['ros']
[0.175s] Level 1:colcon.colcon_core.package_identification:_identify(src) by extension 'ros'
[0.175s] Level 1:colcon.colcon_core.package_identification:_identify(src) by extensions ['cmake', 'python']
[0.175s] Level 1:colcon.colcon_core.package_identification:_identify(src) by extension 'cmake'
[0.175s] Level 1:colcon.colcon_core.package_identification:_identify(src) by extension 'python'
[0.175s] Level 1:colcon.colcon_core.package_identification:_identify(src) by extensions ['python_setup_py']
[0.175s] Level 1:colcon.colcon_core.package_identification:_identify(src) by extension 'python_setup_py'
[0.175s] Level 1:colcon.colcon_core.package_identification:_identify(src/robot_info) by extensions ['ignore', 'ignore_ament_install']
[0.175s] Level 1:colcon.colcon_core.package_identification:_identify(src/robot_info) by extension 'ignore'
[0.175s] Level 1:colcon.colcon_core.package_identification:_identify(src/robot_info) by extension 'ignore_ament_install'
[0.175s] Level 1:colcon.colcon_core.package_identification:_identify(src/robot_info) by extensions ['colcon_pkg']
[0.175s] Level 1:colcon.colcon_core.package_identification:_identify(src/robot_info) by extension 'colcon_pkg'
[0.175s] Level 1:colcon.colcon_core.package_identification:_identify(src/robot_info) by extensions ['colcon_meta']
[0.175s] Level 1:colcon.colcon_core.package_identification:_identify(src/robot_info) by extension 'colcon_meta'
[0.175s] Level 1:colcon.colcon_core.package_identification:_identify(src/robot_info) by extensions ['ros']
[0.175s] Level 1:colcon.colcon_core.package_identification:_identify(src/robot_info) by extension 'ros'
[0.177s] DEBUG:colcon.colcon_core.package_identification:Package 'src/robot_info' with type 'ros.ament_python' and name 'robot_info'
[0.178s] Level 1:colcon.colcon_core.package_identification:_identify(src/robot_service) by extensions ['ignore', 'ignore_ament_install']
[0.178s] Level 1:colcon.colcon_core.package_identification:_identify(src/robot_service) by extension 'ignore'
[0.178s] Level 1:colcon.colcon_core.package_identification:_identify(src/robot_service) by extension 'ignore_ament_install'
[0.178s] Level 1:colcon.colcon_core.package_identification:_identify(src/robot_service) by extensions ['colcon_pkg']
[0.178s] Level 1:colcon.colcon_core.package_identification:_identify(src/robot_service) by extension 'colcon_pkg'
[0.178s] Level 1:colcon.colcon_core.package_identification:_identify(src/robot_service) by extensions ['colcon_meta']
[0.178s] Level 1:colcon.colcon_core.package_identification:_identify(src/robot_service) by extension 'colcon_meta'
[0.178s] Level 1:colcon.colcon_core.package_identification:_identify(src/robot_service) by extensions ['ros']
[0.178s] Level 1:colcon.colcon_core.package_identification:_identify(src/robot_service) by extension 'ros'
[0.178s] DEBUG:colcon.colcon_core.package_identification:Package 'src/robot_service' with type 'ros.ament_python' and name 'robot_service'
[0.179s] Level 1:colcon.colcon_core.package_identification:_identify(src/tutorial_interfaces) by extensions ['ignore', 'ignore_ament_install']
[0.179s] Level 1:colcon.colcon_core.package_identification:_identify(src/tutorial_interfaces) by extension 'ignore'
[0.179s] Level 1:colcon.colcon_core.package_identification:_identify(src/tutorial_interfaces) by extension 'ignore_ament_install'
[0.179s] Level 1:colcon.colcon_core.package_identification:_identify(src/tutorial_interfaces) by extensions ['colcon_pkg']
[0.179s] Level 1:colcon.colcon_core.package_identification:_identify(src/tutorial_interfaces) by extension 'colcon_pkg'
[0.179s] Level 1:colcon.colcon_core.package_identification:_identify(src/tutorial_interfaces) by extensions ['colcon_meta']
[0.179s] Level 1:colcon.colcon_core.package_identification:_identify(src/tutorial_interfaces) by extension 'colcon_meta'
[0.179s] Level 1:colcon.colcon_core.package_identification:_identify(src/tutorial_interfaces) by extensions ['ros']
[0.179s] Level 1:colcon.colcon_core.package_identification:_identify(src/tutorial_interfaces) by extension 'ros'
[0.179s] DEBUG:colcon.colcon_core.package_identification:Package 'src/tutorial_interfaces' with type 'ros.ament_cmake' and name 'tutorial_interfaces'
[0.179s] Level 1:colcon.colcon_core.package_discovery:discover_packages(recursive) using defaults
[0.179s] Level 1:colcon.colcon_core.package_discovery:discover_packages(ignore) discover
[0.180s] Level 1:colcon.colcon_core.package_discovery:discover_packages(ignore) using defaults
[0.180s] Level 1:colcon.colcon_core.package_discovery:discover_packages(path) discover
[0.180s] Level 1:colcon.colcon_core.package_discovery:discover_packages(path) using defaults
[0.207s] Level 1:colcon.colcon_core.package_discovery:discover_packages(prefix_path) check parameters
[0.207s] Level 1:colcon.colcon_core.package_discovery:discover_packages(prefix_path) discover
[0.210s] DEBUG:colcon.colcon_installed_package_information.package_discovery:Found 4 installed packages in /home/ys/ys_ws/install
[0.211s] DEBUG:colcon.colcon_installed_package_information.package_discovery:Found 13 installed packages in /home/ys/study_ws/install
[0.212s] DEBUG:colcon.colcon_installed_package_information.package_discovery:Found 2 installed packages in /home/ys/db_ws/install
[0.213s] DEBUG:colcon.colcon_installed_package_information.package_discovery:Found 5 installed packages in /home/ys/ros2swarm/install
[0.214s] DEBUG:colcon.colcon_installed_package_information.package_discovery:Found 12 installed packages in /home/ys/turtlebot3_ws/install
[0.215s] DEBUG:colcon.colcon_installed_package_information.package_discovery:Found 341 installed packages in /opt/ros/foxy
[0.218s] Level 1:colcon.colcon_core.package_discovery:discover_packages(prefix_path) using defaults
[0.281s] Level 5:colcon.colcon_core.verb:set package 'robot_service' build argument 'cmake_args' from command line to 'None'
[0.281s] Level 5:colcon.colcon_core.verb:set package 'robot_service' build argument 'cmake_target' from command line to 'None'
[0.281s] Level 5:colcon.colcon_core.verb:set package 'robot_service' build argument 'cmake_target_skip_unavailable' from command line to 'False'
[0.281s] Level 5:colcon.colcon_core.verb:set package 'robot_service' build argument 'cmake_clean_cache' from command line to 'False'
[0.281s] Level 5:colcon.colcon_core.verb:set package 'robot_service' build argument 'cmake_clean_first' from command line to 'False'
[0.281s] Level 5:colcon.colcon_core.verb:set package 'robot_service' build argument 'cmake_force_configure' from command line to 'False'
[0.281s] Level 5:colcon.colcon_core.verb:set package 'robot_service' build argument 'ament_cmake_args' from command line to 'None'
[0.281s] Level 5:colcon.colcon_core.verb:set package 'robot_service' build argument 'catkin_cmake_args' from command line to 'None'
[0.281s] Level 5:colcon.colcon_core.verb:set package 'robot_service' build argument 'catkin_skip_building_tests' from command line to 'False'
[0.281s] DEBUG:colcon.colcon_core.verb:Building package 'robot_service' with the following arguments: {'ament_cmake_args': None, 'build_base': '/home/ys/ys_ws/build/robot_service', 'catkin_cmake_args': None, 'catkin_skip_building_tests': False, 'cmake_args': None, 'cmake_clean_cache': False, 'cmake_clean_first': False, 'cmake_force_configure': False, 'cmake_target': None, 'cmake_target_skip_unavailable': False, 'install_base': '/home/ys/ys_ws/install/robot_service', 'merge_install': False, 'path': '/home/ys/ys_ws/src/robot_service', 'symlink_install': True, 'test_result_base': None}
[0.282s] Level 5:colcon.colcon_core.verb:set package 'tutorial_interfaces' build argument 'cmake_args' from command line to 'None'
[0.282s] Level 5:colcon.colcon_core.verb:set package 'tutorial_interfaces' build argument 'cmake_target' from command line to 'None'
[0.282s] Level 5:colcon.colcon_core.verb:set package 'tutorial_interfaces' build argument 'cmake_target_skip_unavailable' from command line to 'False'
[0.282s] Level 5:colcon.colcon_core.verb:set package 'tutorial_interfaces' build argument 'cmake_clean_cache' from command line to 'False'
[0.282s] Level 5:colcon.colcon_core.verb:set package 'tutorial_interfaces' build argument 'cmake_clean_first' from command line to 'False'
[0.282s] Level 5:colcon.colcon_core.verb:set package 'tutorial_interfaces' build argument 'cmake_force_configure' from command line to 'False'
[0.282s] Level 5:colcon.colcon_core.verb:set package 'tutorial_interfaces' build argument 'ament_cmake_args' from command line to 'None'
[0.282s] Level 5:colcon.colcon_core.verb:set package 'tutorial_interfaces' build argument 'catkin_cmake_args' from command line to 'None'
[0.282s] Level 5:colcon.colcon_core.verb:set package 'tutorial_interfaces' build argument 'catkin_skip_building_tests' from command line to 'False'
[0.282s] DEBUG:colcon.colcon_core.verb:Building package 'tutorial_interfaces' with the following arguments: {'ament_cmake_args': None, 'build_base': '/home/ys/ys_ws/build/tutorial_interfaces', 'catkin_cmake_args': None, 'catkin_skip_building_tests': False, 'cmake_args': None, 'cmake_clean_cache': False, 'cmake_clean_first': False, 'cmake_force_configure': False, 'cmake_target': None, 'cmake_target_skip_unavailable': False, 'install_base': '/home/ys/ys_ws/install/tutorial_interfaces', 'merge_install': False, 'path': '/home/ys/ys_ws/src/tutorial_interfaces', 'symlink_install': True, 'test_result_base': None}
[0.283s] Level 5:colcon.colcon_core.verb:set package 'robot_info' build argument 'cmake_args' from command line to 'None'
[0.283s] Level 5:colcon.colcon_core.verb:set package 'robot_info' build argument 'cmake_target' from command line to 'None'
[0.283s] Level 5:colcon.colcon_core.verb:set package 'robot_info' build argument 'cmake_target_skip_unavailable' from command line to 'False'
[0.283s] Level 5:colcon.colcon_core.verb:set package 'robot_info' build argument 'cmake_clean_cache' from command line to 'False'
[0.283s] Level 5:colcon.colcon_core.verb:set package 'robot_info' build argument 'cmake_clean_first' from command line to 'False'
[0.283s] Level 5:colcon.colcon_core.verb:set package 'robot_info' build argument 'cmake_force_configure' from command line to 'False'
[0.283s] Level 5:colcon.colcon_core.verb:set package 'robot_info' build argument 'ament_cmake_args' from command line to 'None'
[0.283s] Level 5:colcon.colcon_core.verb:set package 'robot_info' build argument 'catkin_cmake_args' from command line to 'None'
[0.283s] Level 5:colcon.colcon_core.verb:set package 'robot_info' build argument 'catkin_skip_building_tests' from command line to 'False'
[0.283s] DEBUG:colcon.colcon_core.verb:Building package 'robot_info' with the following arguments: {'ament_cmake_args': None, 'build_base': '/home/ys/ys_ws/build/robot_info', 'catkin_cmake_args': None, 'catkin_skip_building_tests': False, 'cmake_args': None, 'cmake_clean_cache': False, 'cmake_clean_first': False, 'cmake_force_configure': False, 'cmake_target': None, 'cmake_target_skip_unavailable': False, 'install_base': '/home/ys/ys_ws/install/robot_info', 'merge_install': False, 'path': '/home/ys/ys_ws/src/robot_info', 'symlink_install': True, 'test_result_base': None}
[0.284s] INFO:colcon.colcon_core.executor:Executing jobs using 'parallel' executor
[0.287s] DEBUG:colcon.colcon_parallel_executor.executor.parallel:run_until_complete
[0.287s] INFO:colcon.colcon_ros.task.ament_cmake.build:Building ROS package in '/home/ys/ys_ws/src/tutorial_interfaces' with build type 'ament_cmake'
[0.287s] INFO:colcon.colcon_cmake.task.cmake.build:Building CMake package in '/home/ys/ys_ws/src/tutorial_interfaces'
[0.292s] INFO:colcon.colcon_core.plugin_system:Skipping extension 'colcon_core.shell.bat': Not used on non-Windows systems
[0.292s] INFO:colcon.colcon_core.shell:Skip shell extension 'powershell' for command environment: Not usable outside of PowerShell
[0.292s] DEBUG:colcon.colcon_core.shell:Skip shell extension 'dsv' for command environment
[0.304s] INFO:colcon.colcon_ros.task.ament_python.build:Building ROS package in '/home/ys/ys_ws/src/robot_service' with build type 'ament_python'
[0.304s] Level 1:colcon.colcon_core.shell:create_environment_hook('robot_service', 'ament_prefix_path')
[0.306s] INFO:colcon.colcon_core.shell:Creating environment hook '/home/ys/ys_ws/install/robot_service/share/robot_service/hook/ament_prefix_path.ps1'
[0.307s] INFO:colcon.colcon_core.shell:Creating environment descriptor '/home/ys/ys_ws/install/robot_service/share/robot_service/hook/ament_prefix_path.dsv'
[0.308s] INFO:colcon.colcon_core.shell:Creating environment hook '/home/ys/ys_ws/install/robot_service/share/robot_service/hook/ament_prefix_path.sh'
[0.310s] INFO:colcon.colcon_core.shell:Skip shell extension 'powershell' for command environment: Not usable outside of PowerShell
[0.310s] DEBUG:colcon.colcon_core.shell:Skip shell extension 'dsv' for command environment
[0.330s] DEBUG:colcon.colcon_core.event_handler.log_command:Invoking command in '/home/ys/ys_ws/build/tutorial_interfaces': CMAKE_PREFIX_PATH=${CMAKE_PREFIX_PATH}:/home/ys/ys_ws/install/robot_info:/home/ys/ys_ws/install/robot_service:/home/ys/turtlebot3_ws/install/turtlebot3_teleop:/home/ys/turtlebot3_ws/install/turtlebot3_example:/home/ys/study_ws/install/topic_service_action_rclpy_example:/home/ys/study_ws/install/time_rclpy_example:/home/ys/study_ws/install/tf2_rclpy_example:/home/ys/study_ws/install/ros2env:/home/ys/study_ws/install/my_first_ros_rclpy_pkg:/home/ys/study_ws/install/logging_rclpy_example:/home/ys/db_ws/install/examples_rclpy_minimal_subscriber:/home/ys/db_ws/install/db_subscriber:/home/ys/ros2swarm/install/ros2swarm:/home/ys/ros2swarm/install/multi:/home/ys/ros2swarm/install/launch_turtlebot_gazebo:/opt/ros/foxy /usr/bin/cmake --build /home/ys/ys_ws/build/tutorial_interfaces -- -j2 -l2
[0.635s] INFO:colcon.colcon_core.task.python.build:Building Python package in '/home/ys/ys_ws/src/robot_service'
[0.636s] INFO:colcon.colcon_core.shell:Skip shell extension 'powershell' for command environment: Not usable outside of PowerShell
[0.636s] DEBUG:colcon.colcon_core.shell:Skip shell extension 'dsv' for command environment
[0.959s] DEBUG:colcon.colcon_core.event_handler.log_command:Invoked command in '/home/ys/ys_ws/build/tutorial_interfaces' returned '0': CMAKE_PREFIX_PATH=${CMAKE_PREFIX_PATH}:/home/ys/ys_ws/install/robot_info:/home/ys/ys_ws/install/robot_service:/home/ys/turtlebot3_ws/install/turtlebot3_teleop:/home/ys/turtlebot3_ws/install/turtlebot3_example:/home/ys/study_ws/install/topic_service_action_rclpy_example:/home/ys/study_ws/install/time_rclpy_example:/home/ys/study_ws/install/tf2_rclpy_example:/home/ys/study_ws/install/ros2env:/home/ys/study_ws/install/my_first_ros_rclpy_pkg:/home/ys/study_ws/install/logging_rclpy_example:/home/ys/db_ws/install/examples_rclpy_minimal_subscriber:/home/ys/db_ws/install/db_subscriber:/home/ys/ros2swarm/install/ros2swarm:/home/ys/ros2swarm/install/multi:/home/ys/ros2swarm/install/launch_turtlebot_gazebo:/opt/ros/foxy /usr/bin/cmake --build /home/ys/ys_ws/build/tutorial_interfaces -- -j2 -l2
[1.238s] DEBUG:colcon.colcon_core.event_handler.log_command:Invoking command in '/home/ys/ys_ws/build/tutorial_interfaces': CMAKE_PREFIX_PATH=${CMAKE_PREFIX_PATH}:/home/ys/ys_ws/install/robot_info:/home/ys/ys_ws/install/robot_service:/home/ys/turtlebot3_ws/install/turtlebot3_teleop:/home/ys/turtlebot3_ws/install/turtlebot3_example:/home/ys/study_ws/install/topic_service_action_rclpy_example:/home/ys/study_ws/install/time_rclpy_example:/home/ys/study_ws/install/tf2_rclpy_example:/home/ys/study_ws/install/ros2env:/home/ys/study_ws/install/my_first_ros_rclpy_pkg:/home/ys/study_ws/install/logging_rclpy_example:/home/ys/db_ws/install/examples_rclpy_minimal_subscriber:/home/ys/db_ws/install/db_subscriber:/home/ys/ros2swarm/install/ros2swarm:/home/ys/ros2swarm/install/multi:/home/ys/ros2swarm/install/launch_turtlebot_gazebo:/opt/ros/foxy /usr/bin/cmake --install /home/ys/ys_ws/build/tutorial_interfaces
[1.333s] DEBUG:colcon.colcon_core.event_handler.log_command:Invoking command in '/home/ys/ys_ws/build/robot_service': PYTHONPATH=/home/ys/ys_ws/install/robot_service/lib/python3.8/site-packages:${PYTHONPATH} /usr/bin/python3 setup.py develop --prefix /home/ys/ys_ws/install/robot_service --editable --build-directory /home/ys/ys_ws/build/robot_service/build --no-deps install_data --install-dir /home/ys/ys_ws/install/robot_service
[1.429s] Level 1:colcon.colcon_core.environment:create_environment_scripts_only(tutorial_interfaces)
[1.434s] Level 1:colcon.colcon_core.environment:checking '/home/ys/ys_ws/install/tutorial_interfaces' for CMake module files
[1.434s] DEBUG:colcon.colcon_core.event_handler.log_command:Invoked command in '/home/ys/ys_ws/build/tutorial_interfaces' returned '0': CMAKE_PREFIX_PATH=${CMAKE_PREFIX_PATH}:/home/ys/ys_ws/install/robot_info:/home/ys/ys_ws/install/robot_service:/home/ys/turtlebot3_ws/install/turtlebot3_teleop:/home/ys/turtlebot3_ws/install/turtlebot3_example:/home/ys/study_ws/install/topic_service_action_rclpy_example:/home/ys/study_ws/install/time_rclpy_example:/home/ys/study_ws/install/tf2_rclpy_example:/home/ys/study_ws/install/ros2env:/home/ys/study_ws/install/my_first_ros_rclpy_pkg:/home/ys/study_ws/install/logging_rclpy_example:/home/ys/db_ws/install/examples_rclpy_minimal_subscriber:/home/ys/db_ws/install/db_subscriber:/home/ys/ros2swarm/install/ros2swarm:/home/ys/ros2swarm/install/multi:/home/ys/ros2swarm/install/launch_turtlebot_gazebo:/opt/ros/foxy /usr/bin/cmake --install /home/ys/ys_ws/build/tutorial_interfaces
[1.435s] Level 1:colcon.colcon_core.environment:checking '/home/ys/ys_ws/install/tutorial_interfaces' for CMake config files
[1.435s] Level 1:colcon.colcon_core.shell:create_environment_hook('tutorial_interfaces', 'cmake_prefix_path')
[1.440s] INFO:colcon.colcon_core.shell:Creating environment hook '/home/ys/ys_ws/install/tutorial_interfaces/share/tutorial_interfaces/hook/cmake_prefix_path.ps1'
[1.440s] INFO:colcon.colcon_core.shell:Creating environment descriptor '/home/ys/ys_ws/install/tutorial_interfaces/share/tutorial_interfaces/hook/cmake_prefix_path.dsv'
[1.441s] INFO:colcon.colcon_core.shell:Creating environment hook '/home/ys/ys_ws/install/tutorial_interfaces/share/tutorial_interfaces/hook/cmake_prefix_path.sh'
[1.442s] Level 1:colcon.colcon_core.environment:checking '/home/ys/ys_ws/install/tutorial_interfaces/lib'
[1.449s] Level 1:colcon.colcon_core.shell:create_environment_hook('tutorial_interfaces', 'ld_library_path_lib')
[1.450s] INFO:colcon.colcon_core.shell:Creating environment hook '/home/ys/ys_ws/install/tutorial_interfaces/share/tutorial_interfaces/hook/ld_library_path_lib.ps1'
[1.450s] INFO:colcon.colcon_core.shell:Creating environment descriptor '/home/ys/ys_ws/install/tutorial_interfaces/share/tutorial_interfaces/hook/ld_library_path_lib.dsv'
[1.451s] INFO:colcon.colcon_core.shell:Creating environment hook '/home/ys/ys_ws/install/tutorial_interfaces/share/tutorial_interfaces/hook/ld_library_path_lib.sh'
[1.452s] Level 1:colcon.colcon_core.environment:checking '/home/ys/ys_ws/install/tutorial_interfaces/bin'
[1.452s] Level 1:colcon.colcon_core.environment:checking '/home/ys/ys_ws/install/tutorial_interfaces/lib/pkgconfig/tutorial_interfaces.pc'
[1.452s] Level 1:colcon.colcon_core.environment:checking '/home/ys/ys_ws/install/tutorial_interfaces/lib/python3.8/site-packages'
[1.452s] Level 1:colcon.colcon_core.shell:create_environment_hook('tutorial_interfaces', 'pythonpath')
[1.453s] INFO:colcon.colcon_core.shell:Creating environment hook '/home/ys/ys_ws/install/tutorial_interfaces/share/tutorial_interfaces/hook/pythonpath.ps1'
[1.454s] INFO:colcon.colcon_core.shell:Creating environment descriptor '/home/ys/ys_ws/install/tutorial_interfaces/share/tutorial_interfaces/hook/pythonpath.dsv'
[1.454s] INFO:colcon.colcon_core.shell:Creating environment hook '/home/ys/ys_ws/install/tutorial_interfaces/share/tutorial_interfaces/hook/pythonpath.sh'
[1.455s] Level 1:colcon.colcon_core.environment:checking '/home/ys/ys_ws/install/tutorial_interfaces/bin'
[1.456s] INFO:colcon.colcon_core.shell:Creating package script '/home/ys/ys_ws/install/tutorial_interfaces/share/tutorial_interfaces/package.ps1'
[1.460s] INFO:colcon.colcon_core.shell:Creating package descriptor '/home/ys/ys_ws/install/tutorial_interfaces/share/tutorial_interfaces/package.dsv'
[1.461s] INFO:colcon.colcon_core.shell:Creating package script '/home/ys/ys_ws/install/tutorial_interfaces/share/tutorial_interfaces/package.sh'
[1.462s] INFO:colcon.colcon_core.shell:Creating package script '/home/ys/ys_ws/install/tutorial_interfaces/share/tutorial_interfaces/package.bash'
[1.462s] INFO:colcon.colcon_core.shell:Creating package script '/home/ys/ys_ws/install/tutorial_interfaces/share/tutorial_interfaces/package.zsh'
[1.467s] Level 1:colcon.colcon_core.environment:create_file_with_runtime_dependencies(/home/ys/ys_ws/install/tutorial_interfaces/share/colcon-core/packages/tutorial_interfaces)
[1.599s] Level 1:colcon.colcon_core.environment:create_environment_scripts_only(tutorial_interfaces)
[1.600s] Level 1:colcon.colcon_core.environment:checking '/home/ys/ys_ws/install/tutorial_interfaces' for CMake module files
[1.601s] Level 1:colcon.colcon_core.environment:checking '/home/ys/ys_ws/install/tutorial_interfaces' for CMake config files
[1.601s] Level 1:colcon.colcon_core.shell:create_environment_hook('tutorial_interfaces', 'cmake_prefix_path')
[1.602s] INFO:colcon.colcon_core.shell:Creating environment hook '/home/ys/ys_ws/install/tutorial_interfaces/share/tutorial_interfaces/hook/cmake_prefix_path.ps1'
[1.605s] INFO:colcon.colcon_core.shell:Creating environment descriptor '/home/ys/ys_ws/install/tutorial_interfaces/share/tutorial_interfaces/hook/cmake_prefix_path.dsv'
[1.607s] INFO:colcon.colcon_core.shell:Creating environment hook '/home/ys/ys_ws/install/tutorial_interfaces/share/tutorial_interfaces/hook/cmake_prefix_path.sh'
[1.607s] Level 1:colcon.colcon_core.environment:checking '/home/ys/ys_ws/install/tutorial_interfaces/lib'
[1.608s] Level 1:colcon.colcon_core.shell:create_environment_hook('tutorial_interfaces', 'ld_library_path_lib')
[1.610s] INFO:colcon.colcon_core.shell:Creating environment hook '/home/ys/ys_ws/install/tutorial_interfaces/share/tutorial_interfaces/hook/ld_library_path_lib.ps1'
[1.612s] INFO:colcon.colcon_core.shell:Creating environment descriptor '/home/ys/ys_ws/install/tutorial_interfaces/share/tutorial_interfaces/hook/ld_library_path_lib.dsv'
[1.613s] INFO:colcon.colcon_core.shell:Creating environment hook '/home/ys/ys_ws/install/tutorial_interfaces/share/tutorial_interfaces/hook/ld_library_path_lib.sh'
[1.614s] Level 1:colcon.colcon_core.environment:checking '/home/ys/ys_ws/install/tutorial_interfaces/bin'
[1.614s] Level 1:colcon.colcon_core.environment:checking '/home/ys/ys_ws/install/tutorial_interfaces/lib/pkgconfig/tutorial_interfaces.pc'
[1.614s] Level 1:colcon.colcon_core.environment:checking '/home/ys/ys_ws/install/tutorial_interfaces/lib/python3.8/site-packages'
[1.617s] Level 1:colcon.colcon_core.shell:create_environment_hook('tutorial_interfaces', 'pythonpath')
[1.618s] INFO:colcon.colcon_core.shell:Creating environment hook '/home/ys/ys_ws/install/tutorial_interfaces/share/tutorial_interfaces/hook/pythonpath.ps1'
[1.618s] INFO:colcon.colcon_core.shell:Creating environment descriptor '/home/ys/ys_ws/install/tutorial_interfaces/share/tutorial_interfaces/hook/pythonpath.dsv'
[1.618s] INFO:colcon.colcon_core.shell:Creating environment hook '/home/ys/ys_ws/install/tutorial_interfaces/share/tutorial_interfaces/hook/pythonpath.sh'
[1.619s] Level 1:colcon.colcon_core.environment:checking '/home/ys/ys_ws/install/tutorial_interfaces/bin'
[1.622s] INFO:colcon.colcon_core.shell:Creating package script '/home/ys/ys_ws/install/tutorial_interfaces/share/tutorial_interfaces/package.ps1'
[1.625s] INFO:colcon.colcon_core.shell:Creating package descriptor '/home/ys/ys_ws/install/tutorial_interfaces/share/tutorial_interfaces/package.dsv'
[1.626s] INFO:colcon.colcon_core.shell:Creating package script '/home/ys/ys_ws/install/tutorial_interfaces/share/tutorial_interfaces/package.sh'
[1.626s] INFO:colcon.colcon_core.shell:Creating package script '/home/ys/ys_ws/install/tutorial_interfaces/share/tutorial_interfaces/package.bash'
[1.627s] INFO:colcon.colcon_core.shell:Creating package script '/home/ys/ys_ws/install/tutorial_interfaces/share/tutorial_interfaces/package.zsh'
[1.627s] Level 1:colcon.colcon_core.environment:create_file_with_runtime_dependencies(/home/ys/ys_ws/install/tutorial_interfaces/share/colcon-core/packages/tutorial_interfaces)
[1.632s] INFO:colcon.colcon_ros.task.ament_python.build:Building ROS package in '/home/ys/ys_ws/src/robot_info' with build type 'ament_python'
[1.633s] Level 1:colcon.colcon_core.shell:create_environment_hook('robot_info', 'ament_prefix_path')
[1.634s] INFO:colcon.colcon_core.shell:Creating environment hook '/home/ys/ys_ws/install/robot_info/share/robot_info/hook/ament_prefix_path.ps1'
[1.635s] INFO:colcon.colcon_core.shell:Creating environment descriptor '/home/ys/ys_ws/install/robot_info/share/robot_info/hook/ament_prefix_path.dsv'
[1.635s] INFO:colcon.colcon_core.shell:Creating environment hook '/home/ys/ys_ws/install/robot_info/share/robot_info/hook/ament_prefix_path.sh'
[1.637s] INFO:colcon.colcon_core.shell:Skip shell extension 'powershell' for command environment: Not usable outside of PowerShell
[1.638s] DEBUG:colcon.colcon_core.shell:Skip shell extension 'dsv' for command environment
[2.130s] INFO:colcon.colcon_core.task.python.build:Building Python package in '/home/ys/ys_ws/src/robot_info'
[2.133s] INFO:colcon.colcon_core.shell:Skip shell extension 'powershell' for command environment: Not usable outside of PowerShell
[2.133s] DEBUG:colcon.colcon_core.shell:Skip shell extension 'dsv' for command environment
[2.197s] Level 1:colcon.colcon_core.shell:create_environment_hook('robot_service', 'pythonpath_develop')
[2.199s] INFO:colcon.colcon_core.shell:Creating environment hook '/home/ys/ys_ws/build/robot_service/share/robot_service/hook/pythonpath_develop.ps1'
[2.197s] DEBUG:colcon.colcon_core.event_handler.log_command:Invoked command in '/home/ys/ys_ws/build/robot_service' returned '0': PYTHONPATH=/home/ys/ys_ws/install/robot_service/lib/python3.8/site-packages:${PYTHONPATH} /usr/bin/python3 setup.py develop --prefix /home/ys/ys_ws/install/robot_service --editable --build-directory /home/ys/ys_ws/build/robot_service/build --no-deps install_data --install-dir /home/ys/ys_ws/install/robot_service
[2.199s] INFO:colcon.colcon_core.shell:Creating environment descriptor '/home/ys/ys_ws/build/robot_service/share/robot_service/hook/pythonpath_develop.dsv'
[2.200s] INFO:colcon.colcon_core.shell:Creating environment hook '/home/ys/ys_ws/build/robot_service/share/robot_service/hook/pythonpath_develop.sh'
[2.202s] Level 1:colcon.colcon_core.environment:checking '/home/ys/ys_ws/install/robot_service' for CMake module files
[2.202s] Level 1:colcon.colcon_core.environment:checking '/home/ys/ys_ws/install/robot_service' for CMake config files
[2.203s] Level 1:colcon.colcon_core.environment:checking '/home/ys/ys_ws/install/robot_service/lib'
[2.211s] Level 1:colcon.colcon_core.environment:checking '/home/ys/ys_ws/install/robot_service/bin'
[2.212s] Level 1:colcon.colcon_core.environment:checking '/home/ys/ys_ws/install/robot_service/lib/pkgconfig/robot_service.pc'
[2.212s] Level 1:colcon.colcon_core.environment:checking '/home/ys/ys_ws/install/robot_service/lib/python3.8/site-packages'
[2.212s] Level 1:colcon.colcon_core.shell:create_environment_hook('robot_service', 'pythonpath')
[2.213s] INFO:colcon.colcon_core.shell:Creating environment hook '/home/ys/ys_ws/install/robot_service/share/robot_service/hook/pythonpath.ps1'
[2.214s] INFO:colcon.colcon_core.shell:Creating environment descriptor '/home/ys/ys_ws/install/robot_service/share/robot_service/hook/pythonpath.dsv'
[2.214s] INFO:colcon.colcon_core.shell:Creating environment hook '/home/ys/ys_ws/install/robot_service/share/robot_service/hook/pythonpath.sh'
[2.215s] Level 1:colcon.colcon_core.environment:checking '/home/ys/ys_ws/install/robot_service/bin'
[2.215s] Level 1:colcon.colcon_core.environment:create_environment_scripts_only(robot_service)
[2.216s] INFO:colcon.colcon_core.shell:Creating package script '/home/ys/ys_ws/install/robot_service/share/robot_service/package.ps1'
[2.217s] INFO:colcon.colcon_core.shell:Creating package descriptor '/home/ys/ys_ws/install/robot_service/share/robot_service/package.dsv'
[2.217s] INFO:colcon.colcon_core.shell:Creating package script '/home/ys/ys_ws/install/robot_service/share/robot_service/package.sh'
[2.218s] INFO:colcon.colcon_core.shell:Creating package script '/home/ys/ys_ws/install/robot_service/share/robot_service/package.bash'
[2.218s] INFO:colcon.colcon_core.shell:Creating package script '/home/ys/ys_ws/install/robot_service/share/robot_service/package.zsh'
[2.219s] Level 1:colcon.colcon_core.environment:create_file_with_runtime_dependencies(/home/ys/ys_ws/install/robot_service/share/colcon-core/packages/robot_service)
[2.548s] DEBUG:colcon.colcon_core.event_handler.log_command:Invoking command in '/home/ys/ys_ws/build/robot_info': PYTHONPATH=/home/ys/ys_ws/install/robot_info/lib/python3.8/site-packages:/home/ys/ys_ws/install/tutorial_interfaces/lib/python3.8/site-packages:/home/ys/ys_ws/build/robot_info:/home/ys/ys_ws/install/robot_info/lib/python3.8/site-packages:/home/ys/ys_ws/build/robot_service:/home/ys/ys_ws/install/robot_service/lib/python3.8/site-packages:/home/ys/turtlebot3_ws/build/turtlebot3_teleop:/home/ys/turtlebot3_ws/install/turtlebot3_teleop/lib/python3.8/site-packages:/home/ys/turtlebot3_ws/build/turtlebot3_example:/home/ys/turtlebot3_ws/install/turtlebot3_example/lib/python3.8/site-packages:/home/ys/turtlebot3_ws/install/turtlebot3_msgs/lib/python3.8/site-packages:/home/ys/study_ws/build/topic_service_action_rclpy_example:/home/ys/study_ws/install/topic_service_action_rclpy_example/lib/python3.8/site-packages:/home/ys/study_ws/build/time_rclpy_example:/home/ys/study_ws/install/time_rclpy_example/lib/python3.8/site-packages:/home/ys/study_ws/build/tf2_rclpy_example:/home/ys/study_ws/install/tf2_rclpy_example/lib/python3.8/site-packages:/home/ys/study_ws/install/rqt_example/lib/python3.8/site-packages:/home/ys/study_ws/build/ros2env:/home/ys/study_ws/install/ros2env/lib/python3.8/site-packages:/home/ys/study_ws/build/my_first_ros_rclpy_pkg:/home/ys/study_ws/install/my_first_ros_rclpy_pkg/lib/python3.8/site-packages:/home/ys/study_ws/install/msg_srv_action_interface_example/lib/python3.8/site-packages:/home/ys/study_ws/build/logging_rclpy_example:/home/ys/study_ws/install/logging_rclpy_example/lib/python3.8/site-packages:/home/ys/db_ws/build/examples_rclpy_minimal_subscriber:/home/ys/db_ws/install/examples_rclpy_minimal_subscriber/lib/python3.8/site-packages:/home/ys/db_ws/build/db_subscriber:/home/ys/db_ws/install/db_subscriber/lib/python3.8/site-packages:/home/ys/ros2swarm/build/ros2swarm:/home/ys/ros2swarm/install/ros2swarm/lib/python3.8/site-packages:/home/ys/ros2swarm/build/multi:/home/ys/ros2swarm/install/multi/lib/python3.8/site-packages:/home/ys/ros2swarm/build/launch_turtlebot_gazebo:/home/ys/ros2swarm/install/launch_turtlebot_gazebo/lib/python3.8/site-packages:/home/ys/ros2swarm/install/communication_interfaces/lib/python3.8/site-packages:/opt/ros/foxy/lib/python3.8/site-packages /usr/bin/python3 setup.py develop --prefix /home/ys/ys_ws/install/robot_info --editable --build-directory /home/ys/ys_ws/build/robot_info/build --no-deps install_data --install-dir /home/ys/ys_ws/install/robot_info
[2.941s] Level 1:colcon.colcon_core.shell:create_environment_hook('robot_info', 'pythonpath_develop')
[2.942s] INFO:colcon.colcon_core.shell:Creating environment hook '/home/ys/ys_ws/build/robot_info/share/robot_info/hook/pythonpath_develop.ps1'
[2.941s] DEBUG:colcon.colcon_core.event_handler.log_command:Invoked command in '/home/ys/ys_ws/build/robot_info' returned '0': PYTHONPATH=/home/ys/ys_ws/install/robot_info/lib/python3.8/site-packages:/home/ys/ys_ws/install/tutorial_interfaces/lib/python3.8/site-packages:/home/ys/ys_ws/build/robot_info:/home/ys/ys_ws/install/robot_info/lib/python3.8/site-packages:/home/ys/ys_ws/build/robot_service:/home/ys/ys_ws/install/robot_service/lib/python3.8/site-packages:/home/ys/turtlebot3_ws/build/turtlebot3_teleop:/home/ys/turtlebot3_ws/install/turtlebot3_teleop/lib/python3.8/site-packages:/home/ys/turtlebot3_ws/build/turtlebot3_example:/home/ys/turtlebot3_ws/install/turtlebot3_example/lib/python3.8/site-packages:/home/ys/turtlebot3_ws/install/turtlebot3_msgs/lib/python3.8/site-packages:/home/ys/study_ws/build/topic_service_action_rclpy_example:/home/ys/study_ws/install/topic_service_action_rclpy_example/lib/python3.8/site-packages:/home/ys/study_ws/build/time_rclpy_example:/home/ys/study_ws/install/time_rclpy_example/lib/python3.8/site-packages:/home/ys/study_ws/build/tf2_rclpy_example:/home/ys/study_ws/install/tf2_rclpy_example/lib/python3.8/site-packages:/home/ys/study_ws/install/rqt_example/lib/python3.8/site-packages:/home/ys/study_ws/build/ros2env:/home/ys/study_ws/install/ros2env/lib/python3.8/site-packages:/home/ys/study_ws/build/my_first_ros_rclpy_pkg:/home/ys/study_ws/install/my_first_ros_rclpy_pkg/lib/python3.8/site-packages:/home/ys/study_ws/install/msg_srv_action_interface_example/lib/python3.8/site-packages:/home/ys/study_ws/build/logging_rclpy_example:/home/ys/study_ws/install/logging_rclpy_example/lib/python3.8/site-packages:/home/ys/db_ws/build/examples_rclpy_minimal_subscriber:/home/ys/db_ws/install/examples_rclpy_minimal_subscriber/lib/python3.8/site-packages:/home/ys/db_ws/build/db_subscriber:/home/ys/db_ws/install/db_subscriber/lib/python3.8/site-packages:/home/ys/ros2swarm/build/ros2swarm:/home/ys/ros2swarm/install/ros2swarm/lib/python3.8/site-packages:/home/ys/ros2swarm/build/multi:/home/ys/ros2swarm/install/multi/lib/python3.8/site-packages:/home/ys/ros2swarm/build/launch_turtlebot_gazebo:/home/ys/ros2swarm/install/launch_turtlebot_gazebo/lib/python3.8/site-packages:/home/ys/ros2swarm/install/communication_interfaces/lib/python3.8/site-packages:/opt/ros/foxy/lib/python3.8/site-packages /usr/bin/python3 setup.py develop --prefix /home/ys/ys_ws/install/robot_info --editable --build-directory /home/ys/ys_ws/build/robot_info/build --no-deps install_data --install-dir /home/ys/ys_ws/install/robot_info
[2.943s] INFO:colcon.colcon_core.shell:Creating environment descriptor '/home/ys/ys_ws/build/robot_info/share/robot_info/hook/pythonpath_develop.dsv'
[2.944s] INFO:colcon.colcon_core.shell:Creating environment hook '/home/ys/ys_ws/build/robot_info/share/robot_info/hook/pythonpath_develop.sh'
[2.946s] Level 1:colcon.colcon_core.environment:checking '/home/ys/ys_ws/install/robot_info' for CMake module files
[2.946s] Level 1:colcon.colcon_core.environment:checking '/home/ys/ys_ws/install/robot_info' for CMake config files
[2.946s] Level 1:colcon.colcon_core.environment:checking '/home/ys/ys_ws/install/robot_info/lib'
[2.947s] Level 1:colcon.colcon_core.environment:checking '/home/ys/ys_ws/install/robot_info/bin'
[2.947s] Level 1:colcon.colcon_core.environment:checking '/home/ys/ys_ws/install/robot_info/lib/pkgconfig/robot_info.pc'
[2.947s] Level 1:colcon.colcon_core.environment:checking '/home/ys/ys_ws/install/robot_info/lib/python3.8/site-packages'
[2.947s] Level 1:colcon.colcon_core.shell:create_environment_hook('robot_info', 'pythonpath')
[2.948s] INFO:colcon.colcon_core.shell:Creating environment hook '/home/ys/ys_ws/install/robot_info/share/robot_info/hook/pythonpath.ps1'
[2.948s] INFO:colcon.colcon_core.shell:Creating environment descriptor '/home/ys/ys_ws/install/robot_info/share/robot_info/hook/pythonpath.dsv'
[2.949s] INFO:colcon.colcon_core.shell:Creating environment hook '/home/ys/ys_ws/install/robot_info/share/robot_info/hook/pythonpath.sh'
[2.949s] Level 1:colcon.colcon_core.environment:checking '/home/ys/ys_ws/install/robot_info/bin'
[2.949s] Level 1:colcon.colcon_core.environment:create_environment_scripts_only(robot_info)
[2.950s] INFO:colcon.colcon_core.shell:Creating package script '/home/ys/ys_ws/install/robot_info/share/robot_info/package.ps1'
[2.951s] INFO:colcon.colcon_core.shell:Creating package descriptor '/home/ys/ys_ws/install/robot_info/share/robot_info/package.dsv'
[2.952s] INFO:colcon.colcon_core.shell:Creating package script '/home/ys/ys_ws/install/robot_info/share/robot_info/package.sh'
[2.952s] INFO:colcon.colcon_core.shell:Creating package script '/home/ys/ys_ws/install/robot_info/share/robot_info/package.bash'
[2.953s] INFO:colcon.colcon_core.shell:Creating package script '/home/ys/ys_ws/install/robot_info/share/robot_info/package.zsh'
[2.953s] Level 1:colcon.colcon_core.environment:create_file_with_runtime_dependencies(/home/ys/ys_ws/install/robot_info/share/colcon-core/packages/robot_info)
[2.954s] DEBUG:colcon.colcon_parallel_executor.executor.parallel:closing loop
[2.955s] DEBUG:colcon.colcon_parallel_executor.executor.parallel:loop closed
[2.955s] DEBUG:colcon.colcon_parallel_executor.executor.parallel:run_until_complete finished with '0'
[2.955s] DEBUG:colcon.colcon_core.event_reactor:joining thread
[2.961s] INFO:colcon.colcon_core.plugin_system:Skipping extension 'colcon_notification.desktop_notification.terminal_notifier': Not used on non-Darwin systems
[2.962s] INFO:colcon.colcon_core.plugin_system:Skipping extension 'colcon_notification.desktop_notification.win32': Not used on non-Windows systems
[2.962s] INFO:colcon.colcon_notification.desktop_notification:Sending desktop notification using 'notify2'
[2.976s] DEBUG:colcon.colcon_core.event_reactor:joined thread
[2.977s] INFO:colcon.colcon_core.shell:Creating prefix script '/home/ys/ys_ws/install/local_setup.ps1'
[2.978s] INFO:colcon.colcon_core.shell:Creating prefix util module '/home/ys/ys_ws/install/_local_setup_util_ps1.py'
[2.980s] INFO:colcon.colcon_core.shell:Creating prefix chain script '/home/ys/ys_ws/install/setup.ps1'
[2.982s] INFO:colcon.colcon_core.shell:Creating prefix script '/home/ys/ys_ws/install/local_setup.sh'
[2.983s] INFO:colcon.colcon_core.shell:Creating prefix util module '/home/ys/ys_ws/install/_local_setup_util_sh.py'
[2.983s] INFO:colcon.colcon_core.shell:Creating prefix chain script '/home/ys/ys_ws/install/setup.sh'
[2.988s] INFO:colcon.colcon_core.shell:Creating prefix script '/home/ys/ys_ws/install/local_setup.bash'
[2.989s] INFO:colcon.colcon_core.shell:Creating prefix chain script '/home/ys/ys_ws/install/setup.bash'
[2.991s] INFO:colcon.colcon_core.shell:Creating prefix script '/home/ys/ys_ws/install/local_setup.zsh'
[2.992s] INFO:colcon.colcon_core.shell:Creating prefix chain script '/home/ys/ys_ws/install/setup.zsh'
