-- Found ament_cmake: 0.9.9 (/opt/ros/foxy/share/ament_cmake/cmake)
-- Found PythonInterp: /usr/bin/python3 (found suitable version "3.8.10", minimum required is "3") 
-- Using PYTHON_EXECUTABLE: /usr/bin/python3
-- Override CMake install command with custom implementation using symlinks instead of copying resources
-- Found builtin_interfaces: 1.0.0 (/opt/ros/foxy/share/builtin_interfaces/cmake)
-- Using all available rosidl_typesupport_c: rosidl_typesupport_fastrtps_c;rosidl_typesupport_introspection_c
-- Found rosidl_adapter: 1.2.1 (/opt/ros/foxy/share/rosidl_adapter/cmake)
-- Using all available rosidl_typesupport_cpp: rosidl_typesupport_fastrtps_cpp;rosidl_typesupport_introspection_cpp
-- Found geometry_msgs: 2.0.5 (/opt/ros/foxy/share/geometry_msgs/cmake)
-- Found sensor_msgs: 2.0.5 (/opt/ros/foxy/share/sensor_msgs/cmake)
-- Found nav_msgs: 2.0.5 (/opt/ros/foxy/share/nav_msgs/cmake)
-- Found ament_lint_auto: 0.9.6 (/opt/ros/foxy/share/ament_lint_auto/cmake)
-- Found rosidl_default_generators: 1.0.1 (/opt/ros/foxy/share/rosidl_default_generators/cmake)
-- Found PythonInterp: /usr/bin/python3 (found version "3.8.10") 
-- Found ament_cmake_ros: 0.9.2 (/opt/ros/foxy/share/ament_cmake_ros/cmake)
-- Using all available rosidl_typesupport_c: rosidl_typesupport_fastrtps_c;rosidl_typesupport_introspection_c
-- Using all available rosidl_typesupport_cpp: rosidl_typesupport_fastrtps_cpp;rosidl_typesupport_introspection_cpp
-- Found PythonInterp: /usr/bin/python3 (found suitable version "3.8.10", minimum required is "3.5") 
-- Found python_cmake_module: 0.8.1 (/opt/ros/foxy/share/python_cmake_module/cmake)
-- Using PYTHON_EXECUTABLE: /usr/bin/python3
-- Using PYTHON_INCLUDE_DIRS: /usr/include/python3.8
-- Using PYTHON_LIBRARIES: /usr/lib/x86_64-linux-gnu/libpython3.8.so
-- Added test 'copyright' to check source files copyright and LICENSE
-- Added test 'lint_cmake' to check CMake code style
-- Added test 'xmllint' to check XML markup files
-- Configuring done
-- Generating done
-- Build files have been written to: /home/ys/ys_ws/build/tutorial_interfaces
[  2%] [32m[1mLinking C shared library libtutorial_interfaces__rosidl_generator_c.so[0m
[  5%] Built target tutorial_interfaces__cpp
[  7%] [32m[1mLinking CXX shared library libtutorial_interfaces__rosidl_typesupport_cpp.so[0m
[ 15%] Built target tutorial_interfaces__rosidl_generator_c
[ 23%] Built target tutorial_interfaces__rosidl_typesupport_cpp
[ 25%] [32m[1mLinking CXX shared library libtutorial_interfaces__rosidl_typesupport_fastrtps_cpp.so[0m
[ 28%] [32m[1mLinking C shared library libtutorial_interfaces__rosidl_typesupport_introspection_c.so[0m
[ 35%] Built target tutorial_interfaces__rosidl_typesupport_introspection_c
[ 38%] [32m[1mLinking CXX shared library libtutorial_interfaces__rosidl_typesupport_c.so[0m
[ 46%] Built target tutorial_interfaces__rosidl_typesupport_fastrtps_cpp
[ 53%] Built target tutorial_interfaces__rosidl_typesupport_c
[ 56%] [32m[1mLinking CXX shared library libtutorial_interfaces__rosidl_typesupport_introspection_cpp.so[0m
[35m[1mScanning dependencies of target tutorial_interfaces__rosidl_typesupport_fastrtps_c[0m
[ 58%] [32mBuilding CXX object CMakeFiles/tutorial_interfaces__rosidl_typesupport_fastrtps_c.dir/rosidl_typesupport_fastrtps_c/tutorial_interfaces/msg/detail/robot_info__type_support_c.cpp.o[0m
[ 66%] Built target tutorial_interfaces__rosidl_typesupport_introspection_cpp
[ 69%] [32mBuilding CXX object CMakeFiles/tutorial_interfaces__rosidl_typesupport_fastrtps_c.dir/rosidl_typesupport_fastrtps_c/tutorial_interfaces/srv/detail/robot_info__type_support_c.cpp.o[0m
[ 71%] [32m[1mLinking CXX shared library libtutorial_interfaces__rosidl_typesupport_fastrtps_c.so[0m
[ 74%] Built target tutorial_interfaces__rosidl_typesupport_fastrtps_c
[ 74%] Built target tutorial_interfaces
[ 76%] Built target tutorial_interfaces__py
[ 79%] [32m[1mLinking C shared library rosidl_generator_py/tutorial_interfaces/libtutorial_interfaces__python.so[0m
[ 84%] Built target tutorial_interfaces__python
[ 87%] [32m[1mLinking C shared library rosidl_generator_py/tutorial_interfaces/tutorial_interfaces_s__rosidl_typesupport_introspection_c.cpython-38-x86_64-linux-gnu.so[0m
[ 89%] [32m[1mLinking C shared library rosidl_generator_py/tutorial_interfaces/tutorial_interfaces_s__rosidl_typesupport_c.cpython-38-x86_64-linux-gnu.so[0m
[ 92%] Built target tutorial_interfaces__rosidl_typesupport_c__pyext
[35m[1mScanning dependencies of target tutorial_interfaces__rosidl_typesupport_fastrtps_c__pyext[0m
[ 94%] [32mBuilding C object CMakeFiles/tutorial_interfaces__rosidl_typesupport_fastrtps_c__pyext.dir/rosidl_generator_py/tutorial_interfaces/_tutorial_interfaces_s.ep.rosidl_typesupport_fastrtps_c.c.o[0m
[ 97%] Built target tutorial_interfaces__rosidl_typesupport_introspection_c__pyext
[100%] [32m[1mLinking CXX shared library rosidl_generator_py/tutorial_interfaces/tutorial_interfaces_s__rosidl_typesupport_fastrtps_c.cpython-38-x86_64-linux-gnu.so[0m
[100%] Built target tutorial_interfaces__rosidl_typesupport_fastrtps_c__pyext
-- Install configuration: ""
-- Execute custom install script
-- Up-to-date symlink: /home/ys/ys_ws/install/tutorial_interfaces/share/ament_index/resource_index/rosidl_interfaces/tutorial_interfaces
-- Up-to-date symlink: /home/ys/ys_ws/install/tutorial_interfaces/include/tutorial_interfaces/msg/detail/robot_info__functions.h
-- Up-to-date symlink: /home/ys/ys_ws/install/tutorial_interfaces/include/tutorial_interfaces/msg/detail/robot_info__struct.h
-- Up-to-date symlink: /home/ys/ys_ws/install/tutorial_interfaces/include/tutorial_interfaces/msg/detail/robot_info__type_support.h
-- Up-to-date symlink: /home/ys/ys_ws/install/tutorial_interfaces/include/tutorial_interfaces/msg/robot_info.h
-- Up-to-date symlink: /home/ys/ys_ws/install/tutorial_interfaces/include/tutorial_interfaces/msg/rosidl_generator_c__visibility_control.h
-- Up-to-date symlink: /home/ys/ys_ws/install/tutorial_interfaces/include/tutorial_interfaces/srv/detail/robot_info__functions.h
-- Up-to-date symlink: /home/ys/ys_ws/install/tutorial_interfaces/include/tutorial_interfaces/srv/detail/robot_info__struct.h
-- Up-to-date symlink: /home/ys/ys_ws/install/tutorial_interfaces/include/tutorial_interfaces/srv/detail/robot_info__type_support.h
-- Up-to-date symlink: /home/ys/ys_ws/install/tutorial_interfaces/include/tutorial_interfaces/srv/robot_info.h
-- Up-to-date symlink: /home/ys/ys_ws/install/tutorial_interfaces/share/tutorial_interfaces/environment/library_path.sh
-- Up-to-date symlink: /home/ys/ys_ws/install/tutorial_interfaces/share/tutorial_interfaces/environment/library_path.dsv
-- Up-to-date symlink: /home/ys/ys_ws/install/tutorial_interfaces/include/tutorial_interfaces/msg/detail/robot_info__rosidl_typesupport_fastrtps_c.h
-- Up-to-date symlink: /home/ys/ys_ws/install/tutorial_interfaces/include/tutorial_interfaces/msg/rosidl_typesupport_fastrtps_c__visibility_control.h
-- Up-to-date symlink: /home/ys/ys_ws/install/tutorial_interfaces/include/tutorial_interfaces/srv/detail/robot_info__rosidl_typesupport_fastrtps_c.h
-- Up-to-date symlink: /home/ys/ys_ws/install/tutorial_interfaces/lib/libtutorial_interfaces__rosidl_typesupport_fastrtps_c.so
-- Up-to-date symlink: /home/ys/ys_ws/install/tutorial_interfaces/include/tutorial_interfaces/msg/detail/robot_info__rosidl_typesupport_fastrtps_cpp.hpp
-- Up-to-date symlink: /home/ys/ys_ws/install/tutorial_interfaces/include/tutorial_interfaces/msg/rosidl_typesupport_fastrtps_cpp__visibility_control.h
-- Up-to-date symlink: /home/ys/ys_ws/install/tutorial_interfaces/include/tutorial_interfaces/srv/detail/robot_info__rosidl_typesupport_fastrtps_cpp.hpp
-- Up-to-date symlink: /home/ys/ys_ws/install/tutorial_interfaces/lib/libtutorial_interfaces__rosidl_typesupport_fastrtps_cpp.so
-- Up-to-date symlink: /home/ys/ys_ws/install/tutorial_interfaces/include/tutorial_interfaces/msg/detail/robot_info__rosidl_typesupport_introspection_c.h
-- Up-to-date symlink: /home/ys/ys_ws/install/tutorial_interfaces/include/tutorial_interfaces/msg/rosidl_typesupport_introspection_c__visibility_control.h
-- Up-to-date symlink: /home/ys/ys_ws/install/tutorial_interfaces/include/tutorial_interfaces/srv/detail/robot_info__rosidl_typesupport_introspection_c.h
-- Up-to-date symlink: /home/ys/ys_ws/install/tutorial_interfaces/include/tutorial_interfaces/msg/detail/robot_info__builder.hpp
-- Up-to-date symlink: /home/ys/ys_ws/install/tutorial_interfaces/include/tutorial_interfaces/msg/detail/robot_info__struct.hpp
-- Up-to-date symlink: /home/ys/ys_ws/install/tutorial_interfaces/include/tutorial_interfaces/msg/detail/robot_info__traits.hpp
-- Up-to-date symlink: /home/ys/ys_ws/install/tutorial_interfaces/include/tutorial_interfaces/msg/robot_info.hpp
-- Up-to-date symlink: /home/ys/ys_ws/install/tutorial_interfaces/include/tutorial_interfaces/srv/detail/robot_info__builder.hpp
-- Up-to-date symlink: /home/ys/ys_ws/install/tutorial_interfaces/include/tutorial_interfaces/srv/detail/robot_info__struct.hpp
-- Up-to-date symlink: /home/ys/ys_ws/install/tutorial_interfaces/include/tutorial_interfaces/srv/detail/robot_info__traits.hpp
-- Up-to-date symlink: /home/ys/ys_ws/install/tutorial_interfaces/include/tutorial_interfaces/srv/robot_info.hpp
-- Up-to-date symlink: /home/ys/ys_ws/install/tutorial_interfaces/include/tutorial_interfaces/msg/detail/robot_info__rosidl_typesupport_introspection_cpp.hpp
-- Up-to-date symlink: /home/ys/ys_ws/install/tutorial_interfaces/include/tutorial_interfaces/srv/detail/robot_info__rosidl_typesupport_introspection_cpp.hpp
-- Up-to-date symlink: /home/ys/ys_ws/install/tutorial_interfaces/share/tutorial_interfaces/environment/pythonpath.sh
-- Up-to-date symlink: /home/ys/ys_ws/install/tutorial_interfaces/share/tutorial_interfaces/environment/pythonpath.dsv
-- Up-to-date symlink: /home/ys/ys_ws/install/tutorial_interfaces/lib/python3.8/site-packages/tutorial_interfaces/__init__.py
-- Up-to-date symlink: /home/ys/ys_ws/install/tutorial_interfaces/lib/python3.8/site-packages/tutorial_interfaces/msg/__init__.py
-- Up-to-date symlink: /home/ys/ys_ws/install/tutorial_interfaces/lib/python3.8/site-packages/tutorial_interfaces/msg/_robot_info.py
-- Up-to-date symlink: /home/ys/ys_ws/install/tutorial_interfaces/lib/python3.8/site-packages/tutorial_interfaces/srv/__init__.py
-- Up-to-date symlink: /home/ys/ys_ws/install/tutorial_interfaces/lib/python3.8/site-packages/tutorial_interfaces/srv/_robot_info.py
-- Up-to-date symlink: /home/ys/ys_ws/install/tutorial_interfaces/lib/python3.8/site-packages/tutorial_interfaces/tutorial_interfaces_s__rosidl_typesupport_fastrtps_c.cpython-38-x86_64-linux-gnu.so
-- Up-to-date symlink: /home/ys/ys_ws/install/tutorial_interfaces/lib/python3.8/site-packages/tutorial_interfaces/tutorial_interfaces_s__rosidl_typesupport_introspection_c.cpython-38-x86_64-linux-gnu.so
-- Up-to-date symlink: /home/ys/ys_ws/install/tutorial_interfaces/lib/python3.8/site-packages/tutorial_interfaces/tutorial_interfaces_s__rosidl_typesupport_c.cpython-38-x86_64-linux-gnu.so
-- Up-to-date symlink: /home/ys/ys_ws/install/tutorial_interfaces/lib/libtutorial_interfaces__python.so
-- Up-to-date symlink: /home/ys/ys_ws/install/tutorial_interfaces/share/tutorial_interfaces/msg/RobotInfo.idl
-- Up-to-date symlink: /home/ys/ys_ws/install/tutorial_interfaces/share/tutorial_interfaces/srv/RobotInfo.idl
-- Up-to-date symlink: /home/ys/ys_ws/install/tutorial_interfaces/share/tutorial_interfaces/msg/RobotInfo.msg
-- Up-to-date symlink: /home/ys/ys_ws/install/tutorial_interfaces/share/tutorial_interfaces/srv/RobotInfo.srv
-- Up-to-date symlink: /home/ys/ys_ws/install/tutorial_interfaces/share/tutorial_interfaces/srv/RobotInfo_Request.msg
-- Up-to-date symlink: /home/ys/ys_ws/install/tutorial_interfaces/share/tutorial_interfaces/srv/RobotInfo_Response.msg
-- Up-to-date symlink: /home/ys/ys_ws/install/tutorial_interfaces/share/ament_index/resource_index/package_run_dependencies/tutorial_interfaces
-- Up-to-date symlink: /home/ys/ys_ws/install/tutorial_interfaces/share/ament_index/resource_index/parent_prefix_path/tutorial_interfaces
-- Up-to-date symlink: /home/ys/ys_ws/install/tutorial_interfaces/share/tutorial_interfaces/environment/ament_prefix_path.sh
-- Up-to-date symlink: /home/ys/ys_ws/install/tutorial_interfaces/share/tutorial_interfaces/environment/ament_prefix_path.dsv
-- Up-to-date symlink: /home/ys/ys_ws/install/tutorial_interfaces/share/tutorial_interfaces/environment/path.sh
-- Up-to-date symlink: /home/ys/ys_ws/install/tutorial_interfaces/share/tutorial_interfaces/environment/path.dsv
-- Up-to-date symlink: /home/ys/ys_ws/install/tutorial_interfaces/share/tutorial_interfaces/local_setup.bash
-- Up-to-date symlink: /home/ys/ys_ws/install/tutorial_interfaces/share/tutorial_interfaces/local_setup.sh
-- Up-to-date symlink: /home/ys/ys_ws/install/tutorial_interfaces/share/tutorial_interfaces/local_setup.zsh
-- Up-to-date symlink: /home/ys/ys_ws/install/tutorial_interfaces/share/tutorial_interfaces/local_setup.dsv
-- Symlinking: /home/ys/ys_ws/install/tutorial_interfaces/share/tutorial_interfaces/package.dsv
-- Up-to-date symlink: /home/ys/ys_ws/install/tutorial_interfaces/share/ament_index/resource_index/packages/tutorial_interfaces
-- Up-to-date symlink: /home/ys/ys_ws/install/tutorial_interfaces/share/tutorial_interfaces/cmake/rosidl_cmake-extras.cmake
-- Up-to-date symlink: /home/ys/ys_ws/install/tutorial_interfaces/share/tutorial_interfaces/cmake/ament_cmake_export_dependencies-extras.cmake
-- Up-to-date symlink: /home/ys/ys_ws/install/tutorial_interfaces/share/tutorial_interfaces/cmake/ament_cmake_export_libraries-extras.cmake
-- Up-to-date symlink: /home/ys/ys_ws/install/tutorial_interfaces/share/tutorial_interfaces/cmake/ament_cmake_export_targets-extras.cmake
-- Up-to-date symlink: /home/ys/ys_ws/install/tutorial_interfaces/share/tutorial_interfaces/cmake/ament_cmake_export_include_directories-extras.cmake
-- Up-to-date symlink: /home/ys/ys_ws/install/tutorial_interfaces/share/tutorial_interfaces/cmake/rosidl_cmake_export_typesupport_libraries-extras.cmake
-- Up-to-date symlink: /home/ys/ys_ws/install/tutorial_interfaces/share/tutorial_interfaces/cmake/rosidl_cmake_export_typesupport_targets-extras.cmake
-- Up-to-date symlink: /home/ys/ys_ws/install/tutorial_interfaces/share/tutorial_interfaces/cmake/tutorial_interfacesConfig.cmake
-- Up-to-date symlink: /home/ys/ys_ws/install/tutorial_interfaces/share/tutorial_interfaces/cmake/tutorial_interfacesConfig-version.cmake
-- Up-to-date symlink: /home/ys/ys_ws/install/tutorial_interfaces/share/tutorial_interfaces/package.xml
-- Installing: /home/ys/ys_ws/install/tutorial_interfaces/lib/libtutorial_interfaces__rosidl_generator_c.so
-- Set runtime path of "/home/ys/ys_ws/install/tutorial_interfaces/lib/libtutorial_interfaces__rosidl_generator_c.so" to ""
-- Installing: /home/ys/ys_ws/install/tutorial_interfaces/lib/libtutorial_interfaces__rosidl_typesupport_introspection_c.so
-- Set runtime path of "/home/ys/ys_ws/install/tutorial_interfaces/lib/libtutorial_interfaces__rosidl_typesupport_introspection_c.so" to ""
-- Installing: /home/ys/ys_ws/install/tutorial_interfaces/lib/libtutorial_interfaces__rosidl_typesupport_c.so
-- Set runtime path of "/home/ys/ys_ws/install/tutorial_interfaces/lib/libtutorial_interfaces__rosidl_typesupport_c.so" to ""
-- Installing: /home/ys/ys_ws/install/tutorial_interfaces/lib/libtutorial_interfaces__rosidl_typesupport_introspection_cpp.so
-- Set runtime path of "/home/ys/ys_ws/install/tutorial_interfaces/lib/libtutorial_interfaces__rosidl_typesupport_introspection_cpp.so" to ""
-- Installing: /home/ys/ys_ws/install/tutorial_interfaces/lib/libtutorial_interfaces__rosidl_typesupport_cpp.so
-- Set runtime path of "/home/ys/ys_ws/install/tutorial_interfaces/lib/libtutorial_interfaces__rosidl_typesupport_cpp.so" to ""
Compiling '/home/ys/ys_ws/install/tutorial_interfaces/lib/python3.8/site-packages/tutorial_interfaces/__init__.py'...
-- Old export file "/home/ys/ys_ws/install/tutorial_interfaces/share/tutorial_interfaces/cmake/tutorial_interfaces__rosidl_generator_cExport.cmake" will be replaced.  Removing files [/home/ys/ys_ws/install/tutorial_interfaces/share/tutorial_interfaces/cmake/tutorial_interfaces__rosidl_generator_cExport-noconfig.cmake].
-- Installing: /home/ys/ys_ws/install/tutorial_interfaces/share/tutorial_interfaces/cmake/tutorial_interfaces__rosidl_generator_cExport.cmake
-- Installing: /home/ys/ys_ws/install/tutorial_interfaces/share/tutorial_interfaces/cmake/tutorial_interfaces__rosidl_generator_cExport-noconfig.cmake
-- Old export file "/home/ys/ys_ws/install/tutorial_interfaces/share/tutorial_interfaces/cmake/tutorial_interfaces__rosidl_typesupport_introspection_cExport.cmake" will be replaced.  Removing files [/home/ys/ys_ws/install/tutorial_interfaces/share/tutorial_interfaces/cmake/tutorial_interfaces__rosidl_typesupport_introspection_cExport-noconfig.cmake].
-- Installing: /home/ys/ys_ws/install/tutorial_interfaces/share/tutorial_interfaces/cmake/tutorial_interfaces__rosidl_typesupport_introspection_cExport.cmake
-- Installing: /home/ys/ys_ws/install/tutorial_interfaces/share/tutorial_interfaces/cmake/tutorial_interfaces__rosidl_typesupport_introspection_cExport-noconfig.cmake
-- Old export file "/home/ys/ys_ws/install/tutorial_interfaces/share/tutorial_interfaces/cmake/tutorial_interfaces__rosidl_typesupport_cExport.cmake" will be replaced.  Removing files [/home/ys/ys_ws/install/tutorial_interfaces/share/tutorial_interfaces/cmake/tutorial_interfaces__rosidl_typesupport_cExport-noconfig.cmake].
-- Installing: /home/ys/ys_ws/install/tutorial_interfaces/share/tutorial_interfaces/cmake/tutorial_interfaces__rosidl_typesupport_cExport.cmake
-- Installing: /home/ys/ys_ws/install/tutorial_interfaces/share/tutorial_interfaces/cmake/tutorial_interfaces__rosidl_typesupport_cExport-noconfig.cmake
-- Installing: /home/ys/ys_ws/install/tutorial_interfaces/share/tutorial_interfaces/cmake/tutorial_interfaces__rosidl_generator_cppExport.cmake
-- Old export file "/home/ys/ys_ws/install/tutorial_interfaces/share/tutorial_interfaces/cmake/tutorial_interfaces__rosidl_typesupport_introspection_cppExport.cmake" will be replaced.  Removing files [/home/ys/ys_ws/install/tutorial_interfaces/share/tutorial_interfaces/cmake/tutorial_interfaces__rosidl_typesupport_introspection_cppExport-noconfig.cmake].
-- Installing: /home/ys/ys_ws/install/tutorial_interfaces/share/tutorial_interfaces/cmake/tutorial_interfaces__rosidl_typesupport_introspection_cppExport.cmake
-- Installing: /home/ys/ys_ws/install/tutorial_interfaces/share/tutorial_interfaces/cmake/tutorial_interfaces__rosidl_typesupport_introspection_cppExport-noconfig.cmake
-- Old export file "/home/ys/ys_ws/install/tutorial_interfaces/share/tutorial_interfaces/cmake/tutorial_interfaces__rosidl_typesupport_cppExport.cmake" will be replaced.  Removing files [/home/ys/ys_ws/install/tutorial_interfaces/share/tutorial_interfaces/cmake/tutorial_interfaces__rosidl_typesupport_cppExport-noconfig.cmake].
-- Installing: /home/ys/ys_ws/install/tutorial_interfaces/share/tutorial_interfaces/cmake/tutorial_interfaces__rosidl_typesupport_cppExport.cmake
-- Installing: /home/ys/ys_ws/install/tutorial_interfaces/share/tutorial_interfaces/cmake/tutorial_interfaces__rosidl_typesupport_cppExport-noconfig.cmake
