[0.162s] DEBUG:colcon:Command line arguments: ['/usr/bin/colcon', 'build', '--symlink-install']
[0.162s] DEBUG:colcon:Parsed command line arguments: Namespace(allow_overriding=[], ament_cmake_args=None, base_paths=['.'], build_base='build', catkin_cmake_args=None, catkin_skip_building_tests=False, cmake_args=None, cmake_clean_cache=False, cmake_clean_first=False, cmake_force_configure=False, cmake_target=None, cmake_target_skip_unavailable=False, continue_on_error=False, event_handlers=None, executor='parallel', ignore_user_meta=False, install_base='install', log_base=None, log_level=None, main=<bound method BuildVerb.main of <colcon_core.verb.build.BuildVerb object at 0x7f8b4ee9d0d0>>, merge_install=False, metas=['./colcon.meta'], packages_above=None, packages_above_and_dependencies=None, packages_above_depth=None, packages_end=None, packages_ignore=None, packages_ignore_regex=None, packages_select=None, packages_select_build_failed=False, packages_select_by_dep=None, packages_select_regex=None, packages_select_test_failures=False, packages_skip=None, packages_skip_build_finished=False, packages_skip_by_dep=None, packages_skip_regex=None, packages_skip_test_passed=False, packages_skip_up_to=None, packages_start=None, packages_up_to=None, packages_up_to_regex=None, parallel_workers=2, paths=None, symlink_install=True, test_result_base=None, verb_extension=<colcon_core.verb.build.BuildVerb object at 0x7f8b4ee9d0d0>, verb_name='build', verb_parser=<colcon_defaults.argument_parser.defaults.DefaultArgumentsDecorator object at 0x7f8b4ee9d610>)
[0.189s] Level 1:colcon.colcon_core.package_discovery:discover_packages(colcon_meta) check parameters
[0.190s] Level 1:colcon.colcon_core.package_discovery:discover_packages(recursive) check parameters
[0.190s] Level 1:colcon.colcon_core.package_discovery:discover_packages(ignore) check parameters
[0.190s] Level 1:colcon.colcon_core.package_discovery:discover_packages(path) check parameters
[0.190s] Level 1:colcon.colcon_core.package_discovery:discover_packages(colcon_meta) discover
[0.190s] Level 1:colcon.colcon_core.package_discovery:discover_packages(recursive) discover
[0.190s] INFO:colcon.colcon_core.package_discovery:Crawling recursively for packages in '/home/ys/ys_ws'
[0.190s] Level 1:colcon.colcon_core.package_identification:_identify(.) by extensions ['ignore', 'ignore_ament_install']
[0.190s] Level 1:colcon.colcon_core.package_identification:_identify(.) by extension 'ignore'
[0.190s] Level 1:colcon.colcon_core.package_identification:_identify(.) by extension 'ignore_ament_install'
[0.190s] Level 1:colcon.colcon_core.package_identification:_identify(.) by extensions ['colcon_pkg']
[0.190s] Level 1:colcon.colcon_core.package_identification:_identify(.) by extension 'colcon_pkg'
[0.190s] Level 1:colcon.colcon_core.package_identification:_identify(.) by extensions ['colcon_meta']
[0.190s] Level 1:colcon.colcon_core.package_identification:_identify(.) by extension 'colcon_meta'
[0.190s] Level 1:colcon.colcon_core.package_identification:_identify(.) by extensions ['ros']
[0.190s] Level 1:colcon.colcon_core.package_identification:_identify(.) by extension 'ros'
[0.202s] Level 1:colcon.colcon_core.package_identification:_identify(.) by extensions ['cmake', 'python']
[0.202s] Level 1:colcon.colcon_core.package_identification:_identify(.) by extension 'cmake'
[0.202s] Level 1:colcon.colcon_core.package_identification:_identify(.) by extension 'python'
[0.202s] Level 1:colcon.colcon_core.package_identification:_identify(.) by extensions ['python_setup_py']
[0.202s] Level 1:colcon.colcon_core.package_identification:_identify(.) by extension 'python_setup_py'
[0.202s] Level 1:colcon.colcon_core.package_identification:_identify(build) by extensions ['ignore', 'ignore_ament_install']
[0.203s] Level 1:colcon.colcon_core.package_identification:_identify(build) by extension 'ignore'
[0.203s] Level 1:colcon.colcon_core.package_identification:_identify(build) ignored
[0.203s] Level 1:colcon.colcon_core.package_identification:_identify(install) by extensions ['ignore', 'ignore_ament_install']
[0.203s] Level 1:colcon.colcon_core.package_identification:_identify(install) by extension 'ignore'
[0.203s] Level 1:colcon.colcon_core.package_identification:_identify(install) ignored
[0.203s] Level 1:colcon.colcon_core.package_identification:_identify(log) by extensions ['ignore', 'ignore_ament_install']
[0.203s] Level 1:colcon.colcon_core.package_identification:_identify(log) by extension 'ignore'
[0.203s] Level 1:colcon.colcon_core.package_identification:_identify(log) ignored
[0.203s] Level 1:colcon.colcon_core.package_identification:_identify(src) by extensions ['ignore', 'ignore_ament_install']
[0.203s] Level 1:colcon.colcon_core.package_identification:_identify(src) by extension 'ignore'
[0.203s] Level 1:colcon.colcon_core.package_identification:_identify(src) by extension 'ignore_ament_install'
[0.204s] Level 1:colcon.colcon_core.package_identification:_identify(src) by extensions ['colcon_pkg']
[0.204s] Level 1:colcon.colcon_core.package_identification:_identify(src) by extension 'colcon_pkg'
[0.204s] Level 1:colcon.colcon_core.package_identification:_identify(src) by extensions ['colcon_meta']
[0.204s] Level 1:colcon.colcon_core.package_identification:_identify(src) by extension 'colcon_meta'
[0.204s] Level 1:colcon.colcon_core.package_identification:_identify(src) by extensions ['ros']
[0.204s] Level 1:colcon.colcon_core.package_identification:_identify(src) by extension 'ros'
[0.204s] Level 1:colcon.colcon_core.package_identification:_identify(src) by extensions ['cmake', 'python']
[0.204s] Level 1:colcon.colcon_core.package_identification:_identify(src) by extension 'cmake'
[0.204s] Level 1:colcon.colcon_core.package_identification:_identify(src) by extension 'python'
[0.204s] Level 1:colcon.colcon_core.package_identification:_identify(src) by extensions ['python_setup_py']
[0.204s] Level 1:colcon.colcon_core.package_identification:_identify(src) by extension 'python_setup_py'
[0.204s] Level 1:colcon.colcon_core.package_identification:_identify(src/robot_info) by extensions ['ignore', 'ignore_ament_install']
[0.204s] Level 1:colcon.colcon_core.package_identification:_identify(src/robot_info) by extension 'ignore'
[0.204s] Level 1:colcon.colcon_core.package_identification:_identify(src/robot_info) by extension 'ignore_ament_install'
[0.204s] Level 1:colcon.colcon_core.package_identification:_identify(src/robot_info) by extensions ['colcon_pkg']
[0.204s] Level 1:colcon.colcon_core.package_identification:_identify(src/robot_info) by extension 'colcon_pkg'
[0.204s] Level 1:colcon.colcon_core.package_identification:_identify(src/robot_info) by extensions ['colcon_meta']
[0.204s] Level 1:colcon.colcon_core.package_identification:_identify(src/robot_info) by extension 'colcon_meta'
[0.204s] Level 1:colcon.colcon_core.package_identification:_identify(src/robot_info) by extensions ['ros']
[0.205s] Level 1:colcon.colcon_core.package_identification:_identify(src/robot_info) by extension 'ros'
[0.206s] DEBUG:colcon.colcon_core.package_identification:Package 'src/robot_info' with type 'ros.ament_python' and name 'robot_info'
[0.206s] Level 1:colcon.colcon_core.package_identification:_identify(src/robot_service) by extensions ['ignore', 'ignore_ament_install']
[0.207s] Level 1:colcon.colcon_core.package_identification:_identify(src/robot_service) by extension 'ignore'
[0.207s] Level 1:colcon.colcon_core.package_identification:_identify(src/robot_service) by extension 'ignore_ament_install'
[0.207s] Level 1:colcon.colcon_core.package_identification:_identify(src/robot_service) by extensions ['colcon_pkg']
[0.207s] Level 1:colcon.colcon_core.package_identification:_identify(src/robot_service) by extension 'colcon_pkg'
[0.207s] Level 1:colcon.colcon_core.package_identification:_identify(src/robot_service) by extensions ['colcon_meta']
[0.207s] Level 1:colcon.colcon_core.package_identification:_identify(src/robot_service) by extension 'colcon_meta'
[0.207s] Level 1:colcon.colcon_core.package_identification:_identify(src/robot_service) by extensions ['ros']
[0.207s] Level 1:colcon.colcon_core.package_identification:_identify(src/robot_service) by extension 'ros'
[0.207s] DEBUG:colcon.colcon_core.package_identification:Package 'src/robot_service' with type 'ros.ament_python' and name 'robot_service'
[0.208s] Level 1:colcon.colcon_core.package_identification:_identify(src/tutorial_interfaces) by extensions ['ignore', 'ignore_ament_install']
[0.208s] Level 1:colcon.colcon_core.package_identification:_identify(src/tutorial_interfaces) by extension 'ignore'
[0.208s] Level 1:colcon.colcon_core.package_identification:_identify(src/tutorial_interfaces) by extension 'ignore_ament_install'
[0.208s] Level 1:colcon.colcon_core.package_identification:_identify(src/tutorial_interfaces) by extensions ['colcon_pkg']
[0.208s] Level 1:colcon.colcon_core.package_identification:_identify(src/tutorial_interfaces) by extension 'colcon_pkg'
[0.208s] Level 1:colcon.colcon_core.package_identification:_identify(src/tutorial_interfaces) by extensions ['colcon_meta']
[0.208s] Level 1:colcon.colcon_core.package_identification:_identify(src/tutorial_interfaces) by extension 'colcon_meta'
[0.208s] Level 1:colcon.colcon_core.package_identification:_identify(src/tutorial_interfaces) by extensions ['ros']
[0.208s] Level 1:colcon.colcon_core.package_identification:_identify(src/tutorial_interfaces) by extension 'ros'
[0.209s] DEBUG:colcon.colcon_core.package_identification:Package 'src/tutorial_interfaces' with type 'ros.ament_cmake' and name 'tutorial_interfaces'
[0.209s] Level 1:colcon.colcon_core.package_discovery:discover_packages(recursive) using defaults
[0.209s] Level 1:colcon.colcon_core.package_discovery:discover_packages(ignore) discover
[0.209s] Level 1:colcon.colcon_core.package_discovery:discover_packages(ignore) using defaults
[0.209s] Level 1:colcon.colcon_core.package_discovery:discover_packages(path) discover
[0.209s] Level 1:colcon.colcon_core.package_discovery:discover_packages(path) using defaults
[0.247s] Level 1:colcon.colcon_core.package_discovery:discover_packages(prefix_path) check parameters
[0.247s] Level 1:colcon.colcon_core.package_discovery:discover_packages(prefix_path) discover
[0.250s] DEBUG:colcon.colcon_installed_package_information.package_discovery:Found 3 installed packages in /home/ys/ys_ws/install
[0.251s] DEBUG:colcon.colcon_installed_package_information.package_discovery:Found 13 installed packages in /home/ys/study_ws/install
[0.252s] DEBUG:colcon.colcon_installed_package_information.package_discovery:Found 2 installed packages in /home/ys/db_ws/install
[0.253s] DEBUG:colcon.colcon_installed_package_information.package_discovery:Found 5 installed packages in /home/ys/ros2swarm/install
[0.254s] DEBUG:colcon.colcon_installed_package_information.package_discovery:Found 12 installed packages in /home/ys/turtlebot3_ws/install
[0.255s] DEBUG:colcon.colcon_installed_package_information.package_discovery:Found 341 installed packages in /opt/ros/foxy
[0.257s] Level 1:colcon.colcon_core.package_discovery:discover_packages(prefix_path) using defaults
[0.322s] Level 5:colcon.colcon_core.verb:set package 'robot_service' build argument 'cmake_args' from command line to 'None'
[0.322s] Level 5:colcon.colcon_core.verb:set package 'robot_service' build argument 'cmake_target' from command line to 'None'
[0.322s] Level 5:colcon.colcon_core.verb:set package 'robot_service' build argument 'cmake_target_skip_unavailable' from command line to 'False'
[0.322s] Level 5:colcon.colcon_core.verb:set package 'robot_service' build argument 'cmake_clean_cache' from command line to 'False'
[0.322s] Level 5:colcon.colcon_core.verb:set package 'robot_service' build argument 'cmake_clean_first' from command line to 'False'
[0.322s] Level 5:colcon.colcon_core.verb:set package 'robot_service' build argument 'cmake_force_configure' from command line to 'False'
[0.322s] Level 5:colcon.colcon_core.verb:set package 'robot_service' build argument 'ament_cmake_args' from command line to 'None'
[0.322s] Level 5:colcon.colcon_core.verb:set package 'robot_service' build argument 'catkin_cmake_args' from command line to 'None'
[0.322s] Level 5:colcon.colcon_core.verb:set package 'robot_service' build argument 'catkin_skip_building_tests' from command line to 'False'
[0.323s] DEBUG:colcon.colcon_core.verb:Building package 'robot_service' with the following arguments: {'ament_cmake_args': None, 'build_base': '/home/ys/ys_ws/build/robot_service', 'catkin_cmake_args': None, 'catkin_skip_building_tests': False, 'cmake_args': None, 'cmake_clean_cache': False, 'cmake_clean_first': False, 'cmake_force_configure': False, 'cmake_target': None, 'cmake_target_skip_unavailable': False, 'install_base': '/home/ys/ys_ws/install/robot_service', 'merge_install': False, 'path': '/home/ys/ys_ws/src/robot_service', 'symlink_install': True, 'test_result_base': None}
[0.323s] Level 5:colcon.colcon_core.verb:set package 'tutorial_interfaces' build argument 'cmake_args' from command line to 'None'
[0.323s] Level 5:colcon.colcon_core.verb:set package 'tutorial_interfaces' build argument 'cmake_target' from command line to 'None'
[0.323s] Level 5:colcon.colcon_core.verb:set package 'tutorial_interfaces' build argument 'cmake_target_skip_unavailable' from command line to 'False'
[0.323s] Level 5:colcon.colcon_core.verb:set package 'tutorial_interfaces' build argument 'cmake_clean_cache' from command line to 'False'
[0.324s] Level 5:colcon.colcon_core.verb:set package 'tutorial_interfaces' build argument 'cmake_clean_first' from command line to 'False'
[0.324s] Level 5:colcon.colcon_core.verb:set package 'tutorial_interfaces' build argument 'cmake_force_configure' from command line to 'False'
[0.324s] Level 5:colcon.colcon_core.verb:set package 'tutorial_interfaces' build argument 'ament_cmake_args' from command line to 'None'
[0.324s] Level 5:colcon.colcon_core.verb:set package 'tutorial_interfaces' build argument 'catkin_cmake_args' from command line to 'None'
[0.324s] Level 5:colcon.colcon_core.verb:set package 'tutorial_interfaces' build argument 'catkin_skip_building_tests' from command line to 'False'
[0.324s] DEBUG:colcon.colcon_core.verb:Building package 'tutorial_interfaces' with the following arguments: {'ament_cmake_args': None, 'build_base': '/home/ys/ys_ws/build/tutorial_interfaces', 'catkin_cmake_args': None, 'catkin_skip_building_tests': False, 'cmake_args': None, 'cmake_clean_cache': False, 'cmake_clean_first': False, 'cmake_force_configure': False, 'cmake_target': None, 'cmake_target_skip_unavailable': False, 'install_base': '/home/ys/ys_ws/install/tutorial_interfaces', 'merge_install': False, 'path': '/home/ys/ys_ws/src/tutorial_interfaces', 'symlink_install': True, 'test_result_base': None}
[0.324s] Level 5:colcon.colcon_core.verb:set package 'robot_info' build argument 'cmake_args' from command line to 'None'
[0.324s] Level 5:colcon.colcon_core.verb:set package 'robot_info' build argument 'cmake_target' from command line to 'None'
[0.324s] Level 5:colcon.colcon_core.verb:set package 'robot_info' build argument 'cmake_target_skip_unavailable' from command line to 'False'
[0.324s] Level 5:colcon.colcon_core.verb:set package 'robot_info' build argument 'cmake_clean_cache' from command line to 'False'
[0.324s] Level 5:colcon.colcon_core.verb:set package 'robot_info' build argument 'cmake_clean_first' from command line to 'False'
[0.324s] Level 5:colcon.colcon_core.verb:set package 'robot_info' build argument 'cmake_force_configure' from command line to 'False'
[0.324s] Level 5:colcon.colcon_core.verb:set package 'robot_info' build argument 'ament_cmake_args' from command line to 'None'
[0.325s] Level 5:colcon.colcon_core.verb:set package 'robot_info' build argument 'catkin_cmake_args' from command line to 'None'
[0.325s] Level 5:colcon.colcon_core.verb:set package 'robot_info' build argument 'catkin_skip_building_tests' from command line to 'False'
[0.325s] DEBUG:colcon.colcon_core.verb:Building package 'robot_info' with the following arguments: {'ament_cmake_args': None, 'build_base': '/home/ys/ys_ws/build/robot_info', 'catkin_cmake_args': None, 'catkin_skip_building_tests': False, 'cmake_args': None, 'cmake_clean_cache': False, 'cmake_clean_first': False, 'cmake_force_configure': False, 'cmake_target': None, 'cmake_target_skip_unavailable': False, 'install_base': '/home/ys/ys_ws/install/robot_info', 'merge_install': False, 'path': '/home/ys/ys_ws/src/robot_info', 'symlink_install': True, 'test_result_base': None}
[0.325s] INFO:colcon.colcon_core.executor:Executing jobs using 'parallel' executor
[0.329s] DEBUG:colcon.colcon_parallel_executor.executor.parallel:run_until_complete
[0.330s] INFO:colcon.colcon_ros.task.ament_cmake.build:Building ROS package in '/home/ys/ys_ws/src/tutorial_interfaces' with build type 'ament_cmake'
[0.330s] INFO:colcon.colcon_cmake.task.cmake.build:Building CMake package in '/home/ys/ys_ws/src/tutorial_interfaces'
[0.334s] INFO:colcon.colcon_core.plugin_system:Skipping extension 'colcon_core.shell.bat': Not used on non-Windows systems
[0.334s] INFO:colcon.colcon_core.shell:Skip shell extension 'powershell' for command environment: Not usable outside of PowerShell
[0.335s] DEBUG:colcon.colcon_core.shell:Skip shell extension 'dsv' for command environment
[0.350s] INFO:colcon.colcon_ros.task.ament_python.build:Building ROS package in '/home/ys/ys_ws/src/robot_service' with build type 'ament_python'
[0.351s] Level 1:colcon.colcon_core.shell:create_environment_hook('robot_service', 'ament_prefix_path')
[0.354s] INFO:colcon.colcon_core.shell:Creating environment hook '/home/ys/ys_ws/install/robot_service/share/robot_service/hook/ament_prefix_path.ps1'
[0.356s] INFO:colcon.colcon_core.shell:Creating environment descriptor '/home/ys/ys_ws/install/robot_service/share/robot_service/hook/ament_prefix_path.dsv'
[0.357s] INFO:colcon.colcon_core.shell:Creating environment hook '/home/ys/ys_ws/install/robot_service/share/robot_service/hook/ament_prefix_path.sh'
[0.359s] INFO:colcon.colcon_core.shell:Skip shell extension 'powershell' for command environment: Not usable outside of PowerShell
[0.359s] DEBUG:colcon.colcon_core.shell:Skip shell extension 'dsv' for command environment
[0.397s] DEBUG:colcon.colcon_core.event_handler.log_command:Invoking command in '/home/ys/ys_ws/build/tutorial_interfaces': CMAKE_PREFIX_PATH=${CMAKE_PREFIX_PATH}:/home/ys/ys_ws/install/robot_service:/home/ys/ys_ws/install/robot_info:/home/ys/turtlebot3_ws/install/turtlebot3_teleop:/home/ys/turtlebot3_ws/install/turtlebot3_example:/home/ys/study_ws/install/topic_service_action_rclpy_example:/home/ys/study_ws/install/time_rclpy_example:/home/ys/study_ws/install/tf2_rclpy_example:/home/ys/study_ws/install/ros2env:/home/ys/study_ws/install/my_first_ros_rclpy_pkg:/home/ys/study_ws/install/logging_rclpy_example:/home/ys/db_ws/install/examples_rclpy_minimal_subscriber:/home/ys/db_ws/install/db_subscriber:/home/ys/ros2swarm/install/ros2swarm:/home/ys/ros2swarm/install/multi:/home/ys/ros2swarm/install/launch_turtlebot_gazebo:/opt/ros/foxy /usr/bin/cmake --build /home/ys/ys_ws/build/tutorial_interfaces -- -j2 -l2
[0.725s] INFO:colcon.colcon_core.task.python.build:Building Python package in '/home/ys/ys_ws/src/robot_service'
[0.728s] INFO:colcon.colcon_core.shell:Skip shell extension 'powershell' for command environment: Not usable outside of PowerShell
[0.728s] DEBUG:colcon.colcon_core.shell:Skip shell extension 'dsv' for command environment
[1.358s] DEBUG:colcon.colcon_core.event_handler.log_command:Invoking command in '/home/ys/ys_ws/build/robot_service': PYTHONPATH=/home/ys/ys_ws/install/robot_service/lib/python3.8/site-packages:${PYTHONPATH} /usr/bin/python3 setup.py develop --prefix /home/ys/ys_ws/install/robot_service --editable --build-directory /home/ys/ys_ws/build/robot_service/build --no-deps install_data --install-dir /home/ys/ys_ws/install/robot_service
[1.984s] Level 1:colcon.colcon_core.shell:create_environment_hook('robot_service', 'pythonpath_develop')
[1.986s] INFO:colcon.colcon_core.shell:Creating environment hook '/home/ys/ys_ws/build/robot_service/share/robot_service/hook/pythonpath_develop.ps1'
[1.987s] INFO:colcon.colcon_core.shell:Creating environment descriptor '/home/ys/ys_ws/build/robot_service/share/robot_service/hook/pythonpath_develop.dsv'
[1.989s] DEBUG:colcon.colcon_core.event_handler.log_command:Invoked command in '/home/ys/ys_ws/build/robot_service' returned '0': PYTHONPATH=/home/ys/ys_ws/install/robot_service/lib/python3.8/site-packages:${PYTHONPATH} /usr/bin/python3 setup.py develop --prefix /home/ys/ys_ws/install/robot_service --editable --build-directory /home/ys/ys_ws/build/robot_service/build --no-deps install_data --install-dir /home/ys/ys_ws/install/robot_service
[1.989s] INFO:colcon.colcon_core.shell:Creating environment hook '/home/ys/ys_ws/build/robot_service/share/robot_service/hook/pythonpath_develop.sh'
[1.999s] Level 1:colcon.colcon_core.environment:checking '/home/ys/ys_ws/install/robot_service' for CMake module files
[1.999s] Level 1:colcon.colcon_core.environment:checking '/home/ys/ys_ws/install/robot_service' for CMake config files
[2.009s] Level 1:colcon.colcon_core.environment:checking '/home/ys/ys_ws/install/robot_service/lib'
[2.014s] Level 1:colcon.colcon_core.environment:checking '/home/ys/ys_ws/install/robot_service/bin'
[2.014s] Level 1:colcon.colcon_core.environment:checking '/home/ys/ys_ws/install/robot_service/lib/pkgconfig/robot_service.pc'
[2.014s] Level 1:colcon.colcon_core.environment:checking '/home/ys/ys_ws/install/robot_service/lib/python3.8/site-packages'
[2.015s] Level 1:colcon.colcon_core.shell:create_environment_hook('robot_service', 'pythonpath')
[2.021s] INFO:colcon.colcon_core.shell:Creating environment hook '/home/ys/ys_ws/install/robot_service/share/robot_service/hook/pythonpath.ps1'
[2.022s] INFO:colcon.colcon_core.shell:Creating environment descriptor '/home/ys/ys_ws/install/robot_service/share/robot_service/hook/pythonpath.dsv'
[2.023s] INFO:colcon.colcon_core.shell:Creating environment hook '/home/ys/ys_ws/install/robot_service/share/robot_service/hook/pythonpath.sh'
[2.027s] Level 1:colcon.colcon_core.environment:checking '/home/ys/ys_ws/install/robot_service/bin'
[2.027s] Level 1:colcon.colcon_core.environment:create_environment_scripts_only(robot_service)
[2.029s] INFO:colcon.colcon_core.shell:Creating package script '/home/ys/ys_ws/install/robot_service/share/robot_service/package.ps1'
[2.040s] INFO:colcon.colcon_core.shell:Creating package descriptor '/home/ys/ys_ws/install/robot_service/share/robot_service/package.dsv'
[2.041s] INFO:colcon.colcon_core.shell:Creating package script '/home/ys/ys_ws/install/robot_service/share/robot_service/package.sh'
[2.041s] INFO:colcon.colcon_core.shell:Creating package script '/home/ys/ys_ws/install/robot_service/share/robot_service/package.bash'
[2.042s] INFO:colcon.colcon_core.shell:Creating package script '/home/ys/ys_ws/install/robot_service/share/robot_service/package.zsh'
[2.044s] Level 1:colcon.colcon_core.environment:create_file_with_runtime_dependencies(/home/ys/ys_ws/install/robot_service/share/colcon-core/packages/robot_service)
[5.336s] DEBUG:colcon.colcon_core.event_handler.log_command:Invoked command in '/home/ys/ys_ws/build/tutorial_interfaces' returned '0': CMAKE_PREFIX_PATH=${CMAKE_PREFIX_PATH}:/home/ys/ys_ws/install/robot_service:/home/ys/ys_ws/install/robot_info:/home/ys/turtlebot3_ws/install/turtlebot3_teleop:/home/ys/turtlebot3_ws/install/turtlebot3_example:/home/ys/study_ws/install/topic_service_action_rclpy_example:/home/ys/study_ws/install/time_rclpy_example:/home/ys/study_ws/install/tf2_rclpy_example:/home/ys/study_ws/install/ros2env:/home/ys/study_ws/install/my_first_ros_rclpy_pkg:/home/ys/study_ws/install/logging_rclpy_example:/home/ys/db_ws/install/examples_rclpy_minimal_subscriber:/home/ys/db_ws/install/db_subscriber:/home/ys/ros2swarm/install/ros2swarm:/home/ys/ros2swarm/install/multi:/home/ys/ros2swarm/install/launch_turtlebot_gazebo:/opt/ros/foxy /usr/bin/cmake --build /home/ys/ys_ws/build/tutorial_interfaces -- -j2 -l2
[5.519s] DEBUG:colcon.colcon_core.event_handler.log_command:Invoking command in '/home/ys/ys_ws/build/tutorial_interfaces': CMAKE_PREFIX_PATH=${CMAKE_PREFIX_PATH}:/home/ys/ys_ws/install/robot_service:/home/ys/ys_ws/install/robot_info:/home/ys/turtlebot3_ws/install/turtlebot3_teleop:/home/ys/turtlebot3_ws/install/turtlebot3_example:/home/ys/study_ws/install/topic_service_action_rclpy_example:/home/ys/study_ws/install/time_rclpy_example:/home/ys/study_ws/install/tf2_rclpy_example:/home/ys/study_ws/install/ros2env:/home/ys/study_ws/install/my_first_ros_rclpy_pkg:/home/ys/study_ws/install/logging_rclpy_example:/home/ys/db_ws/install/examples_rclpy_minimal_subscriber:/home/ys/db_ws/install/db_subscriber:/home/ys/ros2swarm/install/ros2swarm:/home/ys/ros2swarm/install/multi:/home/ys/ros2swarm/install/launch_turtlebot_gazebo:/opt/ros/foxy /usr/bin/cmake --install /home/ys/ys_ws/build/tutorial_interfaces
[5.704s] Level 1:colcon.colcon_core.environment:create_environment_scripts_only(tutorial_interfaces)
[5.707s] Level 1:colcon.colcon_core.environment:checking '/home/ys/ys_ws/install/tutorial_interfaces' for CMake module files
[5.707s] DEBUG:colcon.colcon_core.event_handler.log_command:Invoked command in '/home/ys/ys_ws/build/tutorial_interfaces' returned '0': CMAKE_PREFIX_PATH=${CMAKE_PREFIX_PATH}:/home/ys/ys_ws/install/robot_service:/home/ys/ys_ws/install/robot_info:/home/ys/turtlebot3_ws/install/turtlebot3_teleop:/home/ys/turtlebot3_ws/install/turtlebot3_example:/home/ys/study_ws/install/topic_service_action_rclpy_example:/home/ys/study_ws/install/time_rclpy_example:/home/ys/study_ws/install/tf2_rclpy_example:/home/ys/study_ws/install/ros2env:/home/ys/study_ws/install/my_first_ros_rclpy_pkg:/home/ys/study_ws/install/logging_rclpy_example:/home/ys/db_ws/install/examples_rclpy_minimal_subscriber:/home/ys/db_ws/install/db_subscriber:/home/ys/ros2swarm/install/ros2swarm:/home/ys/ros2swarm/install/multi:/home/ys/ros2swarm/install/launch_turtlebot_gazebo:/opt/ros/foxy /usr/bin/cmake --install /home/ys/ys_ws/build/tutorial_interfaces
[5.708s] Level 1:colcon.colcon_core.environment:checking '/home/ys/ys_ws/install/tutorial_interfaces' for CMake config files
[5.709s] Level 1:colcon.colcon_core.shell:create_environment_hook('tutorial_interfaces', 'cmake_prefix_path')
[5.710s] INFO:colcon.colcon_core.shell:Creating environment hook '/home/ys/ys_ws/install/tutorial_interfaces/share/tutorial_interfaces/hook/cmake_prefix_path.ps1'
[5.711s] INFO:colcon.colcon_core.shell:Creating environment descriptor '/home/ys/ys_ws/install/tutorial_interfaces/share/tutorial_interfaces/hook/cmake_prefix_path.dsv'
[5.711s] INFO:colcon.colcon_core.shell:Creating environment hook '/home/ys/ys_ws/install/tutorial_interfaces/share/tutorial_interfaces/hook/cmake_prefix_path.sh'
[5.712s] Level 1:colcon.colcon_core.environment:checking '/home/ys/ys_ws/install/tutorial_interfaces/lib'
[5.712s] Level 1:colcon.colcon_core.shell:create_environment_hook('tutorial_interfaces', 'ld_library_path_lib')
[5.713s] INFO:colcon.colcon_core.shell:Creating environment hook '/home/ys/ys_ws/install/tutorial_interfaces/share/tutorial_interfaces/hook/ld_library_path_lib.ps1'
[5.714s] INFO:colcon.colcon_core.shell:Creating environment descriptor '/home/ys/ys_ws/install/tutorial_interfaces/share/tutorial_interfaces/hook/ld_library_path_lib.dsv'
[5.714s] INFO:colcon.colcon_core.shell:Creating environment hook '/home/ys/ys_ws/install/tutorial_interfaces/share/tutorial_interfaces/hook/ld_library_path_lib.sh'
[5.715s] Level 1:colcon.colcon_core.environment:checking '/home/ys/ys_ws/install/tutorial_interfaces/bin'
[5.715s] Level 1:colcon.colcon_core.environment:checking '/home/ys/ys_ws/install/tutorial_interfaces/lib/pkgconfig/tutorial_interfaces.pc'
[5.715s] Level 1:colcon.colcon_core.environment:checking '/home/ys/ys_ws/install/tutorial_interfaces/lib/python3.8/site-packages'
[5.716s] Level 1:colcon.colcon_core.shell:create_environment_hook('tutorial_interfaces', 'pythonpath')
[5.717s] INFO:colcon.colcon_core.shell:Creating environment hook '/home/ys/ys_ws/install/tutorial_interfaces/share/tutorial_interfaces/hook/pythonpath.ps1'
[5.717s] INFO:colcon.colcon_core.shell:Creating environment descriptor '/home/ys/ys_ws/install/tutorial_interfaces/share/tutorial_interfaces/hook/pythonpath.dsv'
[5.717s] INFO:colcon.colcon_core.shell:Creating environment hook '/home/ys/ys_ws/install/tutorial_interfaces/share/tutorial_interfaces/hook/pythonpath.sh'
[5.718s] Level 1:colcon.colcon_core.environment:checking '/home/ys/ys_ws/install/tutorial_interfaces/bin'
[5.719s] INFO:colcon.colcon_core.shell:Creating package script '/home/ys/ys_ws/install/tutorial_interfaces/share/tutorial_interfaces/package.ps1'
[5.720s] INFO:colcon.colcon_core.shell:Creating package descriptor '/home/ys/ys_ws/install/tutorial_interfaces/share/tutorial_interfaces/package.dsv'
[5.721s] INFO:colcon.colcon_core.shell:Creating package script '/home/ys/ys_ws/install/tutorial_interfaces/share/tutorial_interfaces/package.sh'
[5.721s] INFO:colcon.colcon_core.shell:Creating package script '/home/ys/ys_ws/install/tutorial_interfaces/share/tutorial_interfaces/package.bash'
[5.721s] INFO:colcon.colcon_core.shell:Creating package script '/home/ys/ys_ws/install/tutorial_interfaces/share/tutorial_interfaces/package.zsh'
[5.722s] Level 1:colcon.colcon_core.environment:create_file_with_runtime_dependencies(/home/ys/ys_ws/install/tutorial_interfaces/share/colcon-core/packages/tutorial_interfaces)
[5.942s] Level 1:colcon.colcon_core.environment:create_environment_scripts_only(tutorial_interfaces)
[5.944s] Level 1:colcon.colcon_core.environment:checking '/home/ys/ys_ws/install/tutorial_interfaces' for CMake module files
[5.945s] Level 1:colcon.colcon_core.environment:checking '/home/ys/ys_ws/install/tutorial_interfaces' for CMake config files
[5.945s] Level 1:colcon.colcon_core.shell:create_environment_hook('tutorial_interfaces', 'cmake_prefix_path')
[5.947s] INFO:colcon.colcon_core.shell:Creating environment hook '/home/ys/ys_ws/install/tutorial_interfaces/share/tutorial_interfaces/hook/cmake_prefix_path.ps1'
[5.948s] INFO:colcon.colcon_core.shell:Creating environment descriptor '/home/ys/ys_ws/install/tutorial_interfaces/share/tutorial_interfaces/hook/cmake_prefix_path.dsv'
[5.949s] INFO:colcon.colcon_core.shell:Creating environment hook '/home/ys/ys_ws/install/tutorial_interfaces/share/tutorial_interfaces/hook/cmake_prefix_path.sh'
[5.949s] Level 1:colcon.colcon_core.environment:checking '/home/ys/ys_ws/install/tutorial_interfaces/lib'
[5.950s] Level 1:colcon.colcon_core.shell:create_environment_hook('tutorial_interfaces', 'ld_library_path_lib')
[5.951s] INFO:colcon.colcon_core.shell:Creating environment hook '/home/ys/ys_ws/install/tutorial_interfaces/share/tutorial_interfaces/hook/ld_library_path_lib.ps1'
[5.951s] INFO:colcon.colcon_core.shell:Creating environment descriptor '/home/ys/ys_ws/install/tutorial_interfaces/share/tutorial_interfaces/hook/ld_library_path_lib.dsv'
[5.952s] INFO:colcon.colcon_core.shell:Creating environment hook '/home/ys/ys_ws/install/tutorial_interfaces/share/tutorial_interfaces/hook/ld_library_path_lib.sh'
[5.952s] Level 1:colcon.colcon_core.environment:checking '/home/ys/ys_ws/install/tutorial_interfaces/bin'
[5.952s] Level 1:colcon.colcon_core.environment:checking '/home/ys/ys_ws/install/tutorial_interfaces/lib/pkgconfig/tutorial_interfaces.pc'
[5.952s] Level 1:colcon.colcon_core.environment:checking '/home/ys/ys_ws/install/tutorial_interfaces/lib/python3.8/site-packages'
[5.953s] Level 1:colcon.colcon_core.shell:create_environment_hook('tutorial_interfaces', 'pythonpath')
[5.954s] INFO:colcon.colcon_core.shell:Creating environment hook '/home/ys/ys_ws/install/tutorial_interfaces/share/tutorial_interfaces/hook/pythonpath.ps1'
[5.954s] INFO:colcon.colcon_core.shell:Creating environment descriptor '/home/ys/ys_ws/install/tutorial_interfaces/share/tutorial_interfaces/hook/pythonpath.dsv'
[5.954s] INFO:colcon.colcon_core.shell:Creating environment hook '/home/ys/ys_ws/install/tutorial_interfaces/share/tutorial_interfaces/hook/pythonpath.sh'
[5.955s] Level 1:colcon.colcon_core.environment:checking '/home/ys/ys_ws/install/tutorial_interfaces/bin'
[5.956s] INFO:colcon.colcon_core.shell:Creating package script '/home/ys/ys_ws/install/tutorial_interfaces/share/tutorial_interfaces/package.ps1'
[5.957s] INFO:colcon.colcon_core.shell:Creating package descriptor '/home/ys/ys_ws/install/tutorial_interfaces/share/tutorial_interfaces/package.dsv'
[5.958s] INFO:colcon.colcon_core.shell:Creating package script '/home/ys/ys_ws/install/tutorial_interfaces/share/tutorial_interfaces/package.sh'
[5.958s] INFO:colcon.colcon_core.shell:Creating package script '/home/ys/ys_ws/install/tutorial_interfaces/share/tutorial_interfaces/package.bash'
[5.959s] INFO:colcon.colcon_core.shell:Creating package script '/home/ys/ys_ws/install/tutorial_interfaces/share/tutorial_interfaces/package.zsh'
[5.959s] Level 1:colcon.colcon_core.environment:create_file_with_runtime_dependencies(/home/ys/ys_ws/install/tutorial_interfaces/share/colcon-core/packages/tutorial_interfaces)
[5.962s] INFO:colcon.colcon_ros.task.ament_python.build:Building ROS package in '/home/ys/ys_ws/src/robot_info' with build type 'ament_python'
[5.962s] Level 1:colcon.colcon_core.shell:create_environment_hook('robot_info', 'ament_prefix_path')
[5.966s] INFO:colcon.colcon_core.shell:Creating environment hook '/home/ys/ys_ws/install/robot_info/share/robot_info/hook/ament_prefix_path.ps1'
[5.973s] INFO:colcon.colcon_core.shell:Creating environment descriptor '/home/ys/ys_ws/install/robot_info/share/robot_info/hook/ament_prefix_path.dsv'
[5.973s] INFO:colcon.colcon_core.shell:Creating environment hook '/home/ys/ys_ws/install/robot_info/share/robot_info/hook/ament_prefix_path.sh'
[5.976s] INFO:colcon.colcon_core.shell:Skip shell extension 'powershell' for command environment: Not usable outside of PowerShell
[5.976s] DEBUG:colcon.colcon_core.shell:Skip shell extension 'dsv' for command environment
[6.270s] INFO:colcon.colcon_core.task.python.build:Building Python package in '/home/ys/ys_ws/src/robot_info'
[6.272s] INFO:colcon.colcon_core.shell:Skip shell extension 'powershell' for command environment: Not usable outside of PowerShell
[6.272s] DEBUG:colcon.colcon_core.shell:Skip shell extension 'dsv' for command environment
[6.719s] DEBUG:colcon.colcon_core.event_handler.log_command:Invoking command in '/home/ys/ys_ws/build/robot_info': PYTHONPATH=/home/ys/ys_ws/install/robot_info/lib/python3.8/site-packages:${PYTHONPATH} /usr/bin/python3 setup.py develop --prefix /home/ys/ys_ws/install/robot_info --editable --build-directory /home/ys/ys_ws/build/robot_info/build --no-deps install_data --install-dir /home/ys/ys_ws/install/robot_info
[7.238s] Level 1:colcon.colcon_core.shell:create_environment_hook('robot_info', 'pythonpath_develop')
[7.240s] INFO:colcon.colcon_core.shell:Creating environment hook '/home/ys/ys_ws/build/robot_info/share/robot_info/hook/pythonpath_develop.ps1'
[7.241s] DEBUG:colcon.colcon_core.event_handler.log_command:Invoked command in '/home/ys/ys_ws/build/robot_info' returned '0': PYTHONPATH=/home/ys/ys_ws/install/robot_info/lib/python3.8/site-packages:${PYTHONPATH} /usr/bin/python3 setup.py develop --prefix /home/ys/ys_ws/install/robot_info --editable --build-directory /home/ys/ys_ws/build/robot_info/build --no-deps install_data --install-dir /home/ys/ys_ws/install/robot_info
[7.241s] INFO:colcon.colcon_core.shell:Creating environment descriptor '/home/ys/ys_ws/build/robot_info/share/robot_info/hook/pythonpath_develop.dsv'
[7.243s] INFO:colcon.colcon_core.shell:Creating environment hook '/home/ys/ys_ws/build/robot_info/share/robot_info/hook/pythonpath_develop.sh'
[7.247s] Level 1:colcon.colcon_core.environment:checking '/home/ys/ys_ws/install/robot_info' for CMake module files
[7.247s] Level 1:colcon.colcon_core.environment:checking '/home/ys/ys_ws/install/robot_info' for CMake config files
[7.248s] Level 1:colcon.colcon_core.environment:checking '/home/ys/ys_ws/install/robot_info/lib'
[7.248s] Level 1:colcon.colcon_core.environment:checking '/home/ys/ys_ws/install/robot_info/bin'
[7.248s] Level 1:colcon.colcon_core.environment:checking '/home/ys/ys_ws/install/robot_info/lib/pkgconfig/robot_info.pc'
[7.248s] Level 1:colcon.colcon_core.environment:checking '/home/ys/ys_ws/install/robot_info/lib/python3.8/site-packages'
[7.249s] Level 1:colcon.colcon_core.shell:create_environment_hook('robot_info', 'pythonpath')
[7.250s] INFO:colcon.colcon_core.shell:Creating environment hook '/home/ys/ys_ws/install/robot_info/share/robot_info/hook/pythonpath.ps1'
[7.250s] INFO:colcon.colcon_core.shell:Creating environment descriptor '/home/ys/ys_ws/install/robot_info/share/robot_info/hook/pythonpath.dsv'
[7.251s] INFO:colcon.colcon_core.shell:Creating environment hook '/home/ys/ys_ws/install/robot_info/share/robot_info/hook/pythonpath.sh'
[7.252s] Level 1:colcon.colcon_core.environment:checking '/home/ys/ys_ws/install/robot_info/bin'
[7.252s] Level 1:colcon.colcon_core.environment:create_environment_scripts_only(robot_info)
[7.253s] INFO:colcon.colcon_core.shell:Creating package script '/home/ys/ys_ws/install/robot_info/share/robot_info/package.ps1'
[7.254s] INFO:colcon.colcon_core.shell:Creating package descriptor '/home/ys/ys_ws/install/robot_info/share/robot_info/package.dsv'
[7.255s] INFO:colcon.colcon_core.shell:Creating package script '/home/ys/ys_ws/install/robot_info/share/robot_info/package.sh'
[7.255s] INFO:colcon.colcon_core.shell:Creating package script '/home/ys/ys_ws/install/robot_info/share/robot_info/package.bash'
[7.256s] INFO:colcon.colcon_core.shell:Creating package script '/home/ys/ys_ws/install/robot_info/share/robot_info/package.zsh'
[7.256s] Level 1:colcon.colcon_core.environment:create_file_with_runtime_dependencies(/home/ys/ys_ws/install/robot_info/share/colcon-core/packages/robot_info)
[7.257s] DEBUG:colcon.colcon_parallel_executor.executor.parallel:closing loop
[7.257s] DEBUG:colcon.colcon_parallel_executor.executor.parallel:loop closed
[7.258s] DEBUG:colcon.colcon_parallel_executor.executor.parallel:run_until_complete finished with '0'
[7.258s] DEBUG:colcon.colcon_core.event_reactor:joining thread
[7.268s] INFO:colcon.colcon_core.plugin_system:Skipping extension 'colcon_notification.desktop_notification.terminal_notifier': Not used on non-Darwin systems
[7.268s] INFO:colcon.colcon_core.plugin_system:Skipping extension 'colcon_notification.desktop_notification.win32': Not used on non-Windows systems
[7.268s] INFO:colcon.colcon_notification.desktop_notification:Sending desktop notification using 'notify2'
[7.296s] DEBUG:colcon.colcon_core.event_reactor:joined thread
[7.298s] INFO:colcon.colcon_core.shell:Creating prefix script '/home/ys/ys_ws/install/local_setup.ps1'
[7.299s] INFO:colcon.colcon_core.shell:Creating prefix util module '/home/ys/ys_ws/install/_local_setup_util_ps1.py'
[7.300s] INFO:colcon.colcon_core.shell:Creating prefix chain script '/home/ys/ys_ws/install/setup.ps1'
[7.308s] INFO:colcon.colcon_core.shell:Creating prefix script '/home/ys/ys_ws/install/local_setup.sh'
[7.311s] INFO:colcon.colcon_core.shell:Creating prefix util module '/home/ys/ys_ws/install/_local_setup_util_sh.py'
[7.312s] INFO:colcon.colcon_core.shell:Creating prefix chain script '/home/ys/ys_ws/install/setup.sh'
[7.316s] INFO:colcon.colcon_core.shell:Creating prefix script '/home/ys/ys_ws/install/local_setup.bash'
[7.316s] INFO:colcon.colcon_core.shell:Creating prefix chain script '/home/ys/ys_ws/install/setup.bash'
[7.321s] INFO:colcon.colcon_core.shell:Creating prefix script '/home/ys/ys_ws/install/local_setup.zsh'
[7.321s] INFO:colcon.colcon_core.shell:Creating prefix chain script '/home/ys/ys_ws/install/setup.zsh'
