[0.065s] Invoking command in '/home/ys/ys_ws/build/tutorial_interfaces': CMAKE_PREFIX_PATH=${CMAKE_PREFIX_PATH}:/home/ys/ys_ws/install/robot_info:/home/ys/ys_ws/install/service:/home/ys/ys_ws/install/robot_service:/home/ys/turtlebot3_ws/install/turtlebot3_teleop:/home/ys/turtlebot3_ws/install/turtlebot3_example:/home/ys/study_ws/install/topic_service_action_rclpy_example:/home/ys/study_ws/install/time_rclpy_example:/home/ys/study_ws/install/tf2_rclpy_example:/home/ys/study_ws/install/ros2env:/home/ys/study_ws/install/my_first_ros_rclpy_pkg:/home/ys/study_ws/install/logging_rclpy_example:/home/ys/db_ws/install/examples_rclpy_minimal_subscriber:/home/ys/db_ws/install/db_subscriber:/home/ys/ros2swarm/install/ros2swarm:/home/ys/ros2swarm/install/multi:/home/ys/ros2swarm/install/launch_turtlebot_gazebo:/opt/ros/foxy /usr/bin/cmake --build /home/ys/ys_ws/build/tutorial_interfaces -- -j2 -l2
[0.304s] [  2%] Built target tutorial_interfaces__cpp
[0.350s] [ 12%] Built target tutorial_interfaces__rosidl_generator_c
[0.528s] [ 23%] Built target tutorial_interfaces__rosidl_typesupport_cpp
[0.555s] [ 33%] Built target tutorial_interfaces__rosidl_typesupport_fastrtps_cpp
[0.639s] [ 43%] Built target tutorial_interfaces__rosidl_typesupport_c
[0.674s] [ 53%] Built target tutorial_interfaces__rosidl_typesupport_introspection_c
[0.786s] [ 64%] Built target tutorial_interfaces__rosidl_typesupport_introspection_cpp
[0.810s] [ 74%] Built target tutorial_interfaces__rosidl_typesupport_fastrtps_c
[0.932s] [ 74%] Built target tutorial_interfaces
[1.028s] [ 76%] Built target tutorial_interfaces__py
[1.097s] [ 84%] Built target tutorial_interfaces__python
[1.202s] [ 89%] Built target tutorial_interfaces__rosidl_typesupport_c__pyext
[1.292s] [ 94%] Built target tutorial_interfaces__rosidl_typesupport_introspection_c__pyext
[1.392s] [100%] Built target tutorial_interfaces__rosidl_typesupport_fastrtps_c__pyext
[1.474s] Invoked command in '/home/ys/ys_ws/build/tutorial_interfaces' returned '0': CMAKE_PREFIX_PATH=${CMAKE_PREFIX_PATH}:/home/ys/ys_ws/install/robot_info:/home/ys/ys_ws/install/service:/home/ys/ys_ws/install/robot_service:/home/ys/turtlebot3_ws/install/turtlebot3_teleop:/home/ys/turtlebot3_ws/install/turtlebot3_example:/home/ys/study_ws/install/topic_service_action_rclpy_example:/home/ys/study_ws/install/time_rclpy_example:/home/ys/study_ws/install/tf2_rclpy_example:/home/ys/study_ws/install/ros2env:/home/ys/study_ws/install/my_first_ros_rclpy_pkg:/home/ys/study_ws/install/logging_rclpy_example:/home/ys/db_ws/install/examples_rclpy_minimal_subscriber:/home/ys/db_ws/install/db_subscriber:/home/ys/ros2swarm/install/ros2swarm:/home/ys/ros2swarm/install/multi:/home/ys/ros2swarm/install/launch_turtlebot_gazebo:/opt/ros/foxy /usr/bin/cmake --build /home/ys/ys_ws/build/tutorial_interfaces -- -j2 -l2
[2.125s] Invoking command in '/home/ys/ys_ws/build/tutorial_interfaces': CMAKE_PREFIX_PATH=${CMAKE_PREFIX_PATH}:/home/ys/ys_ws/install/robot_info:/home/ys/ys_ws/install/service:/home/ys/ys_ws/install/robot_service:/home/ys/turtlebot3_ws/install/turtlebot3_teleop:/home/ys/turtlebot3_ws/install/turtlebot3_example:/home/ys/study_ws/install/topic_service_action_rclpy_example:/home/ys/study_ws/install/time_rclpy_example:/home/ys/study_ws/install/tf2_rclpy_example:/home/ys/study_ws/install/ros2env:/home/ys/study_ws/install/my_first_ros_rclpy_pkg:/home/ys/study_ws/install/logging_rclpy_example:/home/ys/db_ws/install/examples_rclpy_minimal_subscriber:/home/ys/db_ws/install/db_subscriber:/home/ys/ros2swarm/install/ros2swarm:/home/ys/ros2swarm/install/multi:/home/ys/ros2swarm/install/launch_turtlebot_gazebo:/opt/ros/foxy /usr/bin/cmake --install /home/ys/ys_ws/build/tutorial_interfaces
[2.150s] -- Install configuration: ""
[2.155s] -- Execute custom install script
[2.155s] -- Up-to-date symlink: /home/ys/ys_ws/install/tutorial_interfaces/share/ament_index/resource_index/rosidl_interfaces/tutorial_interfaces
[2.156s] -- Up-to-date symlink: /home/ys/ys_ws/install/tutorial_interfaces/include/tutorial_interfaces/msg/detail/robot_info__functions.h
[2.157s] -- Up-to-date symlink: /home/ys/ys_ws/install/tutorial_interfaces/include/tutorial_interfaces/msg/detail/robot_info__struct.h
[2.157s] -- Up-to-date symlink: /home/ys/ys_ws/install/tutorial_interfaces/include/tutorial_interfaces/msg/detail/robot_info__type_support.h
[2.158s] -- Up-to-date symlink: /home/ys/ys_ws/install/tutorial_interfaces/include/tutorial_interfaces/msg/robot_info.h
[2.158s] -- Up-to-date symlink: /home/ys/ys_ws/install/tutorial_interfaces/include/tutorial_interfaces/msg/rosidl_generator_c__visibility_control.h
[2.159s] -- Up-to-date symlink: /home/ys/ys_ws/install/tutorial_interfaces/include/tutorial_interfaces/srv/detail/robot_info__functions.h
[2.160s] -- Up-to-date symlink: /home/ys/ys_ws/install/tutorial_interfaces/include/tutorial_interfaces/srv/detail/robot_info__struct.h
[2.161s] -- Up-to-date symlink: /home/ys/ys_ws/install/tutorial_interfaces/include/tutorial_interfaces/srv/detail/robot_info__type_support.h
[2.164s] -- Up-to-date symlink: /home/ys/ys_ws/install/tutorial_interfaces/include/tutorial_interfaces/srv/robot_info.h
[2.164s] -- Up-to-date symlink: /home/ys/ys_ws/install/tutorial_interfaces/share/tutorial_interfaces/environment/library_path.sh
[2.165s] -- Up-to-date symlink: /home/ys/ys_ws/install/tutorial_interfaces/share/tutorial_interfaces/environment/library_path.dsv
[2.166s] -- Up-to-date symlink: /home/ys/ys_ws/install/tutorial_interfaces/include/tutorial_interfaces/msg/detail/robot_info__rosidl_typesupport_fastrtps_c.h
[2.168s] -- Up-to-date symlink: /home/ys/ys_ws/install/tutorial_interfaces/include/tutorial_interfaces/msg/rosidl_typesupport_fastrtps_c__visibility_control.h
[2.169s] -- Up-to-date symlink: /home/ys/ys_ws/install/tutorial_interfaces/include/tutorial_interfaces/srv/detail/robot_info__rosidl_typesupport_fastrtps_c.h
[2.169s] -- Up-to-date symlink: /home/ys/ys_ws/install/tutorial_interfaces/lib/libtutorial_interfaces__rosidl_typesupport_fastrtps_c.so
[2.170s] -- Up-to-date symlink: /home/ys/ys_ws/install/tutorial_interfaces/include/tutorial_interfaces/msg/detail/robot_info__rosidl_typesupport_fastrtps_cpp.hpp
[2.170s] -- Up-to-date symlink: /home/ys/ys_ws/install/tutorial_interfaces/include/tutorial_interfaces/msg/rosidl_typesupport_fastrtps_cpp__visibility_control.h
[2.171s] -- Up-to-date symlink: /home/ys/ys_ws/install/tutorial_interfaces/include/tutorial_interfaces/srv/detail/robot_info__rosidl_typesupport_fastrtps_cpp.hpp
[2.171s] -- Up-to-date symlink: /home/ys/ys_ws/install/tutorial_interfaces/lib/libtutorial_interfaces__rosidl_typesupport_fastrtps_cpp.so
[2.172s] -- Up-to-date symlink: /home/ys/ys_ws/install/tutorial_interfaces/include/tutorial_interfaces/msg/detail/robot_info__rosidl_typesupport_introspection_c.h
[2.173s] -- Up-to-date symlink: /home/ys/ys_ws/install/tutorial_interfaces/include/tutorial_interfaces/msg/rosidl_typesupport_introspection_c__visibility_control.h
[2.174s] -- Up-to-date symlink: /home/ys/ys_ws/install/tutorial_interfaces/include/tutorial_interfaces/srv/detail/robot_info__rosidl_typesupport_introspection_c.h
[2.174s] -- Up-to-date symlink: /home/ys/ys_ws/install/tutorial_interfaces/include/tutorial_interfaces/msg/detail/robot_info__builder.hpp
[2.175s] -- Up-to-date symlink: /home/ys/ys_ws/install/tutorial_interfaces/include/tutorial_interfaces/msg/detail/robot_info__struct.hpp
[2.175s] -- Up-to-date symlink: /home/ys/ys_ws/install/tutorial_interfaces/include/tutorial_interfaces/msg/detail/robot_info__traits.hpp
[2.175s] -- Up-to-date symlink: /home/ys/ys_ws/install/tutorial_interfaces/include/tutorial_interfaces/msg/robot_info.hpp
[2.176s] -- Up-to-date symlink: /home/ys/ys_ws/install/tutorial_interfaces/include/tutorial_interfaces/srv/detail/robot_info__builder.hpp
[2.176s] -- Up-to-date symlink: /home/ys/ys_ws/install/tutorial_interfaces/include/tutorial_interfaces/srv/detail/robot_info__struct.hpp
[2.177s] -- Up-to-date symlink: /home/ys/ys_ws/install/tutorial_interfaces/include/tutorial_interfaces/srv/detail/robot_info__traits.hpp
[2.181s] -- Up-to-date symlink: /home/ys/ys_ws/install/tutorial_interfaces/include/tutorial_interfaces/srv/robot_info.hpp
[2.181s] -- Up-to-date symlink: /home/ys/ys_ws/install/tutorial_interfaces/include/tutorial_interfaces/msg/detail/robot_info__rosidl_typesupport_introspection_cpp.hpp
[2.181s] -- Up-to-date symlink: /home/ys/ys_ws/install/tutorial_interfaces/include/tutorial_interfaces/srv/detail/robot_info__rosidl_typesupport_introspection_cpp.hpp
[2.181s] -- Up-to-date symlink: /home/ys/ys_ws/install/tutorial_interfaces/share/tutorial_interfaces/environment/pythonpath.sh
[2.181s] -- Up-to-date symlink: /home/ys/ys_ws/install/tutorial_interfaces/share/tutorial_interfaces/environment/pythonpath.dsv
[2.182s] -- Up-to-date symlink: /home/ys/ys_ws/install/tutorial_interfaces/lib/python3.8/site-packages/tutorial_interfaces/__init__.py
[2.182s] -- Up-to-date symlink: /home/ys/ys_ws/install/tutorial_interfaces/lib/python3.8/site-packages/tutorial_interfaces/msg/__init__.py
[2.182s] -- Up-to-date symlink: /home/ys/ys_ws/install/tutorial_interfaces/lib/python3.8/site-packages/tutorial_interfaces/msg/_robot_info.py
[2.183s] -- Up-to-date symlink: /home/ys/ys_ws/install/tutorial_interfaces/lib/python3.8/site-packages/tutorial_interfaces/srv/__init__.py
[2.184s] -- Up-to-date symlink: /home/ys/ys_ws/install/tutorial_interfaces/lib/python3.8/site-packages/tutorial_interfaces/srv/_robot_info.py
[2.188s] -- Up-to-date symlink: /home/ys/ys_ws/install/tutorial_interfaces/lib/python3.8/site-packages/tutorial_interfaces/tutorial_interfaces_s__rosidl_typesupport_fastrtps_c.cpython-38-x86_64-linux-gnu.so
[2.188s] -- Up-to-date symlink: /home/ys/ys_ws/install/tutorial_interfaces/lib/python3.8/site-packages/tutorial_interfaces/tutorial_interfaces_s__rosidl_typesupport_introspection_c.cpython-38-x86_64-linux-gnu.so
[2.188s] -- Up-to-date symlink: /home/ys/ys_ws/install/tutorial_interfaces/lib/python3.8/site-packages/tutorial_interfaces/tutorial_interfaces_s__rosidl_typesupport_c.cpython-38-x86_64-linux-gnu.so
[2.188s] -- Up-to-date symlink: /home/ys/ys_ws/install/tutorial_interfaces/lib/libtutorial_interfaces__python.so
[2.188s] -- Up-to-date symlink: /home/ys/ys_ws/install/tutorial_interfaces/share/tutorial_interfaces/msg/RobotInfo.idl
[2.188s] -- Up-to-date symlink: /home/ys/ys_ws/install/tutorial_interfaces/share/tutorial_interfaces/srv/RobotInfo.idl
[2.188s] -- Up-to-date symlink: /home/ys/ys_ws/install/tutorial_interfaces/share/tutorial_interfaces/msg/RobotInfo.msg
[2.188s] -- Up-to-date symlink: /home/ys/ys_ws/install/tutorial_interfaces/share/tutorial_interfaces/srv/RobotInfo.srv
[2.188s] -- Up-to-date symlink: /home/ys/ys_ws/install/tutorial_interfaces/share/tutorial_interfaces/srv/RobotInfo_Request.msg
[2.189s] -- Up-to-date symlink: /home/ys/ys_ws/install/tutorial_interfaces/share/tutorial_interfaces/srv/RobotInfo_Response.msg
[2.190s] -- Up-to-date symlink: /home/ys/ys_ws/install/tutorial_interfaces/share/ament_index/resource_index/package_run_dependencies/tutorial_interfaces
[2.190s] -- Up-to-date symlink: /home/ys/ys_ws/install/tutorial_interfaces/share/ament_index/resource_index/parent_prefix_path/tutorial_interfaces
[2.191s] -- Up-to-date symlink: /home/ys/ys_ws/install/tutorial_interfaces/share/tutorial_interfaces/environment/ament_prefix_path.sh
[2.192s] -- Up-to-date symlink: /home/ys/ys_ws/install/tutorial_interfaces/share/tutorial_interfaces/environment/ament_prefix_path.dsv
[2.192s] -- Up-to-date symlink: /home/ys/ys_ws/install/tutorial_interfaces/share/tutorial_interfaces/environment/path.sh
[2.192s] -- Up-to-date symlink: /home/ys/ys_ws/install/tutorial_interfaces/share/tutorial_interfaces/environment/path.dsv
[2.193s] -- Up-to-date symlink: /home/ys/ys_ws/install/tutorial_interfaces/share/tutorial_interfaces/local_setup.bash
[2.194s] -- Up-to-date symlink: /home/ys/ys_ws/install/tutorial_interfaces/share/tutorial_interfaces/local_setup.sh
[2.194s] -- Up-to-date symlink: /home/ys/ys_ws/install/tutorial_interfaces/share/tutorial_interfaces/local_setup.zsh
[2.195s] -- Up-to-date symlink: /home/ys/ys_ws/install/tutorial_interfaces/share/tutorial_interfaces/local_setup.dsv
[2.195s] -- Symlinking: /home/ys/ys_ws/install/tutorial_interfaces/share/tutorial_interfaces/package.dsv
[2.224s] -- Up-to-date symlink: /home/ys/ys_ws/install/tutorial_interfaces/share/ament_index/resource_index/packages/tutorial_interfaces
[2.228s] -- Up-to-date symlink: /home/ys/ys_ws/install/tutorial_interfaces/share/tutorial_interfaces/cmake/rosidl_cmake-extras.cmake
[2.228s] -- Up-to-date symlink: /home/ys/ys_ws/install/tutorial_interfaces/share/tutorial_interfaces/cmake/ament_cmake_export_dependencies-extras.cmake
[2.228s] -- Up-to-date symlink: /home/ys/ys_ws/install/tutorial_interfaces/share/tutorial_interfaces/cmake/ament_cmake_export_libraries-extras.cmake
[2.229s] -- Up-to-date symlink: /home/ys/ys_ws/install/tutorial_interfaces/share/tutorial_interfaces/cmake/ament_cmake_export_targets-extras.cmake
[2.229s] -- Up-to-date symlink: /home/ys/ys_ws/install/tutorial_interfaces/share/tutorial_interfaces/cmake/ament_cmake_export_include_directories-extras.cmake
[2.229s] -- Up-to-date symlink: /home/ys/ys_ws/install/tutorial_interfaces/share/tutorial_interfaces/cmake/rosidl_cmake_export_typesupport_libraries-extras.cmake
[2.231s] -- Up-to-date symlink: /home/ys/ys_ws/install/tutorial_interfaces/share/tutorial_interfaces/cmake/rosidl_cmake_export_typesupport_targets-extras.cmake
[2.231s] -- Up-to-date symlink: /home/ys/ys_ws/install/tutorial_interfaces/share/tutorial_interfaces/cmake/tutorial_interfacesConfig.cmake
[2.232s] -- Up-to-date symlink: /home/ys/ys_ws/install/tutorial_interfaces/share/tutorial_interfaces/cmake/tutorial_interfacesConfig-version.cmake
[2.233s] -- Up-to-date symlink: /home/ys/ys_ws/install/tutorial_interfaces/share/tutorial_interfaces/package.xml
[2.233s] -- Up-to-date: /home/ys/ys_ws/install/tutorial_interfaces/lib/libtutorial_interfaces__rosidl_generator_c.so
[2.234s] -- Up-to-date: /home/ys/ys_ws/install/tutorial_interfaces/lib/libtutorial_interfaces__rosidl_typesupport_introspection_c.so
[2.237s] -- Up-to-date: /home/ys/ys_ws/install/tutorial_interfaces/lib/libtutorial_interfaces__rosidl_typesupport_c.so
[2.238s] -- Up-to-date: /home/ys/ys_ws/install/tutorial_interfaces/lib/libtutorial_interfaces__rosidl_typesupport_introspection_cpp.so
[2.242s] -- Up-to-date: /home/ys/ys_ws/install/tutorial_interfaces/lib/libtutorial_interfaces__rosidl_typesupport_cpp.so
[2.431s] -- Up-to-date: /home/ys/ys_ws/install/tutorial_interfaces/share/tutorial_interfaces/cmake/tutorial_interfaces__rosidl_generator_cExport.cmake
[2.431s] -- Up-to-date: /home/ys/ys_ws/install/tutorial_interfaces/share/tutorial_interfaces/cmake/tutorial_interfaces__rosidl_generator_cExport-noconfig.cmake
[2.431s] -- Up-to-date: /home/ys/ys_ws/install/tutorial_interfaces/share/tutorial_interfaces/cmake/tutorial_interfaces__rosidl_typesupport_introspection_cExport.cmake
[2.444s] -- Up-to-date: /home/ys/ys_ws/install/tutorial_interfaces/share/tutorial_interfaces/cmake/tutorial_interfaces__rosidl_typesupport_introspection_cExport-noconfig.cmake
[2.444s] -- Up-to-date: /home/ys/ys_ws/install/tutorial_interfaces/share/tutorial_interfaces/cmake/tutorial_interfaces__rosidl_typesupport_cExport.cmake
[2.444s] -- Up-to-date: /home/ys/ys_ws/install/tutorial_interfaces/share/tutorial_interfaces/cmake/tutorial_interfaces__rosidl_typesupport_cExport-noconfig.cmake
[2.444s] -- Up-to-date: /home/ys/ys_ws/install/tutorial_interfaces/share/tutorial_interfaces/cmake/tutorial_interfaces__rosidl_generator_cppExport.cmake
[2.444s] -- Up-to-date: /home/ys/ys_ws/install/tutorial_interfaces/share/tutorial_interfaces/cmake/tutorial_interfaces__rosidl_typesupport_introspection_cppExport.cmake
[2.444s] -- Up-to-date: /home/ys/ys_ws/install/tutorial_interfaces/share/tutorial_interfaces/cmake/tutorial_interfaces__rosidl_typesupport_introspection_cppExport-noconfig.cmake
[2.444s] -- Up-to-date: /home/ys/ys_ws/install/tutorial_interfaces/share/tutorial_interfaces/cmake/tutorial_interfaces__rosidl_typesupport_cppExport.cmake
[2.444s] -- Up-to-date: /home/ys/ys_ws/install/tutorial_interfaces/share/tutorial_interfaces/cmake/tutorial_interfaces__rosidl_typesupport_cppExport-noconfig.cmake
[2.445s] Invoked command in '/home/ys/ys_ws/build/tutorial_interfaces' returned '0': CMAKE_PREFIX_PATH=${CMAKE_PREFIX_PATH}:/home/ys/ys_ws/install/robot_info:/home/ys/ys_ws/install/service:/home/ys/ys_ws/install/robot_service:/home/ys/turtlebot3_ws/install/turtlebot3_teleop:/home/ys/turtlebot3_ws/install/turtlebot3_example:/home/ys/study_ws/install/topic_service_action_rclpy_example:/home/ys/study_ws/install/time_rclpy_example:/home/ys/study_ws/install/tf2_rclpy_example:/home/ys/study_ws/install/ros2env:/home/ys/study_ws/install/my_first_ros_rclpy_pkg:/home/ys/study_ws/install/logging_rclpy_example:/home/ys/db_ws/install/examples_rclpy_minimal_subscriber:/home/ys/db_ws/install/db_subscriber:/home/ys/ros2swarm/install/ros2swarm:/home/ys/ros2swarm/install/multi:/home/ys/ros2swarm/install/launch_turtlebot_gazebo:/opt/ros/foxy /usr/bin/cmake --install /home/ys/ys_ws/build/tutorial_interfaces
