[1.200s] Invoking command in '/home/ys/ys_ws/build/service': PYTHONPATH=/home/ys/ys_ws/install/service/lib/python3.8/site-packages:${PYTHONPATH} /usr/bin/python3 setup.py develop --prefix /home/ys/ys_ws/install/service --editable --build-directory /home/ys/ys_ws/build/service/build --no-deps install_data --install-dir /home/ys/ys_ws/install/service
[1.538s] running develop
[1.711s] running egg_info
[1.711s] creating service.egg-info
[1.712s] writing service.egg-info/PKG-INFO
[1.713s] writing dependency_links to service.egg-info/dependency_links.txt
[1.714s] writing entry points to service.egg-info/entry_points.txt
[1.714s] writing requirements to service.egg-info/requires.txt
[1.714s] writing top-level names to service.egg-info/top_level.txt
[1.726s] writing manifest file 'service.egg-info/SOURCES.txt'
[1.774s] reading manifest file 'service.egg-info/SOURCES.txt'
[1.774s] writing manifest file 'service.egg-info/SOURCES.txt'
[1.845s] running build_ext
[1.855s] Creating /home/ys/ys_ws/install/service/lib/python3.8/site-packages/site.py
[1.855s] Creating /home/ys/ys_ws/install/service/lib/python3.8/site-packages/service.egg-link (link to .)
[1.858s] Installing pub script to /home/ys/ys_ws/install/service/lib/service
[1.858s] Installing sub script to /home/ys/ys_ws/install/service/lib/service
[1.860s] 
[1.861s] Installed /home/ys/ys_ws/build/service
[1.864s] running install_data
[1.865s] creating /home/ys/ys_ws/install/service/share/ament_index
[1.865s] creating /home/ys/ys_ws/install/service/share/ament_index/resource_index
[1.865s] creating /home/ys/ys_ws/install/service/share/ament_index/resource_index/packages
[1.865s] copying resource/service -> /home/ys/ys_ws/install/service/share/ament_index/resource_index/packages
[1.866s] copying package.xml -> /home/ys/ys_ws/install/service/share/service
[1.935s] Invoked command in '/home/ys/ys_ws/build/service' returned '0': PYTHONPATH=/home/ys/ys_ws/install/service/lib/python3.8/site-packages:${PYTHONPATH} /usr/bin/python3 setup.py develop --prefix /home/ys/ys_ws/install/service --editable --build-directory /home/ys/ys_ws/build/service/build --no-deps install_data --install-dir /home/ys/ys_ws/install/service
