running develop
running egg_info
creating robot_info.egg-info
writing robot_info.egg-info/PKG-INFO
writing dependency_links to robot_info.egg-info/dependency_links.txt
writing entry points to robot_info.egg-info/entry_points.txt
writing requirements to robot_info.egg-info/requires.txt
writing top-level names to robot_info.egg-info/top_level.txt
writing manifest file 'robot_info.egg-info/SOURCES.txt'
reading manifest file 'robot_info.egg-info/SOURCES.txt'
writing manifest file 'robot_info.egg-info/SOURCES.txt'
running build_ext
Creating /home/ys/ys_ws/install/robot_info/lib/python3.8/site-packages/site.py
Creating /home/ys/ys_ws/install/robot_info/lib/python3.8/site-packages/robot-info.egg-link (link to .)
Installing robot_info script to /home/ys/ys_ws/install/robot_info/lib/robot_info

Installed /home/ys/ys_ws/build/robot_info
running install_data
creating /home/ys/ys_ws/install/robot_info/share/ament_index
creating /home/ys/ys_ws/install/robot_info/share/ament_index/resource_index
creating /home/ys/ys_ws/install/robot_info/share/ament_index/resource_index/packages
copying resource/robot_info -> /home/ys/ys_ws/install/robot_info/share/ament_index/resource_index/packages
copying package.xml -> /home/ys/ys_ws/install/robot_info/share/robot_info
