[1.139s] Invoking command in '/home/ys/ys_ws/build/robot_info': PYTHONPATH=/home/ys/ys_ws/install/robot_info/lib/python3.8/site-packages:${PYTHONPATH} /usr/bin/python3 setup.py develop --prefix /home/ys/ys_ws/install/robot_info --editable --build-directory /home/ys/ys_ws/build/robot_info/build --no-deps install_data --install-dir /home/ys/ys_ws/install/robot_info
[1.414s] running develop
[1.565s] running egg_info
[1.565s] creating robot_info.egg-info
[1.565s] writing robot_info.egg-info/PKG-INFO
[1.566s] writing dependency_links to robot_info.egg-info/dependency_links.txt
[1.566s] writing entry points to robot_info.egg-info/entry_points.txt
[1.567s] writing requirements to robot_info.egg-info/requires.txt
[1.567s] writing top-level names to robot_info.egg-info/top_level.txt
[1.569s] writing manifest file 'robot_info.egg-info/SOURCES.txt'
[1.604s] reading manifest file 'robot_info.egg-info/SOURCES.txt'
[1.604s] writing manifest file 'robot_info.egg-info/SOURCES.txt'
[1.652s] running build_ext
[1.652s] Creating /home/ys/ys_ws/install/robot_info/lib/python3.8/site-packages/site.py
[1.654s] Creating /home/ys/ys_ws/install/robot_info/lib/python3.8/site-packages/robot-info.egg-link (link to .)
[1.655s] Installing robot_info script to /home/ys/ys_ws/install/robot_info/lib/robot_info
[1.656s] 
[1.657s] Installed /home/ys/ys_ws/build/robot_info
[1.657s] running install_data
[1.657s] creating /home/ys/ys_ws/install/robot_info/share/ament_index
[1.657s] creating /home/ys/ys_ws/install/robot_info/share/ament_index/resource_index
[1.657s] creating /home/ys/ys_ws/install/robot_info/share/ament_index/resource_index/packages
[1.658s] copying resource/robot_info -> /home/ys/ys_ws/install/robot_info/share/ament_index/resource_index/packages
[1.658s] copying package.xml -> /home/ys/ys_ws/install/robot_info/share/robot_info
[1.705s] Invoked command in '/home/ys/ys_ws/build/robot_info' returned '0': PYTHONPATH=/home/ys/ys_ws/install/robot_info/lib/python3.8/site-packages:${PYTHONPATH} /usr/bin/python3 setup.py develop --prefix /home/ys/ys_ws/install/robot_info --editable --build-directory /home/ys/ys_ws/build/robot_info/build --no-deps install_data --install-dir /home/ys/ys_ws/install/robot_info
