[0.199s] DEBUG:colcon:Command line arguments: ['/usr/bin/colcon', 'build', '--symlink-install']
[0.199s] DEBUG:colcon:Parsed command line arguments: Namespace(allow_overriding=[], ament_cmake_args=None, base_paths=['.'], build_base='build', catkin_cmake_args=None, catkin_skip_building_tests=False, cmake_args=None, cmake_clean_cache=False, cmake_clean_first=False, cmake_force_configure=False, cmake_target=None, cmake_target_skip_unavailable=False, continue_on_error=False, event_handlers=None, executor='parallel', ignore_user_meta=False, install_base='install', log_base=None, log_level=None, main=<bound method BuildVerb.main of <colcon_core.verb.build.BuildVerb object at 0x7fddad965400>>, merge_install=False, metas=['./colcon.meta'], packages_above=None, packages_above_and_dependencies=None, packages_above_depth=None, packages_end=None, packages_ignore=None, packages_ignore_regex=None, packages_select=None, packages_select_build_failed=False, packages_select_by_dep=None, packages_select_regex=None, packages_select_test_failures=False, packages_skip=None, packages_skip_build_finished=False, packages_skip_by_dep=None, packages_skip_regex=None, packages_skip_test_passed=False, packages_skip_up_to=None, packages_start=None, packages_up_to=None, packages_up_to_regex=None, parallel_workers=2, paths=None, symlink_install=True, test_result_base=None, verb_extension=<colcon_core.verb.build.BuildVerb object at 0x7fddad965400>, verb_name='build', verb_parser=<colcon_defaults.argument_parser.defaults.DefaultArgumentsDecorator object at 0x7fddad965940>)
[0.233s] Level 1:colcon.colcon_core.package_discovery:discover_packages(colcon_meta) check parameters
[0.233s] Level 1:colcon.colcon_core.package_discovery:discover_packages(recursive) check parameters
[0.233s] Level 1:colcon.colcon_core.package_discovery:discover_packages(ignore) check parameters
[0.233s] Level 1:colcon.colcon_core.package_discovery:discover_packages(path) check parameters
[0.233s] Level 1:colcon.colcon_core.package_discovery:discover_packages(colcon_meta) discover
[0.233s] Level 1:colcon.colcon_core.package_discovery:discover_packages(recursive) discover
[0.233s] INFO:colcon.colcon_core.package_discovery:Crawling recursively for packages in '/home/ys/ys_ws'
[0.233s] Level 1:colcon.colcon_core.package_identification:_identify(.) by extensions ['ignore', 'ignore_ament_install']
[0.233s] Level 1:colcon.colcon_core.package_identification:_identify(.) by extension 'ignore'
[0.233s] Level 1:colcon.colcon_core.package_identification:_identify(.) by extension 'ignore_ament_install'
[0.233s] Level 1:colcon.colcon_core.package_identification:_identify(.) by extensions ['colcon_pkg']
[0.233s] Level 1:colcon.colcon_core.package_identification:_identify(.) by extension 'colcon_pkg'
[0.234s] Level 1:colcon.colcon_core.package_identification:_identify(.) by extensions ['colcon_meta']
[0.234s] Level 1:colcon.colcon_core.package_identification:_identify(.) by extension 'colcon_meta'
[0.234s] Level 1:colcon.colcon_core.package_identification:_identify(.) by extensions ['ros']
[0.234s] Level 1:colcon.colcon_core.package_identification:_identify(.) by extension 'ros'
[0.247s] Level 1:colcon.colcon_core.package_identification:_identify(.) by extensions ['cmake', 'python']
[0.247s] Level 1:colcon.colcon_core.package_identification:_identify(.) by extension 'cmake'
[0.247s] Level 1:colcon.colcon_core.package_identification:_identify(.) by extension 'python'
[0.247s] Level 1:colcon.colcon_core.package_identification:_identify(.) by extensions ['python_setup_py']
[0.247s] Level 1:colcon.colcon_core.package_identification:_identify(.) by extension 'python_setup_py'
[0.247s] Level 1:colcon.colcon_core.package_identification:_identify(build) by extensions ['ignore', 'ignore_ament_install']
[0.247s] Level 1:colcon.colcon_core.package_identification:_identify(build) by extension 'ignore'
[0.247s] Level 1:colcon.colcon_core.package_identification:_identify(build) ignored
[0.247s] Level 1:colcon.colcon_core.package_identification:_identify(install) by extensions ['ignore', 'ignore_ament_install']
[0.247s] Level 1:colcon.colcon_core.package_identification:_identify(install) by extension 'ignore'
[0.248s] Level 1:colcon.colcon_core.package_identification:_identify(install) ignored
[0.248s] Level 1:colcon.colcon_core.package_identification:_identify(log) by extensions ['ignore', 'ignore_ament_install']
[0.248s] Level 1:colcon.colcon_core.package_identification:_identify(log) by extension 'ignore'
[0.248s] Level 1:colcon.colcon_core.package_identification:_identify(log) ignored
[0.248s] Level 1:colcon.colcon_core.package_identification:_identify(src) by extensions ['ignore', 'ignore_ament_install']
[0.248s] Level 1:colcon.colcon_core.package_identification:_identify(src) by extension 'ignore'
[0.248s] Level 1:colcon.colcon_core.package_identification:_identify(src) by extension 'ignore_ament_install'
[0.248s] Level 1:colcon.colcon_core.package_identification:_identify(src) by extensions ['colcon_pkg']
[0.248s] Level 1:colcon.colcon_core.package_identification:_identify(src) by extension 'colcon_pkg'
[0.248s] Level 1:colcon.colcon_core.package_identification:_identify(src) by extensions ['colcon_meta']
[0.248s] Level 1:colcon.colcon_core.package_identification:_identify(src) by extension 'colcon_meta'
[0.248s] Level 1:colcon.colcon_core.package_identification:_identify(src) by extensions ['ros']
[0.248s] Level 1:colcon.colcon_core.package_identification:_identify(src) by extension 'ros'
[0.248s] Level 1:colcon.colcon_core.package_identification:_identify(src) by extensions ['cmake', 'python']
[0.248s] Level 1:colcon.colcon_core.package_identification:_identify(src) by extension 'cmake'
[0.248s] Level 1:colcon.colcon_core.package_identification:_identify(src) by extension 'python'
[0.248s] Level 1:colcon.colcon_core.package_identification:_identify(src) by extensions ['python_setup_py']
[0.248s] Level 1:colcon.colcon_core.package_identification:_identify(src) by extension 'python_setup_py'
[0.249s] Level 1:colcon.colcon_core.package_identification:_identify(src/robot_info) by extensions ['ignore', 'ignore_ament_install']
[0.249s] Level 1:colcon.colcon_core.package_identification:_identify(src/robot_info) by extension 'ignore'
[0.249s] Level 1:colcon.colcon_core.package_identification:_identify(src/robot_info) by extension 'ignore_ament_install'
[0.249s] Level 1:colcon.colcon_core.package_identification:_identify(src/robot_info) by extensions ['colcon_pkg']
[0.249s] Level 1:colcon.colcon_core.package_identification:_identify(src/robot_info) by extension 'colcon_pkg'
[0.249s] Level 1:colcon.colcon_core.package_identification:_identify(src/robot_info) by extensions ['colcon_meta']
[0.249s] Level 1:colcon.colcon_core.package_identification:_identify(src/robot_info) by extension 'colcon_meta'
[0.249s] Level 1:colcon.colcon_core.package_identification:_identify(src/robot_info) by extensions ['ros']
[0.249s] Level 1:colcon.colcon_core.package_identification:_identify(src/robot_info) by extension 'ros'
[0.251s] DEBUG:colcon.colcon_core.package_identification:Package 'src/robot_info' with type 'ros.ament_python' and name 'robot_info'
[0.251s] Level 1:colcon.colcon_core.package_identification:_identify(src/robot_service) by extensions ['ignore', 'ignore_ament_install']
[0.252s] Level 1:colcon.colcon_core.package_identification:_identify(src/robot_service) by extension 'ignore'
[0.252s] Level 1:colcon.colcon_core.package_identification:_identify(src/robot_service) by extension 'ignore_ament_install'
[0.252s] Level 1:colcon.colcon_core.package_identification:_identify(src/robot_service) by extensions ['colcon_pkg']
[0.252s] Level 1:colcon.colcon_core.package_identification:_identify(src/robot_service) by extension 'colcon_pkg'
[0.252s] Level 1:colcon.colcon_core.package_identification:_identify(src/robot_service) by extensions ['colcon_meta']
[0.252s] Level 1:colcon.colcon_core.package_identification:_identify(src/robot_service) by extension 'colcon_meta'
[0.252s] Level 1:colcon.colcon_core.package_identification:_identify(src/robot_service) by extensions ['ros']
[0.252s] Level 1:colcon.colcon_core.package_identification:_identify(src/robot_service) by extension 'ros'
[0.252s] DEBUG:colcon.colcon_core.package_identification:Package 'src/robot_service' with type 'ros.ament_python' and name 'robot_service'
[0.253s] Level 1:colcon.colcon_core.package_identification:_identify(src/service) by extensions ['ignore', 'ignore_ament_install']
[0.253s] Level 1:colcon.colcon_core.package_identification:_identify(src/service) by extension 'ignore'
[0.253s] Level 1:colcon.colcon_core.package_identification:_identify(src/service) by extension 'ignore_ament_install'
[0.253s] Level 1:colcon.colcon_core.package_identification:_identify(src/service) by extensions ['colcon_pkg']
[0.253s] Level 1:colcon.colcon_core.package_identification:_identify(src/service) by extension 'colcon_pkg'
[0.253s] Level 1:colcon.colcon_core.package_identification:_identify(src/service) by extensions ['colcon_meta']
[0.253s] Level 1:colcon.colcon_core.package_identification:_identify(src/service) by extension 'colcon_meta'
[0.253s] Level 1:colcon.colcon_core.package_identification:_identify(src/service) by extensions ['ros']
[0.253s] Level 1:colcon.colcon_core.package_identification:_identify(src/service) by extension 'ros'
[0.253s] Level 1:colcon.colcon_core.package_identification:_identify(src/service) by extensions ['cmake', 'python']
[0.253s] Level 1:colcon.colcon_core.package_identification:_identify(src/service) by extension 'cmake'
[0.253s] Level 1:colcon.colcon_core.package_identification:_identify(src/service) by extension 'python'
[0.253s] Level 1:colcon.colcon_core.package_identification:_identify(src/service) by extensions ['python_setup_py']
[0.253s] Level 1:colcon.colcon_core.package_identification:_identify(src/service) by extension 'python_setup_py'
[0.253s] Level 1:colcon.colcon_core.package_identification:_identify(src/service/service) by extensions ['ignore', 'ignore_ament_install']
[0.253s] Level 1:colcon.colcon_core.package_identification:_identify(src/service/service) by extension 'ignore'
[0.254s] Level 1:colcon.colcon_core.package_identification:_identify(src/service/service) by extension 'ignore_ament_install'
[0.254s] Level 1:colcon.colcon_core.package_identification:_identify(src/service/service) by extensions ['colcon_pkg']
[0.254s] Level 1:colcon.colcon_core.package_identification:_identify(src/service/service) by extension 'colcon_pkg'
[0.254s] Level 1:colcon.colcon_core.package_identification:_identify(src/service/service) by extensions ['colcon_meta']
[0.254s] Level 1:colcon.colcon_core.package_identification:_identify(src/service/service) by extension 'colcon_meta'
[0.254s] Level 1:colcon.colcon_core.package_identification:_identify(src/service/service) by extensions ['ros']
[0.254s] Level 1:colcon.colcon_core.package_identification:_identify(src/service/service) by extension 'ros'
[0.254s] Level 1:colcon.colcon_core.package_identification:_identify(src/service/service) by extensions ['cmake', 'python']
[0.254s] Level 1:colcon.colcon_core.package_identification:_identify(src/service/service) by extension 'cmake'
[0.254s] Level 1:colcon.colcon_core.package_identification:_identify(src/service/service) by extension 'python'
[0.254s] Level 1:colcon.colcon_core.package_identification:_identify(src/service/service) by extensions ['python_setup_py']
[0.254s] Level 1:colcon.colcon_core.package_identification:_identify(src/service/service) by extension 'python_setup_py'
[0.254s] Level 1:colcon.colcon_core.package_identification:_identify(src/tutorial_interfaces) by extensions ['ignore', 'ignore_ament_install']
[0.254s] Level 1:colcon.colcon_core.package_identification:_identify(src/tutorial_interfaces) by extension 'ignore'
[0.254s] Level 1:colcon.colcon_core.package_identification:_identify(src/tutorial_interfaces) by extension 'ignore_ament_install'
[0.254s] Level 1:colcon.colcon_core.package_identification:_identify(src/tutorial_interfaces) by extensions ['colcon_pkg']
[0.254s] Level 1:colcon.colcon_core.package_identification:_identify(src/tutorial_interfaces) by extension 'colcon_pkg'
[0.254s] Level 1:colcon.colcon_core.package_identification:_identify(src/tutorial_interfaces) by extensions ['colcon_meta']
[0.254s] Level 1:colcon.colcon_core.package_identification:_identify(src/tutorial_interfaces) by extension 'colcon_meta'
[0.254s] Level 1:colcon.colcon_core.package_identification:_identify(src/tutorial_interfaces) by extensions ['ros']
[0.254s] Level 1:colcon.colcon_core.package_identification:_identify(src/tutorial_interfaces) by extension 'ros'
[0.255s] DEBUG:colcon.colcon_core.package_identification:Package 'src/tutorial_interfaces' with type 'ros.ament_cmake' and name 'tutorial_interfaces'
[0.255s] Level 1:colcon.colcon_core.package_discovery:discover_packages(recursive) using defaults
[0.255s] Level 1:colcon.colcon_core.package_discovery:discover_packages(ignore) discover
[0.255s] Level 1:colcon.colcon_core.package_discovery:discover_packages(ignore) using defaults
[0.255s] Level 1:colcon.colcon_core.package_discovery:discover_packages(path) discover
[0.255s] Level 1:colcon.colcon_core.package_discovery:discover_packages(path) using defaults
[0.288s] Level 1:colcon.colcon_core.package_discovery:discover_packages(prefix_path) check parameters
[0.288s] Level 1:colcon.colcon_core.package_discovery:discover_packages(prefix_path) discover
[0.303s] DEBUG:colcon.colcon_installed_package_information.package_discovery:Found 4 installed packages in /home/ys/ys_ws/install
[0.304s] DEBUG:colcon.colcon_installed_package_information.package_discovery:Found 13 installed packages in /home/ys/study_ws/install
[0.305s] DEBUG:colcon.colcon_installed_package_information.package_discovery:Found 2 installed packages in /home/ys/db_ws/install
[0.305s] DEBUG:colcon.colcon_installed_package_information.package_discovery:Found 5 installed packages in /home/ys/ros2swarm/install
[0.306s] DEBUG:colcon.colcon_installed_package_information.package_discovery:Found 12 installed packages in /home/ys/turtlebot3_ws/install
[0.308s] DEBUG:colcon.colcon_installed_package_information.package_discovery:Found 341 installed packages in /opt/ros/foxy
[0.309s] Level 1:colcon.colcon_core.package_discovery:discover_packages(prefix_path) using defaults
[0.516s] Level 5:colcon.colcon_core.verb:set package 'robot_service' build argument 'cmake_args' from command line to 'None'
[0.516s] Level 5:colcon.colcon_core.verb:set package 'robot_service' build argument 'cmake_target' from command line to 'None'
[0.517s] Level 5:colcon.colcon_core.verb:set package 'robot_service' build argument 'cmake_target_skip_unavailable' from command line to 'False'
[0.517s] Level 5:colcon.colcon_core.verb:set package 'robot_service' build argument 'cmake_clean_cache' from command line to 'False'
[0.517s] Level 5:colcon.colcon_core.verb:set package 'robot_service' build argument 'cmake_clean_first' from command line to 'False'
[0.517s] Level 5:colcon.colcon_core.verb:set package 'robot_service' build argument 'cmake_force_configure' from command line to 'False'
[0.517s] Level 5:colcon.colcon_core.verb:set package 'robot_service' build argument 'ament_cmake_args' from command line to 'None'
[0.517s] Level 5:colcon.colcon_core.verb:set package 'robot_service' build argument 'catkin_cmake_args' from command line to 'None'
[0.517s] Level 5:colcon.colcon_core.verb:set package 'robot_service' build argument 'catkin_skip_building_tests' from command line to 'False'
[0.517s] DEBUG:colcon.colcon_core.verb:Building package 'robot_service' with the following arguments: {'ament_cmake_args': None, 'build_base': '/home/ys/ys_ws/build/robot_service', 'catkin_cmake_args': None, 'catkin_skip_building_tests': False, 'cmake_args': None, 'cmake_clean_cache': False, 'cmake_clean_first': False, 'cmake_force_configure': False, 'cmake_target': None, 'cmake_target_skip_unavailable': False, 'install_base': '/home/ys/ys_ws/install/robot_service', 'merge_install': False, 'path': '/home/ys/ys_ws/src/robot_service', 'symlink_install': True, 'test_result_base': None}
[0.518s] Level 5:colcon.colcon_core.verb:set package 'tutorial_interfaces' build argument 'cmake_args' from command line to 'None'
[0.518s] Level 5:colcon.colcon_core.verb:set package 'tutorial_interfaces' build argument 'cmake_target' from command line to 'None'
[0.518s] Level 5:colcon.colcon_core.verb:set package 'tutorial_interfaces' build argument 'cmake_target_skip_unavailable' from command line to 'False'
[0.518s] Level 5:colcon.colcon_core.verb:set package 'tutorial_interfaces' build argument 'cmake_clean_cache' from command line to 'False'
[0.518s] Level 5:colcon.colcon_core.verb:set package 'tutorial_interfaces' build argument 'cmake_clean_first' from command line to 'False'
[0.518s] Level 5:colcon.colcon_core.verb:set package 'tutorial_interfaces' build argument 'cmake_force_configure' from command line to 'False'
[0.518s] Level 5:colcon.colcon_core.verb:set package 'tutorial_interfaces' build argument 'ament_cmake_args' from command line to 'None'
[0.518s] Level 5:colcon.colcon_core.verb:set package 'tutorial_interfaces' build argument 'catkin_cmake_args' from command line to 'None'
[0.518s] Level 5:colcon.colcon_core.verb:set package 'tutorial_interfaces' build argument 'catkin_skip_building_tests' from command line to 'False'
[0.518s] DEBUG:colcon.colcon_core.verb:Building package 'tutorial_interfaces' with the following arguments: {'ament_cmake_args': None, 'build_base': '/home/ys/ys_ws/build/tutorial_interfaces', 'catkin_cmake_args': None, 'catkin_skip_building_tests': False, 'cmake_args': None, 'cmake_clean_cache': False, 'cmake_clean_first': False, 'cmake_force_configure': False, 'cmake_target': None, 'cmake_target_skip_unavailable': False, 'install_base': '/home/ys/ys_ws/install/tutorial_interfaces', 'merge_install': False, 'path': '/home/ys/ys_ws/src/tutorial_interfaces', 'symlink_install': True, 'test_result_base': None}
[0.519s] Level 5:colcon.colcon_core.verb:set package 'robot_info' build argument 'cmake_args' from command line to 'None'
[0.519s] Level 5:colcon.colcon_core.verb:set package 'robot_info' build argument 'cmake_target' from command line to 'None'
[0.519s] Level 5:colcon.colcon_core.verb:set package 'robot_info' build argument 'cmake_target_skip_unavailable' from command line to 'False'
[0.519s] Level 5:colcon.colcon_core.verb:set package 'robot_info' build argument 'cmake_clean_cache' from command line to 'False'
[0.519s] Level 5:colcon.colcon_core.verb:set package 'robot_info' build argument 'cmake_clean_first' from command line to 'False'
[0.519s] Level 5:colcon.colcon_core.verb:set package 'robot_info' build argument 'cmake_force_configure' from command line to 'False'
[0.519s] Level 5:colcon.colcon_core.verb:set package 'robot_info' build argument 'ament_cmake_args' from command line to 'None'
[0.519s] Level 5:colcon.colcon_core.verb:set package 'robot_info' build argument 'catkin_cmake_args' from command line to 'None'
[0.519s] Level 5:colcon.colcon_core.verb:set package 'robot_info' build argument 'catkin_skip_building_tests' from command line to 'False'
[0.519s] DEBUG:colcon.colcon_core.verb:Building package 'robot_info' with the following arguments: {'ament_cmake_args': None, 'build_base': '/home/ys/ys_ws/build/robot_info', 'catkin_cmake_args': None, 'catkin_skip_building_tests': False, 'cmake_args': None, 'cmake_clean_cache': False, 'cmake_clean_first': False, 'cmake_force_configure': False, 'cmake_target': None, 'cmake_target_skip_unavailable': False, 'install_base': '/home/ys/ys_ws/install/robot_info', 'merge_install': False, 'path': '/home/ys/ys_ws/src/robot_info', 'symlink_install': True, 'test_result_base': None}
[0.519s] INFO:colcon.colcon_core.executor:Executing jobs using 'parallel' executor
[0.523s] DEBUG:colcon.colcon_parallel_executor.executor.parallel:run_until_complete
[0.523s] INFO:colcon.colcon_ros.task.ament_cmake.build:Building ROS package in '/home/ys/ys_ws/src/tutorial_interfaces' with build type 'ament_cmake'
[0.523s] INFO:colcon.colcon_cmake.task.cmake.build:Building CMake package in '/home/ys/ys_ws/src/tutorial_interfaces'
[0.536s] INFO:colcon.colcon_core.plugin_system:Skipping extension 'colcon_core.shell.bat': Not used on non-Windows systems
[0.536s] INFO:colcon.colcon_core.shell:Skip shell extension 'powershell' for command environment: Not usable outside of PowerShell
[0.536s] DEBUG:colcon.colcon_core.shell:Skip shell extension 'dsv' for command environment
[0.548s] INFO:colcon.colcon_ros.task.ament_python.build:Building ROS package in '/home/ys/ys_ws/src/robot_service' with build type 'ament_python'
[0.548s] Level 1:colcon.colcon_core.shell:create_environment_hook('robot_service', 'ament_prefix_path')
[0.550s] INFO:colcon.colcon_core.shell:Creating environment hook '/home/ys/ys_ws/install/robot_service/share/robot_service/hook/ament_prefix_path.ps1'
[0.552s] INFO:colcon.colcon_core.shell:Creating environment descriptor '/home/ys/ys_ws/install/robot_service/share/robot_service/hook/ament_prefix_path.dsv'
[0.554s] INFO:colcon.colcon_core.shell:Creating environment hook '/home/ys/ys_ws/install/robot_service/share/robot_service/hook/ament_prefix_path.sh'
[0.557s] INFO:colcon.colcon_core.shell:Skip shell extension 'powershell' for command environment: Not usable outside of PowerShell
[0.557s] DEBUG:colcon.colcon_core.shell:Skip shell extension 'dsv' for command environment
[0.576s] DEBUG:colcon.colcon_core.event_handler.log_command:Invoking command in '/home/ys/ys_ws/build/tutorial_interfaces': CMAKE_PREFIX_PATH=${CMAKE_PREFIX_PATH}:/home/ys/ys_ws/install/robot_info:/home/ys/ys_ws/install/service:/home/ys/ys_ws/install/robot_service:/home/ys/turtlebot3_ws/install/turtlebot3_teleop:/home/ys/turtlebot3_ws/install/turtlebot3_example:/home/ys/study_ws/install/topic_service_action_rclpy_example:/home/ys/study_ws/install/time_rclpy_example:/home/ys/study_ws/install/tf2_rclpy_example:/home/ys/study_ws/install/ros2env:/home/ys/study_ws/install/my_first_ros_rclpy_pkg:/home/ys/study_ws/install/logging_rclpy_example:/home/ys/db_ws/install/examples_rclpy_minimal_subscriber:/home/ys/db_ws/install/db_subscriber:/home/ys/ros2swarm/install/ros2swarm:/home/ys/ros2swarm/install/multi:/home/ys/ros2swarm/install/launch_turtlebot_gazebo:/opt/ros/foxy /usr/bin/cmake --build /home/ys/ys_ws/build/tutorial_interfaces -- -j2 -l2
[1.061s] INFO:colcon.colcon_core.task.python.build:Building Python package in '/home/ys/ys_ws/src/robot_service'
[1.063s] INFO:colcon.colcon_core.shell:Skip shell extension 'powershell' for command environment: Not usable outside of PowerShell
[1.063s] DEBUG:colcon.colcon_core.shell:Skip shell extension 'dsv' for command environment
[1.713s] DEBUG:colcon.colcon_core.event_handler.log_command:Invoked command in '/home/ys/ys_ws/build/tutorial_interfaces' returned '0': CMAKE_PREFIX_PATH=${CMAKE_PREFIX_PATH}:/home/ys/ys_ws/install/robot_info:/home/ys/ys_ws/install/service:/home/ys/ys_ws/install/robot_service:/home/ys/turtlebot3_ws/install/turtlebot3_teleop:/home/ys/turtlebot3_ws/install/turtlebot3_example:/home/ys/study_ws/install/topic_service_action_rclpy_example:/home/ys/study_ws/install/time_rclpy_example:/home/ys/study_ws/install/tf2_rclpy_example:/home/ys/study_ws/install/ros2env:/home/ys/study_ws/install/my_first_ros_rclpy_pkg:/home/ys/study_ws/install/logging_rclpy_example:/home/ys/db_ws/install/examples_rclpy_minimal_subscriber:/home/ys/db_ws/install/db_subscriber:/home/ys/ros2swarm/install/ros2swarm:/home/ys/ros2swarm/install/multi:/home/ys/ros2swarm/install/launch_turtlebot_gazebo:/opt/ros/foxy /usr/bin/cmake --build /home/ys/ys_ws/build/tutorial_interfaces -- -j2 -l2
[2.026s] DEBUG:colcon.colcon_core.event_handler.log_command:Invoking command in '/home/ys/ys_ws/build/robot_service': PYTHONPATH=/home/ys/ys_ws/install/robot_service/lib/python3.8/site-packages:${PYTHONPATH} /usr/bin/python3 setup.py develop --prefix /home/ys/ys_ws/install/robot_service --editable --build-directory /home/ys/ys_ws/build/robot_service/build --no-deps install_data --install-dir /home/ys/ys_ws/install/robot_service
[2.145s] DEBUG:colcon.colcon_core.event_handler.log_command:Invoking command in '/home/ys/ys_ws/build/tutorial_interfaces': CMAKE_PREFIX_PATH=${CMAKE_PREFIX_PATH}:/home/ys/ys_ws/install/robot_info:/home/ys/ys_ws/install/service:/home/ys/ys_ws/install/robot_service:/home/ys/turtlebot3_ws/install/turtlebot3_teleop:/home/ys/turtlebot3_ws/install/turtlebot3_example:/home/ys/study_ws/install/topic_service_action_rclpy_example:/home/ys/study_ws/install/time_rclpy_example:/home/ys/study_ws/install/tf2_rclpy_example:/home/ys/study_ws/install/ros2env:/home/ys/study_ws/install/my_first_ros_rclpy_pkg:/home/ys/study_ws/install/logging_rclpy_example:/home/ys/db_ws/install/examples_rclpy_minimal_subscriber:/home/ys/db_ws/install/db_subscriber:/home/ys/ros2swarm/install/ros2swarm:/home/ys/ros2swarm/install/multi:/home/ys/ros2swarm/install/launch_turtlebot_gazebo:/opt/ros/foxy /usr/bin/cmake --install /home/ys/ys_ws/build/tutorial_interfaces
[2.403s] Level 1:colcon.colcon_core.environment:create_environment_scripts_only(tutorial_interfaces)
[2.404s] DEBUG:colcon.colcon_core.event_handler.log_command:Invoked command in '/home/ys/ys_ws/build/tutorial_interfaces' returned '0': CMAKE_PREFIX_PATH=${CMAKE_PREFIX_PATH}:/home/ys/ys_ws/install/robot_info:/home/ys/ys_ws/install/service:/home/ys/ys_ws/install/robot_service:/home/ys/turtlebot3_ws/install/turtlebot3_teleop:/home/ys/turtlebot3_ws/install/turtlebot3_example:/home/ys/study_ws/install/topic_service_action_rclpy_example:/home/ys/study_ws/install/time_rclpy_example:/home/ys/study_ws/install/tf2_rclpy_example:/home/ys/study_ws/install/ros2env:/home/ys/study_ws/install/my_first_ros_rclpy_pkg:/home/ys/study_ws/install/logging_rclpy_example:/home/ys/db_ws/install/examples_rclpy_minimal_subscriber:/home/ys/db_ws/install/db_subscriber:/home/ys/ros2swarm/install/ros2swarm:/home/ys/ros2swarm/install/multi:/home/ys/ros2swarm/install/launch_turtlebot_gazebo:/opt/ros/foxy /usr/bin/cmake --install /home/ys/ys_ws/build/tutorial_interfaces
[2.416s] Level 1:colcon.colcon_core.environment:checking '/home/ys/ys_ws/install/tutorial_interfaces' for CMake module files
[2.417s] Level 1:colcon.colcon_core.environment:checking '/home/ys/ys_ws/install/tutorial_interfaces' for CMake config files
[2.417s] Level 1:colcon.colcon_core.shell:create_environment_hook('tutorial_interfaces', 'cmake_prefix_path')
[2.418s] INFO:colcon.colcon_core.shell:Creating environment hook '/home/ys/ys_ws/install/tutorial_interfaces/share/tutorial_interfaces/hook/cmake_prefix_path.ps1'
[2.425s] INFO:colcon.colcon_core.shell:Creating environment descriptor '/home/ys/ys_ws/install/tutorial_interfaces/share/tutorial_interfaces/hook/cmake_prefix_path.dsv'
[2.426s] INFO:colcon.colcon_core.shell:Creating environment hook '/home/ys/ys_ws/install/tutorial_interfaces/share/tutorial_interfaces/hook/cmake_prefix_path.sh'
[2.427s] Level 1:colcon.colcon_core.environment:checking '/home/ys/ys_ws/install/tutorial_interfaces/lib'
[2.427s] Level 1:colcon.colcon_core.shell:create_environment_hook('tutorial_interfaces', 'ld_library_path_lib')
[2.428s] INFO:colcon.colcon_core.shell:Creating environment hook '/home/ys/ys_ws/install/tutorial_interfaces/share/tutorial_interfaces/hook/ld_library_path_lib.ps1'
[2.428s] INFO:colcon.colcon_core.shell:Creating environment descriptor '/home/ys/ys_ws/install/tutorial_interfaces/share/tutorial_interfaces/hook/ld_library_path_lib.dsv'
[2.429s] INFO:colcon.colcon_core.shell:Creating environment hook '/home/ys/ys_ws/install/tutorial_interfaces/share/tutorial_interfaces/hook/ld_library_path_lib.sh'
[2.432s] Level 1:colcon.colcon_core.environment:checking '/home/ys/ys_ws/install/tutorial_interfaces/bin'
[2.432s] Level 1:colcon.colcon_core.environment:checking '/home/ys/ys_ws/install/tutorial_interfaces/lib/pkgconfig/tutorial_interfaces.pc'
[2.432s] Level 1:colcon.colcon_core.environment:checking '/home/ys/ys_ws/install/tutorial_interfaces/lib/python3.8/site-packages'
[2.432s] Level 1:colcon.colcon_core.shell:create_environment_hook('tutorial_interfaces', 'pythonpath')
[2.433s] INFO:colcon.colcon_core.shell:Creating environment hook '/home/ys/ys_ws/install/tutorial_interfaces/share/tutorial_interfaces/hook/pythonpath.ps1'
[2.434s] INFO:colcon.colcon_core.shell:Creating environment descriptor '/home/ys/ys_ws/install/tutorial_interfaces/share/tutorial_interfaces/hook/pythonpath.dsv'
[2.434s] INFO:colcon.colcon_core.shell:Creating environment hook '/home/ys/ys_ws/install/tutorial_interfaces/share/tutorial_interfaces/hook/pythonpath.sh'
[2.435s] Level 1:colcon.colcon_core.environment:checking '/home/ys/ys_ws/install/tutorial_interfaces/bin'
[2.436s] INFO:colcon.colcon_core.shell:Creating package script '/home/ys/ys_ws/install/tutorial_interfaces/share/tutorial_interfaces/package.ps1'
[2.445s] INFO:colcon.colcon_core.shell:Creating package descriptor '/home/ys/ys_ws/install/tutorial_interfaces/share/tutorial_interfaces/package.dsv'
[2.453s] INFO:colcon.colcon_core.shell:Creating package script '/home/ys/ys_ws/install/tutorial_interfaces/share/tutorial_interfaces/package.sh'
[2.455s] INFO:colcon.colcon_core.shell:Creating package script '/home/ys/ys_ws/install/tutorial_interfaces/share/tutorial_interfaces/package.bash'
[2.456s] INFO:colcon.colcon_core.shell:Creating package script '/home/ys/ys_ws/install/tutorial_interfaces/share/tutorial_interfaces/package.zsh'
[2.458s] Level 1:colcon.colcon_core.environment:create_file_with_runtime_dependencies(/home/ys/ys_ws/install/tutorial_interfaces/share/colcon-core/packages/tutorial_interfaces)
[2.735s] Level 1:colcon.colcon_core.shell:create_environment_hook('robot_service', 'pythonpath_develop')
[2.737s] INFO:colcon.colcon_core.shell:Creating environment hook '/home/ys/ys_ws/build/robot_service/share/robot_service/hook/pythonpath_develop.ps1'
[2.737s] DEBUG:colcon.colcon_core.event_handler.log_command:Invoked command in '/home/ys/ys_ws/build/robot_service' returned '0': PYTHONPATH=/home/ys/ys_ws/install/robot_service/lib/python3.8/site-packages:${PYTHONPATH} /usr/bin/python3 setup.py develop --prefix /home/ys/ys_ws/install/robot_service --editable --build-directory /home/ys/ys_ws/build/robot_service/build --no-deps install_data --install-dir /home/ys/ys_ws/install/robot_service
[2.739s] INFO:colcon.colcon_core.shell:Creating environment descriptor '/home/ys/ys_ws/build/robot_service/share/robot_service/hook/pythonpath_develop.dsv'
[2.739s] INFO:colcon.colcon_core.shell:Creating environment hook '/home/ys/ys_ws/build/robot_service/share/robot_service/hook/pythonpath_develop.sh'
[2.741s] Level 1:colcon.colcon_core.environment:checking '/home/ys/ys_ws/install/robot_service' for CMake module files
[2.742s] Level 1:colcon.colcon_core.environment:checking '/home/ys/ys_ws/install/robot_service' for CMake config files
[2.742s] Level 1:colcon.colcon_core.environment:checking '/home/ys/ys_ws/install/robot_service/lib'
[2.742s] Level 1:colcon.colcon_core.environment:checking '/home/ys/ys_ws/install/robot_service/bin'
[2.742s] Level 1:colcon.colcon_core.environment:checking '/home/ys/ys_ws/install/robot_service/lib/pkgconfig/robot_service.pc'
[2.743s] Level 1:colcon.colcon_core.environment:checking '/home/ys/ys_ws/install/robot_service/lib/python3.8/site-packages'
[2.743s] Level 1:colcon.colcon_core.shell:create_environment_hook('robot_service', 'pythonpath')
[2.744s] INFO:colcon.colcon_core.shell:Creating environment hook '/home/ys/ys_ws/install/robot_service/share/robot_service/hook/pythonpath.ps1'
[2.744s] INFO:colcon.colcon_core.shell:Creating environment descriptor '/home/ys/ys_ws/install/robot_service/share/robot_service/hook/pythonpath.dsv'
[2.747s] INFO:colcon.colcon_core.shell:Creating environment hook '/home/ys/ys_ws/install/robot_service/share/robot_service/hook/pythonpath.sh'
[2.747s] Level 1:colcon.colcon_core.environment:checking '/home/ys/ys_ws/install/robot_service/bin'
[2.747s] Level 1:colcon.colcon_core.environment:create_environment_scripts_only(robot_service)
[2.749s] INFO:colcon.colcon_core.shell:Creating package script '/home/ys/ys_ws/install/robot_service/share/robot_service/package.ps1'
[2.749s] INFO:colcon.colcon_core.shell:Creating package descriptor '/home/ys/ys_ws/install/robot_service/share/robot_service/package.dsv'
[2.750s] INFO:colcon.colcon_core.shell:Creating package script '/home/ys/ys_ws/install/robot_service/share/robot_service/package.sh'
[2.751s] INFO:colcon.colcon_core.shell:Creating package script '/home/ys/ys_ws/install/robot_service/share/robot_service/package.bash'
[2.751s] INFO:colcon.colcon_core.shell:Creating package script '/home/ys/ys_ws/install/robot_service/share/robot_service/package.zsh'
[2.751s] Level 1:colcon.colcon_core.environment:create_file_with_runtime_dependencies(/home/ys/ys_ws/install/robot_service/share/colcon-core/packages/robot_service)
[2.789s] Level 1:colcon.colcon_core.environment:create_environment_scripts_only(tutorial_interfaces)
[2.791s] Level 1:colcon.colcon_core.environment:checking '/home/ys/ys_ws/install/tutorial_interfaces' for CMake module files
[2.791s] Level 1:colcon.colcon_core.environment:checking '/home/ys/ys_ws/install/tutorial_interfaces' for CMake config files
[2.791s] Level 1:colcon.colcon_core.shell:create_environment_hook('tutorial_interfaces', 'cmake_prefix_path')
[2.793s] INFO:colcon.colcon_core.shell:Creating environment hook '/home/ys/ys_ws/install/tutorial_interfaces/share/tutorial_interfaces/hook/cmake_prefix_path.ps1'
[2.793s] INFO:colcon.colcon_core.shell:Creating environment descriptor '/home/ys/ys_ws/install/tutorial_interfaces/share/tutorial_interfaces/hook/cmake_prefix_path.dsv'
[2.794s] INFO:colcon.colcon_core.shell:Creating environment hook '/home/ys/ys_ws/install/tutorial_interfaces/share/tutorial_interfaces/hook/cmake_prefix_path.sh'
[2.795s] Level 1:colcon.colcon_core.environment:checking '/home/ys/ys_ws/install/tutorial_interfaces/lib'
[2.795s] Level 1:colcon.colcon_core.shell:create_environment_hook('tutorial_interfaces', 'ld_library_path_lib')
[2.796s] INFO:colcon.colcon_core.shell:Creating environment hook '/home/ys/ys_ws/install/tutorial_interfaces/share/tutorial_interfaces/hook/ld_library_path_lib.ps1'
[2.796s] INFO:colcon.colcon_core.shell:Creating environment descriptor '/home/ys/ys_ws/install/tutorial_interfaces/share/tutorial_interfaces/hook/ld_library_path_lib.dsv'
[2.797s] INFO:colcon.colcon_core.shell:Creating environment hook '/home/ys/ys_ws/install/tutorial_interfaces/share/tutorial_interfaces/hook/ld_library_path_lib.sh'
[2.797s] Level 1:colcon.colcon_core.environment:checking '/home/ys/ys_ws/install/tutorial_interfaces/bin'
[2.797s] Level 1:colcon.colcon_core.environment:checking '/home/ys/ys_ws/install/tutorial_interfaces/lib/pkgconfig/tutorial_interfaces.pc'
[2.797s] Level 1:colcon.colcon_core.environment:checking '/home/ys/ys_ws/install/tutorial_interfaces/lib/python3.8/site-packages'
[2.798s] Level 1:colcon.colcon_core.shell:create_environment_hook('tutorial_interfaces', 'pythonpath')
[2.798s] INFO:colcon.colcon_core.shell:Creating environment hook '/home/ys/ys_ws/install/tutorial_interfaces/share/tutorial_interfaces/hook/pythonpath.ps1'
[2.799s] INFO:colcon.colcon_core.shell:Creating environment descriptor '/home/ys/ys_ws/install/tutorial_interfaces/share/tutorial_interfaces/hook/pythonpath.dsv'
[2.799s] INFO:colcon.colcon_core.shell:Creating environment hook '/home/ys/ys_ws/install/tutorial_interfaces/share/tutorial_interfaces/hook/pythonpath.sh'
[2.800s] Level 1:colcon.colcon_core.environment:checking '/home/ys/ys_ws/install/tutorial_interfaces/bin'
[2.801s] INFO:colcon.colcon_core.shell:Creating package script '/home/ys/ys_ws/install/tutorial_interfaces/share/tutorial_interfaces/package.ps1'
[2.802s] INFO:colcon.colcon_core.shell:Creating package descriptor '/home/ys/ys_ws/install/tutorial_interfaces/share/tutorial_interfaces/package.dsv'
[2.802s] INFO:colcon.colcon_core.shell:Creating package script '/home/ys/ys_ws/install/tutorial_interfaces/share/tutorial_interfaces/package.sh'
[2.803s] INFO:colcon.colcon_core.shell:Creating package script '/home/ys/ys_ws/install/tutorial_interfaces/share/tutorial_interfaces/package.bash'
[2.803s] INFO:colcon.colcon_core.shell:Creating package script '/home/ys/ys_ws/install/tutorial_interfaces/share/tutorial_interfaces/package.zsh'
[2.804s] Level 1:colcon.colcon_core.environment:create_file_with_runtime_dependencies(/home/ys/ys_ws/install/tutorial_interfaces/share/colcon-core/packages/tutorial_interfaces)
[2.805s] INFO:colcon.colcon_ros.task.ament_python.build:Building ROS package in '/home/ys/ys_ws/src/robot_info' with build type 'ament_python'
[2.805s] Level 1:colcon.colcon_core.shell:create_environment_hook('robot_info', 'ament_prefix_path')
[2.807s] INFO:colcon.colcon_core.shell:Creating environment hook '/home/ys/ys_ws/install/robot_info/share/robot_info/hook/ament_prefix_path.ps1'
[2.807s] INFO:colcon.colcon_core.shell:Creating environment descriptor '/home/ys/ys_ws/install/robot_info/share/robot_info/hook/ament_prefix_path.dsv'
[2.808s] INFO:colcon.colcon_core.shell:Creating environment hook '/home/ys/ys_ws/install/robot_info/share/robot_info/hook/ament_prefix_path.sh'
[2.809s] INFO:colcon.colcon_core.shell:Skip shell extension 'powershell' for command environment: Not usable outside of PowerShell
[2.809s] DEBUG:colcon.colcon_core.shell:Skip shell extension 'dsv' for command environment
[3.079s] INFO:colcon.colcon_core.task.python.build:Building Python package in '/home/ys/ys_ws/src/robot_info'
[3.081s] INFO:colcon.colcon_core.shell:Skip shell extension 'powershell' for command environment: Not usable outside of PowerShell
[3.081s] DEBUG:colcon.colcon_core.shell:Skip shell extension 'dsv' for command environment
[3.478s] DEBUG:colcon.colcon_core.event_handler.log_command:Invoking command in '/home/ys/ys_ws/build/robot_info': PYTHONPATH=/home/ys/ys_ws/install/robot_info/lib/python3.8/site-packages:/home/ys/ys_ws/install/tutorial_interfaces/lib/python3.8/site-packages:/home/ys/ys_ws/build/robot_info:/home/ys/ys_ws/install/robot_info/lib/python3.8/site-packages:/home/ys/ys_ws/build/service:/home/ys/ys_ws/install/service/lib/python3.8/site-packages:/home/ys/ys_ws/build/robot_service:/home/ys/ys_ws/install/robot_service/lib/python3.8/site-packages:/home/ys/turtlebot3_ws/build/turtlebot3_teleop:/home/ys/turtlebot3_ws/install/turtlebot3_teleop/lib/python3.8/site-packages:/home/ys/turtlebot3_ws/build/turtlebot3_example:/home/ys/turtlebot3_ws/install/turtlebot3_example/lib/python3.8/site-packages:/home/ys/turtlebot3_ws/install/turtlebot3_msgs/lib/python3.8/site-packages:/home/ys/study_ws/build/topic_service_action_rclpy_example:/home/ys/study_ws/install/topic_service_action_rclpy_example/lib/python3.8/site-packages:/home/ys/study_ws/build/time_rclpy_example:/home/ys/study_ws/install/time_rclpy_example/lib/python3.8/site-packages:/home/ys/study_ws/build/tf2_rclpy_example:/home/ys/study_ws/install/tf2_rclpy_example/lib/python3.8/site-packages:/home/ys/study_ws/install/rqt_example/lib/python3.8/site-packages:/home/ys/study_ws/build/ros2env:/home/ys/study_ws/install/ros2env/lib/python3.8/site-packages:/home/ys/study_ws/build/my_first_ros_rclpy_pkg:/home/ys/study_ws/install/my_first_ros_rclpy_pkg/lib/python3.8/site-packages:/home/ys/study_ws/install/msg_srv_action_interface_example/lib/python3.8/site-packages:/home/ys/study_ws/build/logging_rclpy_example:/home/ys/study_ws/install/logging_rclpy_example/lib/python3.8/site-packages:/home/ys/db_ws/build/examples_rclpy_minimal_subscriber:/home/ys/db_ws/install/examples_rclpy_minimal_subscriber/lib/python3.8/site-packages:/home/ys/db_ws/build/db_subscriber:/home/ys/db_ws/install/db_subscriber/lib/python3.8/site-packages:/home/ys/ros2swarm/build/ros2swarm:/home/ys/ros2swarm/install/ros2swarm/lib/python3.8/site-packages:/home/ys/ros2swarm/build/multi:/home/ys/ros2swarm/install/multi/lib/python3.8/site-packages:/home/ys/ros2swarm/build/launch_turtlebot_gazebo:/home/ys/ros2swarm/install/launch_turtlebot_gazebo/lib/python3.8/site-packages:/home/ys/ros2swarm/install/communication_interfaces/lib/python3.8/site-packages:/opt/ros/foxy/lib/python3.8/site-packages /usr/bin/python3 setup.py develop --prefix /home/ys/ys_ws/install/robot_info --editable --build-directory /home/ys/ys_ws/build/robot_info/build --no-deps install_data --install-dir /home/ys/ys_ws/install/robot_info
[3.945s] Level 1:colcon.colcon_core.shell:create_environment_hook('robot_info', 'pythonpath_develop')
[3.948s] INFO:colcon.colcon_core.shell:Creating environment hook '/home/ys/ys_ws/build/robot_info/share/robot_info/hook/pythonpath_develop.ps1'
[3.949s] DEBUG:colcon.colcon_core.event_handler.log_command:Invoked command in '/home/ys/ys_ws/build/robot_info' returned '0': PYTHONPATH=/home/ys/ys_ws/install/robot_info/lib/python3.8/site-packages:/home/ys/ys_ws/install/tutorial_interfaces/lib/python3.8/site-packages:/home/ys/ys_ws/build/robot_info:/home/ys/ys_ws/install/robot_info/lib/python3.8/site-packages:/home/ys/ys_ws/build/service:/home/ys/ys_ws/install/service/lib/python3.8/site-packages:/home/ys/ys_ws/build/robot_service:/home/ys/ys_ws/install/robot_service/lib/python3.8/site-packages:/home/ys/turtlebot3_ws/build/turtlebot3_teleop:/home/ys/turtlebot3_ws/install/turtlebot3_teleop/lib/python3.8/site-packages:/home/ys/turtlebot3_ws/build/turtlebot3_example:/home/ys/turtlebot3_ws/install/turtlebot3_example/lib/python3.8/site-packages:/home/ys/turtlebot3_ws/install/turtlebot3_msgs/lib/python3.8/site-packages:/home/ys/study_ws/build/topic_service_action_rclpy_example:/home/ys/study_ws/install/topic_service_action_rclpy_example/lib/python3.8/site-packages:/home/ys/study_ws/build/time_rclpy_example:/home/ys/study_ws/install/time_rclpy_example/lib/python3.8/site-packages:/home/ys/study_ws/build/tf2_rclpy_example:/home/ys/study_ws/install/tf2_rclpy_example/lib/python3.8/site-packages:/home/ys/study_ws/install/rqt_example/lib/python3.8/site-packages:/home/ys/study_ws/build/ros2env:/home/ys/study_ws/install/ros2env/lib/python3.8/site-packages:/home/ys/study_ws/build/my_first_ros_rclpy_pkg:/home/ys/study_ws/install/my_first_ros_rclpy_pkg/lib/python3.8/site-packages:/home/ys/study_ws/install/msg_srv_action_interface_example/lib/python3.8/site-packages:/home/ys/study_ws/build/logging_rclpy_example:/home/ys/study_ws/install/logging_rclpy_example/lib/python3.8/site-packages:/home/ys/db_ws/build/examples_rclpy_minimal_subscriber:/home/ys/db_ws/install/examples_rclpy_minimal_subscriber/lib/python3.8/site-packages:/home/ys/db_ws/build/db_subscriber:/home/ys/db_ws/install/db_subscriber/lib/python3.8/site-packages:/home/ys/ros2swarm/build/ros2swarm:/home/ys/ros2swarm/install/ros2swarm/lib/python3.8/site-packages:/home/ys/ros2swarm/build/multi:/home/ys/ros2swarm/install/multi/lib/python3.8/site-packages:/home/ys/ros2swarm/build/launch_turtlebot_gazebo:/home/ys/ros2swarm/install/launch_turtlebot_gazebo/lib/python3.8/site-packages:/home/ys/ros2swarm/install/communication_interfaces/lib/python3.8/site-packages:/opt/ros/foxy/lib/python3.8/site-packages /usr/bin/python3 setup.py develop --prefix /home/ys/ys_ws/install/robot_info --editable --build-directory /home/ys/ys_ws/build/robot_info/build --no-deps install_data --install-dir /home/ys/ys_ws/install/robot_info
[3.949s] INFO:colcon.colcon_core.shell:Creating environment descriptor '/home/ys/ys_ws/build/robot_info/share/robot_info/hook/pythonpath_develop.dsv'
[3.951s] INFO:colcon.colcon_core.shell:Creating environment hook '/home/ys/ys_ws/build/robot_info/share/robot_info/hook/pythonpath_develop.sh'
[3.954s] Level 1:colcon.colcon_core.environment:checking '/home/ys/ys_ws/install/robot_info' for CMake module files
[3.954s] Level 1:colcon.colcon_core.environment:checking '/home/ys/ys_ws/install/robot_info' for CMake config files
[3.955s] Level 1:colcon.colcon_core.environment:checking '/home/ys/ys_ws/install/robot_info/lib'
[3.955s] Level 1:colcon.colcon_core.environment:checking '/home/ys/ys_ws/install/robot_info/bin'
[3.955s] Level 1:colcon.colcon_core.environment:checking '/home/ys/ys_ws/install/robot_info/lib/pkgconfig/robot_info.pc'
[3.955s] Level 1:colcon.colcon_core.environment:checking '/home/ys/ys_ws/install/robot_info/lib/python3.8/site-packages'
[3.956s] Level 1:colcon.colcon_core.shell:create_environment_hook('robot_info', 'pythonpath')
[3.960s] INFO:colcon.colcon_core.shell:Creating environment hook '/home/ys/ys_ws/install/robot_info/share/robot_info/hook/pythonpath.ps1'
[3.961s] INFO:colcon.colcon_core.shell:Creating environment descriptor '/home/ys/ys_ws/install/robot_info/share/robot_info/hook/pythonpath.dsv'
[3.961s] INFO:colcon.colcon_core.shell:Creating environment hook '/home/ys/ys_ws/install/robot_info/share/robot_info/hook/pythonpath.sh'
[3.962s] Level 1:colcon.colcon_core.environment:checking '/home/ys/ys_ws/install/robot_info/bin'
[3.962s] Level 1:colcon.colcon_core.environment:create_environment_scripts_only(robot_info)
[3.963s] INFO:colcon.colcon_core.shell:Creating package script '/home/ys/ys_ws/install/robot_info/share/robot_info/package.ps1'
[3.964s] INFO:colcon.colcon_core.shell:Creating package descriptor '/home/ys/ys_ws/install/robot_info/share/robot_info/package.dsv'
[3.965s] INFO:colcon.colcon_core.shell:Creating package script '/home/ys/ys_ws/install/robot_info/share/robot_info/package.sh'
[3.965s] INFO:colcon.colcon_core.shell:Creating package script '/home/ys/ys_ws/install/robot_info/share/robot_info/package.bash'
[3.966s] INFO:colcon.colcon_core.shell:Creating package script '/home/ys/ys_ws/install/robot_info/share/robot_info/package.zsh'
[3.966s] Level 1:colcon.colcon_core.environment:create_file_with_runtime_dependencies(/home/ys/ys_ws/install/robot_info/share/colcon-core/packages/robot_info)
[3.967s] DEBUG:colcon.colcon_parallel_executor.executor.parallel:closing loop
[3.968s] DEBUG:colcon.colcon_parallel_executor.executor.parallel:loop closed
[3.969s] DEBUG:colcon.colcon_parallel_executor.executor.parallel:run_until_complete finished with '0'
[3.969s] DEBUG:colcon.colcon_core.event_reactor:joining thread
[3.990s] INFO:colcon.colcon_core.plugin_system:Skipping extension 'colcon_notification.desktop_notification.terminal_notifier': Not used on non-Darwin systems
[3.990s] INFO:colcon.colcon_core.plugin_system:Skipping extension 'colcon_notification.desktop_notification.win32': Not used on non-Windows systems
[3.990s] INFO:colcon.colcon_notification.desktop_notification:Sending desktop notification using 'notify2'
[4.102s] DEBUG:colcon.colcon_core.event_reactor:joined thread
[4.103s] INFO:colcon.colcon_core.shell:Creating prefix script '/home/ys/ys_ws/install/local_setup.ps1'
[4.105s] INFO:colcon.colcon_core.shell:Creating prefix util module '/home/ys/ys_ws/install/_local_setup_util_ps1.py'
[4.107s] INFO:colcon.colcon_core.shell:Creating prefix chain script '/home/ys/ys_ws/install/setup.ps1'
[4.110s] INFO:colcon.colcon_core.shell:Creating prefix script '/home/ys/ys_ws/install/local_setup.sh'
[4.114s] INFO:colcon.colcon_core.shell:Creating prefix util module '/home/ys/ys_ws/install/_local_setup_util_sh.py'
[4.115s] INFO:colcon.colcon_core.shell:Creating prefix chain script '/home/ys/ys_ws/install/setup.sh'
[4.121s] INFO:colcon.colcon_core.shell:Creating prefix script '/home/ys/ys_ws/install/local_setup.bash'
[4.123s] INFO:colcon.colcon_core.shell:Creating prefix chain script '/home/ys/ys_ws/install/setup.bash'
[4.131s] INFO:colcon.colcon_core.shell:Creating prefix script '/home/ys/ys_ws/install/local_setup.zsh'
[4.133s] INFO:colcon.colcon_core.shell:Creating prefix chain script '/home/ys/ys_ws/install/setup.zsh'
