running develop
running egg_info
creating robot_service.egg-info
writing robot_service.egg-info/PKG-INFO
writing dependency_links to robot_service.egg-info/dependency_links.txt
writing entry points to robot_service.egg-info/entry_points.txt
writing requirements to robot_service.egg-info/requires.txt
writing top-level names to robot_service.egg-info/top_level.txt
writing manifest file 'robot_service.egg-info/SOURCES.txt'
reading manifest file 'robot_service.egg-info/SOURCES.txt'
writing manifest file 'robot_service.egg-info/SOURCES.txt'
running build_ext
Creating /home/ys/ys_ws/install/robot_service/lib/python3.8/site-packages/site.py
Creating /home/ys/ys_ws/install/robot_service/lib/python3.8/site-packages/robot-service.egg-link (link to .)

Installed /home/ys/ys_ws/build/robot_service
running install_data
creating /home/ys/ys_ws/install/robot_service/share/ament_index
creating /home/ys/ys_ws/install/robot_service/share/ament_index/resource_index
creating /home/ys/ys_ws/install/robot_service/share/ament_index/resource_index/packages
copying resource/robot_service -> /home/ys/ys_ws/install/robot_service/share/ament_index/resource_index/packages
copying package.xml -> /home/ys/ys_ws/install/robot_service/share/robot_service
