[1.077s] Invoking command in '/home/ys/ys_ws/build/robot_service': PYTHONPATH=/home/ys/ys_ws/install/robot_service/lib/python3.8/site-packages:${PYTHONPATH} /usr/bin/python3 setup.py develop --prefix /home/ys/ys_ws/install/robot_service --editable --build-directory /home/ys/ys_ws/build/robot_service/build --no-deps install_data --install-dir /home/ys/ys_ws/install/robot_service
[1.394s] running develop
[1.558s] running egg_info
[1.558s] creating robot_service.egg-info
[1.559s] writing robot_service.egg-info/PKG-INFO
[1.559s] writing dependency_links to robot_service.egg-info/dependency_links.txt
[1.560s] writing entry points to robot_service.egg-info/entry_points.txt
[1.560s] writing requirements to robot_service.egg-info/requires.txt
[1.560s] writing top-level names to robot_service.egg-info/top_level.txt
[1.562s] writing manifest file 'robot_service.egg-info/SOURCES.txt'
[1.592s] reading manifest file 'robot_service.egg-info/SOURCES.txt'
[1.593s] writing manifest file 'robot_service.egg-info/SOURCES.txt'
[1.646s] running build_ext
[1.647s] Creating /home/ys/ys_ws/install/robot_service/lib/python3.8/site-packages/site.py
[1.651s] Creating /home/ys/ys_ws/install/robot_service/lib/python3.8/site-packages/robot-service.egg-link (link to .)
[1.653s] 
[1.653s] Installed /home/ys/ys_ws/build/robot_service
[1.653s] running install_data
[1.654s] creating /home/ys/ys_ws/install/robot_service/share/ament_index
[1.654s] creating /home/ys/ys_ws/install/robot_service/share/ament_index/resource_index
[1.655s] creating /home/ys/ys_ws/install/robot_service/share/ament_index/resource_index/packages
[1.655s] copying resource/robot_service -> /home/ys/ys_ws/install/robot_service/share/ament_index/resource_index/packages
[1.655s] copying package.xml -> /home/ys/ys_ws/install/robot_service/share/robot_service
[1.720s] Invoked command in '/home/ys/ys_ws/build/robot_service' returned '0': PYTHONPATH=/home/ys/ys_ws/install/robot_service/lib/python3.8/site-packages:${PYTHONPATH} /usr/bin/python3 setup.py develop --prefix /home/ys/ys_ws/install/robot_service --editable --build-directory /home/ys/ys_ws/build/robot_service/build --no-deps install_data --install-dir /home/ys/ys_ws/install/robot_service
